  Creating makefile for BlankProgram (no existing makefile)
  Performing full C++ include scan (no include cache file)
  Performing 16 actions (4 in parallel)
  [3/16] Resource PCLaunch.rc
  SharedPCH.Core.cpp
  PCH.Core.cpp
  Module.BlankProgram.cpp
  Module.Core.2_of_9.cpp
  Module.Core.3_of_9.cpp
  Module.Core.1_of_9.cpp
  Module.Core.4_of_9.cpp
  Module.Core.5_of_9.cpp
  Module.Core.6_of_9.cpp
  Module.Core.7_of_9.cpp
  Module.Core.8_of_9.cpp
  Module.Core.9_of_9.cpp
  Module.Json.cpp
  Module.Projects.cpp
  [16/16] Link BlankProgram.exe
  Deploying BlankProgram Win64 Development...
  Total build time: 139.32 seconds (Local executor: 84.17 seconds)
