  Creating makefile for BuildPatchTool (no existing makefile)
  Performing full C++ include scan (no include cache file)
  Building UnrealHeaderTool...
  Target is up to date
  Total build time: 0.42 seconds (NoActionsToExecute executor: 0.01 seconds)
  Parsing headers for BuildPatchTool
    Running UnrealHeaderTool BuildPatchTool "E:\UnrealEngine\Engine\Intermediate\Build\Win64\BuildPatchTool\Development\BuildPatchTool.uhtmanifest" -LogCmds="loginit warning, logexit warning, logdatabase error" -Unattended -WarningsAsErrors -NoEnginePlugins
  Reflection code generated for BuildPatchTool in 1.4800475 seconds
  Performing 37 actions (4 in parallel)
  SharedPCH.Core.cpp
  PCH.Core.cpp
  PCH.CoreUObject.cpp
  SharedPCH.CoreUObject.cpp
  Module.Core.1_of_9.cpp
  Module.StreamingFile.cpp
  Module.DerivedDataCache.cpp
  Module.NetworkFile.cpp
  Module.Sockets.cpp
  Module.SandboxFile.cpp
  Module.PakFile.cpp
  Module.BuildPatchServices.gen.cpp
  Module.BuildPatchServices.cpp
  Module.CoreUObject.gen.cpp
  Module.CoreUObject.6_of_6.cpp
  Module.CoreUObject.5_of_6.cpp
  Module.CoreUObject.4_of_6.cpp
  Module.CoreUObject.3_of_6.cpp
  Module.CoreUObject.2_of_6.cpp
  Module.CoreUObject.1_of_6.cpp
  Module.Core.8_of_9.cpp
  Module.Projects.cpp
  Module.AnalyticsET.cpp
  Module.Json.cpp
  Module.HTTP.cpp
  Module.SSL.cpp
  Module.Analytics.cpp
  Module.Core.9_of_9.cpp
  Module.BuildPatchTool.cpp
  Module.Core.7_of_9.cpp
  Module.Core.6_of_9.cpp
  Module.Core.5_of_9.cpp
  Module.Core.4_of_9.cpp
  Module.Core.3_of_9.cpp
  Module.Core.2_of_9.cpp
  [36/37] Resource PCLaunch.rc
  [37/37] Link BuildPatchTool-Win64-Development.exe
  Deploying BuildPatchTool Win64 Development...
  Total build time: 162.47 seconds (Local executor: 153.40 seconds)
