  Creating makefile for ShaderCacheTool (no existing makefile)
  Performing full C++ include scan (no include cache file)
  Performing 19 actions (4 in parallel)
  [3/19] Resource PCLaunch.rc
  PCH.Core.cpp
  SharedPCH.Core.cpp
  Module.ShaderCore.cpp
  Module.RenderCore.cpp
  Module.RHI.cpp
  Module.Projects.cpp
  Module.Json.cpp
  Module.Core.9_of_9.cpp
  Module.Core.8_of_9.cpp
  Module.Core.7_of_9.cpp
  Module.Core.5_of_9.cpp
  Module.Core.6_of_9.cpp
  Module.Core.4_of_9.cpp
  Module.Core.3_of_9.cpp
  Module.Core.2_of_9.cpp
  Module.Core.1_of_9.cpp
  Module.ShaderCacheTool.cpp
  [19/19] Link ShaderCacheTool.exe
  Deploying ShaderCacheTool Win64 Development...
  Total build time: 101.06 seconds (Local executor: 87.32 seconds)
