  Creating makefile for SymbolDebugger (no existing makefile)
  Performing full C++ include scan (no include cache file)
  Building UnrealHeaderTool...
  Target is up to date
  Total build time: 0.48 seconds (NoActionsToExecute executor: 0.00 seconds)
  Parsing headers for SymbolDebugger
    Running UnrealHeaderTool SymbolDebugger "E:\UnrealEngine\Engine\Intermediate\Build\Win64\SymbolDebugger\Development\SymbolDebugger.uhtmanifest" -LogCmds="loginit warning, logexit warning, logdatabase error" -Unattended -WarningsAsErrors -NoEnginePlugins
  Reflection code generated for SymbolDebugger in 1.716874 seconds
  Performing 48 actions (4 in parallel)
  SharedPCH.CoreUObject.cpp
  PCH.Core.cpp
  PCH.CoreUObject.cpp
  SharedPCH.Slate.cpp
  SharedPCH.Core.cpp
  SharedPCH.Slate.NonOptimized.cpp
  PCH.ImageWrapper.cpp
  Module.InputCore.cpp
  Module.InputCore.gen.cpp
  Module.SlateCore.cpp
  Module.SlateCore.gen.cpp
  Module.ImageWrapper.cpp
  Module.Slate.1_of_5.cpp
  Module.Slate.3_of_5.cpp
  Module.Slate.4_of_5.cpp
  Module.Slate.5_of_5.cpp
  Module.Slate.gen.cpp
  Module.DesktopPlatform.cpp
  Module.StandaloneRenderer.cpp
  Module.SourceControl.cpp
  Module.SourceControl.gen.cpp
  Module.CrashDebugHelper.cpp
  Module.PerforceSourceControl.cpp
  Module.Slate.2_of_5.cpp
  Module.CoreUObject.gen.cpp
  Module.CoreUObject.4_of_6.cpp
  Module.CoreUObject.5_of_6.cpp
  Module.SymbolDebugger.cpp
  Module.EditorStyle.cpp
  Module.EditorStyle.gen.cpp
  Module.Core.1_of_9.cpp
  Module.Core.2_of_9.cpp
  Module.Core.3_of_9.cpp
  Module.Core.4_of_9.cpp
  Module.Core.5_of_9.cpp
  Module.CoreUObject.6_of_6.cpp
  Module.Core.6_of_9.cpp
  Module.Core.8_of_9.cpp
  Module.Core.9_of_9.cpp
  Module.Json.cpp
  Module.Projects.cpp
  Module.CoreUObject.1_of_6.cpp
  Module.CoreUObject.2_of_6.cpp
  Module.CoreUObject.3_of_6.cpp
  Module.MessageLog.cpp
  Module.Core.7_of_9.cpp
  [47/48] Resource PCLaunch.rc
  [48/48] Link SymbolDebugger.exe
  Deploying SymbolDebugger Win64 Development...
  Total build time: 277.94 seconds (Local executor: 262.75 seconds)
