  Performing full C++ include scan (building a new target)
  Creating makefile for UE4Editor (no existing makefile)
  Building UnrealHeaderTool...
  Target is up to date
  Total build time: 0.23 seconds (NoActionsToExecute executor: 0.00 seconds)
  Parsing headers for UE4Editor
    Running UnrealHeaderTool UE4Editor "E:\UnrealEngine\Engine\Intermediate\Build\Win64\UE4Editor\Development\UE4Editor.uhtmanifest" -LogCmds="loginit warning, logexit warning, logdatabase error" -Unattended -WarningsAsErrors
  Reflection code generated for UE4Editor in 67.6638229 seconds
  Performing 462 actions (4 in parallel)
  Module.AnalyticsVisualEditing.cpp
  Module.AnalyticsVisualEditing.gen.cpp
  Module.LiveLinkInterface.gen.cpp
  SharedPCH.UnrealEd.NonOptimized.cpp
  Module.LiveLinkInterface.cpp
  Module.Tango.cpp
  Module.Tango.gen.cpp
  [8/462] Link UE4Editor-AnalyticsVisualEditing.lib
  Module.EcefTools.cpp
    正在创建库 E:\UnrealEngine\Engine\Intermediate\Build\Win64\UE4Editor\Development\UE4Editor-AnalyticsVisualEditing.lib 和对象 E:\UnrealEngine\Engine\Intermediate\Build\Win64\UE4Editor\Development\UE4Editor-AnalyticsVisualEditing.exp
  Module.EcefTools.gen.cpp
  Module.Composure.cpp
  Module.Composure.gen.cpp
  Module.GoogleVRHMD.cpp
  Module.CEF3Utils.cpp
  Module.Icmp.cpp
  Module.StandaloneRenderer.cpp
  Module.HTNPlanner.cpp
  Module.LiveLinkMessageBusFramework.gen.cpp
  Module.LiveLinkMessageBusFramework.cpp
  Module.GoogleVRHMD.gen.cpp
  Module.HTNPlanner.gen.cpp
  Module.GameplayAbilities.3_of_3.cpp
  Module.GameplayAbilities.2_of_3.cpp
  Module.GameplayAbilities.1_of_3.cpp
  Module.NetcodeUnitTest.gen.cpp
  Module.TangoRenderer.cpp
  Module.AppleARKit.cpp
  Module.AppleARKit.gen.cpp
  Module.ControlRig.cpp
  Module.ImagePlate.cpp
  Module.ImagePlate.gen.cpp
  Module.OSVR.cpp
  Module.GameplayAbilities.gen.5_of_5.cpp
  Module.GameplayAbilities.gen.4_of_5.cpp
  Module.GameplayAbilities.gen.3_of_5.cpp
  Module.GameplayAbilities.gen.2_of_5.cpp
  Module.GameplayAbilities.gen.1_of_5.cpp
  Module.NetcodeUnitTest.cpp
  Module.ControlRig.gen.cpp
  Module.SoundMod.cpp
  Module.SoundMod.gen.cpp
  Module.SoundUtilities.cpp
  Module.SoundUtilities.gen.cpp
  Module.WebBrowser.cpp
  Module.WebSockets.cpp
  Module.ScriptPlugin.gen.cpp
  Module.ScriptPlugin.cpp
  Module.Synthesis.gen.cpp
  Module.Synthesis.cpp
  Module.SteamAudio.gen.cpp
  Module.SteamAudio.cpp
  Module.WebBrowser.gen.cpp
  [53/462] Link UE4Editor-EcefTools.lib
    正在创建库 E:\UnrealEngine\Engine\Plugins\Runtime\GoogleTango\Intermediate\Build\Win64\UE4Editor\Development\UE4Editor-EcefTools.lib 和对象 E:\UnrealEngine\Engine\Plugins\Runtime\GoogleTango\Intermediate\Build\Win64\UE4Editor\Development\UE4Editor-EcefTools.exp
  [54/462] Link UE4Editor-Tango.lib
    正在创建库 E:\UnrealEngine\Engine\Plugins\Runtime\GoogleTango\Intermediate\Build\Win64\UE4Editor\Development\UE4Editor-Tango.lib 和对象 E:\UnrealEngine\Engine\Plugins\Runtime\GoogleTango\Intermediate\Build\Win64\UE4Editor\Development\UE4Editor-Tango.exp
  [55/462] Link UE4Editor-LiveLinkInterface.lib
    正在创建库 E:\UnrealEngine\Engine\Intermediate\Build\Win64\UE4Editor\Development\UE4Editor-LiveLinkInterface.lib 和对象 E:\UnrealEngine\Engine\Intermediate\Build\Win64\UE4Editor\Development\UE4Editor-LiveLinkInterface.exp
  Module.OnlineSubsystemSteam.gen.cpp
  Module.OnlineSubsystemTwitch.cpp
  Module.OnlineSubsystemOculus.gen.cpp
  Module.OnlineSubsystemOculus.cpp
  Module.NUTUnrealEngine4.cpp
  Module.OnlineSubsystemSteam.cpp
  Module.StructBox.cpp
  Module.AdjustEditor.gen.cpp
  Module.StructBox.gen.cpp
  Module.AdjustEditor.cpp
  Module.MfMediaEditor.cpp
  Module.MfMediaEditor.gen.cpp
  Module.MfMediaFactory.cpp
  Module.MessagingDebugger.cpp
  Module.ActorSequenceEditor.cpp
  Module.PerformanceMonitor.cpp
  Module.Hotfix.cpp
  Module.Party.gen.cpp
  Module.Lobby.cpp
  Module.Lobby.gen.cpp
  Module.Hotfix.gen.cpp
  Module.Party.cpp
  Module.OnlineSubsystemGoogle.cpp
  Module.GameCircleRuntimeSettings.cpp
  Module.GameCircleRuntimeSettings.gen.cpp
  Module.NUTUnrealEngine4.gen.cpp
  Module.OnlineSubsystemFacebook.cpp
  Module.Rejoin.gen.cpp
  Module.Rejoin.cpp
  Module.Qos.cpp
  Module.Qos.gen.cpp
  Module.OnlineSubsystemAmazon.cpp
  Module.StereoPanorama.cpp
  Module.ComposureEditor.cpp
  Module.LensDistortion.gen.cpp
  Module.BlankPlugin.cpp
  Module.OneSkyLocalizationService.cpp
  Module.OneSkyLocalizationService.gen.cpp
  Module.LensDistortion.cpp
  Module.StereoPanorama.gen.cpp
  Module.SoundUtilitiesEditor.gen.cpp
  Module.RenderDocPlugin.cpp
  Module.ControlRigEditor.cpp
  Module.ControlRigEditor.gen.cpp
  Module.ImagePlateEditor.cpp
  Module.ImagePlateEditor.gen.cpp
  Module.LiveLink.gen.cpp
  Module.OSVRInput.cpp
  Module.RawInput.cpp
  Module.RawInput.gen.cpp
  Module.SimpleHMD.cpp
  Module.LiveLink.cpp
  Module.CodeView.cpp
  Module.RenderDocPlugin.gen.cpp
  Module.EpicSurvey.cpp
  Module.USDImporter.cpp
  Module.USDImporter.gen.cpp
  Module.AppleARKitEditor.cpp
  Module.AppleARKitEditor.gen.cpp
  Module.BlueprintStats.cpp
  Module.CodeEditor.cpp
  Module.CodeEditor.gen.cpp
  Module.MixedRealityFramework.cpp
  Module.OodleHandlerComponent.gen.cpp
  GoogleVRControllerEventManager.cpp
  Module.OodleHandlerComponent.cpp
  Module.AnalyticsSwrve.cpp
  Module.OptionalMobileFeaturesBPLibrary.gen.cpp
  Module.OptionalMobileFeaturesBPLibrary.cpp
  GoogleVRController.cpp
  Module.OculusAudio.cpp
  GoogleVRComponentPointerResponder.cpp
  Module.TextureFormatAndroid.cpp
  Module.Ansel.cpp
  Module.SlateFileDialogs.cpp
  Module.MixedRealityFramework.gen.cpp
  GoogleVRControllerFunctionLibrary.cpp
  Module.QoSReporter.cpp
  GoogleVRControllerTooltipComponent.cpp
  Module.IPC.cpp
  Module.UE4Game.cpp
  Module.GameMenuBuilder.gen.cpp
  GoogleVRWidgetInteractionComponent.gen.cpp
  GoogleVRLaserPlaneComponent.cpp
  Module.FriendsAndChat.gen.cpp
  GoogleVRGazeReticleComponent.cpp
  Module.SoundModImporter.gen.cpp
  Module.FriendsAndChat.cpp
  Module.SignificanceManager.gen.cpp
  Module.SignificanceManager.cpp
  Module.GameMenuBuilder.cpp
  GoogleVRControllerFunctionLibrary.gen.cpp
  GoogleVRActorPointerResponder.cpp
  Module.LocationServicesAndroidEditor.gen.cpp
  Module.LocationServicesAndroidEditor.cpp
  Module.LeapMotion.gen.cpp
  Module.LeapMotion.cpp
  Module.HTTPChunkInstaller.cpp
  Module.GoogleVRTransition2D.gen.cpp
  Module.TangoAreaLearning.gen.cpp
  Module.TangoAreaLearning.cpp
  Module.HTNTestSuite.gen.cpp
  Module.HTNTestSuite.cpp
  Module.GameplayAbilitiesEditor.gen.cpp
  Module.LocationServicesIOSEditor.cpp
  Module.SlackIntegrations.cpp
  Module.GameplayAbilitiesEditor.cpp
  Module.MeshReconstructionEditor.gen.cpp
  Module.CrashDebugHelper.cpp
  Module.MeshReconstructionEditor.cpp
  Module.MIDIDevice.gen.cpp
  Module.MIDIDevice.cpp
  Module.GoogleVRTransition2D.cpp
  Module.AutomationDriver.cpp
  Module.DummyMeshReconstructor.gen.cpp
  Module.DummyMeshReconstructor.cpp
  Module.LocationServicesIOSEditor.gen.cpp
  GoogleVRPointerInputComponent.gen.cpp
  Module.SoundModImporter.cpp
  Module.SteamController.cpp
  Module.FileLogging.cpp
  Module.SlateRemote.gen.cpp
  Module.Stomp.cpp
  GoogleVRControllerTooltipComponent.gen.cpp
  Module.EditorTests.cpp
  Module.AnalyticsMulticast.cpp
  Module.SlateRemote.cpp
  gvr_arm_model.cpp
  GoogleVRPointer.gen.cpp
  Module.FlurryEditor.cpp
  Module.FbxAutomationTestBuilder.cpp
  Module.SoundUtilitiesEditor.cpp
  Module.EditorTests.gen.cpp
  GoogleVRActorPointerResponder.gen.cpp
  Module.ScriptEditorPlugin.gen.cpp
  Module.AnalyticsMulticastEditor.gen.cpp
  Module.WindowsDeviceProfileSelector.cpp
  Module.AnalyticsMulticastEditor.cpp
  GoogleVRGazeReticleComponent.gen.cpp
  GoogleVRLaserPlaneComponent.gen.cpp
  gvr_arm_model_math.cpp
  Module.SteamAudioEditor.cpp
  GoogleVRMotionControllerComponent.gen.cpp
  Module.XMPP.cpp
  Module.ScriptEditorPlugin.cpp
  Module.ApsalarEditor.cpp
  Module.ApsalarEditor.gen.cpp
  Module.SteamAudioEditor.gen.cpp
  Module.ScreenshotTools.cpp
  GoogleVRComponentPointerResponder.gen.cpp
  Module.AnalyticsBlueprintLibrary.gen.cpp
  GoogleVRPointer.cpp
  GoogleVRPointerInputComponent.cpp
  Module.SynthesisEditor.cpp
  Module.RuntimeAssetCache.cpp
  Module.FunctionalTestingEditor.gen.cpp
  Module.FunctionalTestingEditor.cpp
  Module.SynthesisEditor.gen.cpp
  Module.SoundVisualizations.gen.cpp
  Module.AnalyticsBlueprintLibrary.cpp
  Module.WebBrowserWidget.cpp
  Module.RuntimeTests.cpp
  Module.RuntimeAssetCache.gen.cpp
  Module.InMemoryNetworkReplayStreaming.cpp
  GoogleVRControllerEventManager.gen.cpp
  Module.FlurryEditor.gen.cpp
  Module.LauncherCheck.cpp
  GoogleVRWidgetInteractionComponent.cpp
  GoogleVRController.init.gen.cpp
  GoogleVRMotionControllerComponent.cpp
  Module.ImageDownload.cpp
  Module.WebBrowserWidget.gen.cpp
  [229/462] Link UE4Editor-GameplayAbilities.lib
  Module.SoundVisualizations.cpp
  [230/462] Link UE4Editor-ControlRig.lib
  [231/462] Link UE4Editor-Synthesis.lib
  [232/462] Link UE4Editor-WebBrowser.lib
    正在创建库 E:\UnrealEngine\Engine\Plugins\Experimental\ControlRig\Intermediate\Build\Win64\UE4Editor\Development\UE4Editor-ControlRig.lib 和对象 E:\UnrealEngine\Engine\Plugins\Experimental\ControlRig\Intermediate\Build\Win64\UE4Editor\Development\UE4Editor-ControlRig.exp
    正在创建库 E:\UnrealEngine\Engine\Plugins\Runtime\Synthesis\Intermediate\Build\Win64\UE4Editor\Development\UE4Editor-Synthesis.lib 和对象 E:\UnrealEngine\Engine\Plugins\Runtime\Synthesis\Intermediate\Build\Win64\UE4Editor\Development\UE4Editor-Synthesis.exp
  [233/462] Link UE4Editor-ImagePlate.lib
  [234/462] Link UE4Editor-SoundUtilities.lib
    正在创建库 E:\UnrealEngine\Engine\Intermediate\Build\Win64\UE4Editor\Development\UE4Editor-WebBrowser.lib 和对象 E:\UnrealEngine\Engine\Intermediate\Build\Win64\UE4Editor\Development\UE4Editor-WebBrowser.exp
    正在创建库 E:\UnrealEngine\Engine\Plugins\Experimental\ImagePlate\Intermediate\Build\Win64\UE4Editor\Development\UE4Editor-ImagePlate.lib 和对象 E:\UnrealEngine\Engine\Plugins\Experimental\ImagePlate\Intermediate\Build\Win64\UE4Editor\Development\UE4Editor-ImagePlate.exp
    正在创建库 E:\UnrealEngine\Engine\Plugins\Runtime\SoundUtilities\Intermediate\Build\Win64\UE4Editor\Development\UE4Editor-SoundUtilities.lib 和对象 E:\UnrealEngine\Engine\Plugins\Runtime\SoundUtilities\Intermediate\Build\Win64\UE4Editor\Development\UE4Editor-SoundUtilities.exp
  [235/462] Link UE4Editor-NetcodeUnitTest.lib
  [236/462] Link UE4Editor-HTNPlanner.lib
  [237/462] Link UE4Editor-AppleARKit.lib
    正在创建库 E:\UnrealEngine\Engine\Plugins\Runtime\HTNPlanner\Intermediate\Build\Win64\UE4Editor\Development\UE4Editor-HTNPlanner.lib 和对象 E:\UnrealEngine\Engine\Plugins\Runtime\HTNPlanner\Intermediate\Build\Win64\UE4Editor\Development\UE4Editor-HTNPlanner.exp
  [238/462] Link UE4Editor-GoogleVRHMD.lib
    正在创建库 E:\UnrealEngine\Engine\Plugins\NetcodeUnitTest\NetcodeUnitTest\Intermediate\Build\Win64\UE4Editor\Development\UE4Editor-NetcodeUnitTest.lib 和对象 E:\UnrealEngine\Engine\Plugins\NetcodeUnitTest\NetcodeUnitTest\Intermediate\Build\Win64\UE4Editor\Development\UE4Editor-NetcodeUnitTest.exp
    正在创建库 E:\UnrealEngine\Engine\Plugins\Experimental\AppleARKit\Intermediate\Build\Win64\UE4Editor\Development\UE4Editor-AppleARKit.lib 和对象 E:\UnrealEngine\Engine\Plugins\Experimental\AppleARKit\Intermediate\Build\Win64\UE4Editor\Development\UE4Editor-AppleARKit.exp
  [239/462] Link UE4Editor-LiveLinkMessageBusFramework.lib
  [240/462] Link UE4Editor-SoundMod.lib
    正在创建库 E:\UnrealEngine\Engine\Plugins\Runtime\GameplayAbilities\Intermediate\Build\Win64\UE4Editor\Development\UE4Editor-GameplayAbilities.lib 和对象 E:\UnrealEngine\Engine\Plugins\Runtime\GameplayAbilities\Intermediate\Build\Win64\UE4Editor\Development\UE4Editor-GameplayAbilities.exp
  [241/462] Link UE4Editor-Composure.lib
    正在创建库 E:\UnrealEngine\Engine\Plugins\Runtime\GoogleVR\GoogleVRHMD\Intermediate\Build\Win64\UE4Editor\Development\UE4Editor-GoogleVRHMD.lib 和对象 E:\UnrealEngine\Engine\Plugins\Runtime\GoogleVR\GoogleVRHMD\Intermediate\Build\Win64\UE4Editor\Development\UE4Editor-GoogleVRHMD.exp
  [242/462] Link UE4Editor-SteamAudio.lib
    正在创建库 E:\UnrealEngine\Engine\Plugins\Runtime\SoundMod\Intermediate\Build\Win64\UE4Editor\Development\UE4Editor-SoundMod.lib 和对象 E:\UnrealEngine\Engine\Plugins\Runtime\SoundMod\Intermediate\Build\Win64\UE4Editor\Development\UE4Editor-SoundMod.exp
  [243/462] Link UE4Editor-ScriptPlugin.lib
    正在创建库 E:\UnrealEngine\Engine\Intermediate\Build\Win64\UE4Editor\Development\UE4Editor-LiveLinkMessageBusFramework.lib 和对象 E:\UnrealEngine\Engine\Intermediate\Build\Win64\UE4Editor\Development\UE4Editor-LiveLinkMessageBusFramework.exp
  [244/462] Link UE4Editor-Icmp.lib
    正在创建库 E:\UnrealEngine\Engine\Plugins\Compositing\Composure\Intermediate\Build\Win64\UE4Editor\Development\UE4Editor-Composure.lib 和对象 E:\UnrealEngine\Engine\Plugins\Compositing\Composure\Intermediate\Build\Win64\UE4Editor\Development\UE4Editor-Composure.exp
  [245/462] Link UE4Editor-TangoRenderer.lib
    正在创建库 E:\UnrealEngine\Engine\Plugins\Runtime\Steam\SteamAudio\Intermediate\Build\Win64\UE4Editor\Development\UE4Editor-SteamAudio.lib 和对象 E:\UnrealEngine\Engine\Plugins\Runtime\Steam\SteamAudio\Intermediate\Build\Win64\UE4Editor\Development\UE4Editor-SteamAudio.exp
  [246/462] Link UE4Editor-StandaloneRenderer.lib
    正在创建库 E:\UnrealEngine\Engine\Intermediate\Build\Win64\UE4Editor\Development\UE4Editor-Icmp.lib 和对象 E:\UnrealEngine\Engine\Intermediate\Build\Win64\UE4Editor\Development\UE4Editor-Icmp.exp
  [247/462] Link UE4Editor-CEF3Utils.lib
    正在创建库 E:\UnrealEngine\Engine\Plugins\ScriptPlugin\Intermediate\Build\Win64\UE4Editor\Development\UE4Editor-ScriptPlugin.lib 和对象 E:\UnrealEngine\Engine\Plugins\ScriptPlugin\Intermediate\Build\Win64\UE4Editor\Development\UE4Editor-ScriptPlugin.exp
    正在创建库 E:\UnrealEngine\Engine\Plugins\Runtime\GoogleTango\Intermediate\Build\Win64\UE4Editor\Development\UE4Editor-TangoRenderer.lib 和对象 E:\UnrealEngine\Engine\Plugins\Runtime\GoogleTango\Intermediate\Build\Win64\UE4Editor\Development\UE4Editor-TangoRenderer.exp
  [248/462] Link UE4Editor-WebSockets.lib
  [249/462] Link UE4Editor-OSVR.lib
    正在创建库 E:\UnrealEngine\Engine\Intermediate\Build\Win64\UE4Editor\Development\UE4Editor-StandaloneRenderer.lib 和对象 E:\UnrealEngine\Engine\Intermediate\Build\Win64\UE4Editor\Development\UE4Editor-StandaloneRenderer.exp
  [250/462] Link UE4Editor-GoogleVRController.dll
    正在创建库 E:\UnrealEngine\Engine\Intermediate\Build\Win64\UE4Editor\Development\UE4Editor-CEF3Utils.lib 和对象 E:\UnrealEngine\Engine\Intermediate\Build\Win64\UE4Editor\Development\UE4Editor-CEF3Utils.exp
  [251/462] Link UE4Editor-ControlRigEditor.dll
    正在创建库 E:\UnrealEngine\Engine\Intermediate\Build\Win64\UE4Editor\Development\UE4Editor-WebSockets.lib 和对象 E:\UnrealEngine\Engine\Intermediate\Build\Win64\UE4Editor\Development\UE4Editor-WebSockets.exp
  [252/462] Link UE4Editor-GameplayAbilitiesEditor.dll
    正在创建库 E:\UnrealEngine\Engine\Plugins\Experimental\OSVR\Intermediate\Build\Win64\UE4Editor\Development\UE4Editor-OSVR.lib 和对象 E:\UnrealEngine\Engine\Plugins\Experimental\OSVR\Intermediate\Build\Win64\UE4Editor\Development\UE4Editor-OSVR.exp
  [253/462] Link UE4Editor-EditorTests.dll
    正在创建库 E:\UnrealEngine\Engine\Plugins\Tests\EditorTests\Intermediate\Build\Win64\UE4Editor\Development\UE4Editor-EditorTests.suppressed.lib 和对象 E:\UnrealEngine\Engine\Plugins\Tests\EditorTests\Intermediate\Build\Win64\UE4Editor\Development\UE4Editor-EditorTests.suppressed.exp
    正在创建库 E:\UnrealEngine\Engine\Plugins\Experimental\ControlRig\Intermediate\Build\Win64\UE4Editor\Development\UE4Editor-ControlRigEditor.suppressed.lib 和对象 E:\UnrealEngine\Engine\Plugins\Experimental\ControlRig\Intermediate\Build\Win64\UE4Editor\Development\UE4Editor-ControlRigEditor.suppressed.exp
    正在创建库 E:\UnrealEngine\Engine\Plugins\Runtime\GameplayAbilities\Intermediate\Build\Win64\UE4Editor\Development\UE4Editor-GameplayAbilitiesEditor.suppressed.lib 和对象 E:\UnrealEngine\Engine\Plugins\Runtime\GameplayAbilities\Intermediate\Build\Win64\UE4Editor\Development\UE4Editor-GameplayAbilitiesEditor.suppressed.exp
    正在创建库 E:\UnrealEngine\Engine\Plugins\Runtime\GoogleVR\GoogleVRController\Intermediate\Build\Win64\UE4Editor\Development\UE4Editor-GoogleVRController.suppressed.lib 和对象 E:\UnrealEngine\Engine\Plugins\Runtime\GoogleVR\GoogleVRController\Intermediate\Build\Win64\UE4Editor\Development\UE4Editor-GoogleVRController.suppressed.exp
  [254/462] Link UE4Editor-SteamAudioEditor.dll
  [255/462] Link UE4Editor-SteamAudio.dll
  [256/462] Link UE4Editor-MeshReconstructionEditor.dll
  [257/462] Link UE4Editor-USDImporter.dll
    正在创建库 E:\UnrealEngine\Engine\Plugins\Runtime\Steam\SteamAudio\Intermediate\Build\Win64\UE4Editor\Development\UE4Editor-SteamAudioEditor.suppressed.lib 和对象 E:\UnrealEngine\Engine\Plugins\Runtime\Steam\SteamAudio\Intermediate\Build\Win64\UE4Editor\Development\UE4Editor-SteamAudioEditor.suppressed.exp
    正在创建库 E:\UnrealEngine\Engine\Plugins\Runtime\GoogleTango\Intermediate\Build\Win64\UE4Editor\Development\UE4Editor-MeshReconstructionEditor.suppressed.lib 和对象 E:\UnrealEngine\Engine\Plugins\Runtime\GoogleTango\Intermediate\Build\Win64\UE4Editor\Development\UE4Editor-MeshReconstructionEditor.suppressed.exp
  [258/462] Link UE4Editor-FunctionalTestingEditor.dll
    正在创建库 E:\UnrealEngine\Engine\Plugins\Runtime\Steam\SteamAudio\Intermediate\Build\Win64\UE4Editor\Development\UE4Editor-SteamAudio.suppressed.lib 和对象 E:\UnrealEngine\Engine\Plugins\Runtime\Steam\SteamAudio\Intermediate\Build\Win64\UE4Editor\Development\UE4Editor-SteamAudio.suppressed.exp
  [259/462] Link UE4Editor-OSVRInput.dll
  [260/462] Link UE4Editor-LiveLink.dll
    正在创建库 E:\UnrealEngine\Engine\Plugins\Editor\USDImporter\Intermediate\Build\Win64\UE4Editor\Development\UE4Editor-USDImporter.suppressed.lib 和对象 E:\UnrealEngine\Engine\Plugins\Editor\USDImporter\Intermediate\Build\Win64\UE4Editor\Development\UE4Editor-USDImporter.suppressed.exp
    正在创建库 E:\UnrealEngine\Engine\Plugins\Tests\FunctionalTestingEditor\Intermediate\Build\Win64\UE4Editor\Development\UE4Editor-FunctionalTestingEditor.suppressed.lib 和对象 E:\UnrealEngine\Engine\Plugins\Tests\FunctionalTestingEditor\Intermediate\Build\Win64\UE4Editor\Development\UE4Editor-FunctionalTestingEditor.suppressed.exp
  [261/462] Link UE4Editor-OSVR.dll
  [262/462] Link UE4Editor-GameplayAbilities.dll
    正在创建库 E:\UnrealEngine\Engine\Plugins\Experimental\OSVR\Intermediate\Build\Win64\UE4Editor\Development\UE4Editor-OSVRInput.suppressed.lib 和对象 E:\UnrealEngine\Engine\Plugins\Experimental\OSVR\Intermediate\Build\Win64\UE4Editor\Development\UE4Editor-OSVRInput.suppressed.exp
    正在创建库 E:\UnrealEngine\Engine\Plugins\Experimental\OSVR\Intermediate\Build\Win64\UE4Editor\Development\UE4Editor-OSVR.suppressed.lib 和对象 E:\UnrealEngine\Engine\Plugins\Experimental\OSVR\Intermediate\Build\Win64\UE4Editor\Development\UE4Editor-OSVR.suppressed.exp
  [263/462] Link UE4Editor-RenderDocPlugin.dll
  [264/462] Link UE4Editor-StandaloneRenderer.dll
    正在创建库 E:\UnrealEngine\Engine\Plugins\Experimental\LiveLink\Intermediate\Build\Win64\UE4Editor\Development\UE4Editor-LiveLink.suppressed.lib 和对象 E:\UnrealEngine\Engine\Plugins\Experimental\LiveLink\Intermediate\Build\Win64\UE4Editor\Development\UE4Editor-LiveLink.suppressed.exp
  [265/462] Link UE4Editor-OneSkyLocalizationService.dll
    正在创建库 E:\UnrealEngine\Engine\Plugins\Developer\RenderDocPlugin\Intermediate\Build\Win64\UE4Editor\Development\UE4Editor-RenderDocPlugin.suppressed.lib 和对象 E:\UnrealEngine\Engine\Plugins\Developer\RenderDocPlugin\Intermediate\Build\Win64\UE4Editor\Development\UE4Editor-RenderDocPlugin.suppressed.exp
  [266/462] Link UE4Editor-ImagePlateEditor.dll
    正在创建库 E:\UnrealEngine\Engine\Intermediate\Build\Win64\UE4Editor\Development\UE4Editor-StandaloneRenderer.suppressed.lib 和对象 E:\UnrealEngine\Engine\Intermediate\Build\Win64\UE4Editor\Development\UE4Editor-StandaloneRenderer.suppressed.exp
  [267/462] Link UE4Editor-ComposureEditor.dll
    正在创建库 E:\UnrealEngine\Engine\Plugins\Experimental\ImagePlate\Intermediate\Build\Win64\UE4Editor\Development\UE4Editor-ImagePlateEditor.suppressed.lib 和对象 E:\UnrealEngine\Engine\Plugins\Experimental\ImagePlate\Intermediate\Build\Win64\UE4Editor\Development\UE4Editor-ImagePlateEditor.suppressed.exp
    正在创建库 E:\UnrealEngine\Engine\Plugins\Developer\OneSkyLocalizationService\Intermediate\Build\Win64\UE4Editor\Development\UE4Editor-OneSkyLocalizationService.suppressed.lib 和对象 E:\UnrealEngine\Engine\Plugins\Developer\OneSkyLocalizationService\Intermediate\Build\Win64\UE4Editor\Development\UE4Editor-OneSkyLocalizationService.suppressed.exp
  [268/462] Link UE4Editor-EpicSurvey.dll
  [269/462] Link UE4Editor-AnalyticsMulticastEditor.dll
    正在创建库 E:\UnrealEngine\Engine\Plugins\Runtime\Analytics\AnalyticsMulticast\Intermediate\Build\Win64\UE4Editor\Development\UE4Editor-AnalyticsMulticastEditor.suppressed.lib 和对象 E:\UnrealEngine\Engine\Plugins\Runtime\Analytics\AnalyticsMulticast\Intermediate\Build\Win64\UE4Editor\Development\UE4Editor-AnalyticsMulticastEditor.suppressed.exp
    正在创建库 E:\UnrealEngine\Engine\Plugins\Compositing\Composure\Intermediate\Build\Win64\UE4Editor\Development\UE4Editor-ComposureEditor.suppressed.lib 和对象 E:\UnrealEngine\Engine\Plugins\Compositing\Composure\Intermediate\Build\Win64\UE4Editor\Development\UE4Editor-ComposureEditor.suppressed.exp
    正在创建库 E:\UnrealEngine\Engine\Plugins\Editor\EpicSurvey\Intermediate\Build\Win64\UE4Editor\Development\UE4Editor-EpicSurvey.suppressed.lib 和对象 E:\UnrealEngine\Engine\Plugins\Editor\EpicSurvey\Intermediate\Build\Win64\UE4Editor\Development\UE4Editor-EpicSurvey.suppressed.exp
  [270/462] Link UE4Editor-ActorSequenceEditor.dll
  [271/462] Link UE4Editor-CodeEditor.dll
  [272/462] Link UE4Editor-ControlRig.dll
    正在创建库 E:\UnrealEngine\Engine\Plugins\Experimental\ControlRig\Intermediate\Build\Win64\UE4Editor\Development\UE4Editor-ControlRig.suppressed.lib 和对象 E:\UnrealEngine\Engine\Plugins\Experimental\ControlRig\Intermediate\Build\Win64\UE4Editor\Development\UE4Editor-ControlRig.suppressed.exp
    正在创建库 E:\UnrealEngine\Engine\Plugins\Runtime\GameplayAbilities\Intermediate\Build\Win64\UE4Editor\Development\UE4Editor-GameplayAbilities.suppressed.lib 和对象 E:\UnrealEngine\Engine\Plugins\Runtime\GameplayAbilities\Intermediate\Build\Win64\UE4Editor\Development\UE4Editor-GameplayAbilities.suppressed.exp
    正在创建库 E:\UnrealEngine\Engine\Plugins\Experimental\CodeEditor\Intermediate\Build\Win64\UE4Editor\Development\UE4Editor-CodeEditor.suppressed.lib 和对象 E:\UnrealEngine\Engine\Plugins\Experimental\CodeEditor\Intermediate\Build\Win64\UE4Editor\Development\UE4Editor-CodeEditor.suppressed.exp
    正在创建库 E:\UnrealEngine\Engine\Plugins\MovieScene\ActorSequenceEditor\Intermediate\Build\Win64\UE4Editor\Development\UE4Editor-ActorSequenceEditor.suppressed.lib 和对象 E:\UnrealEngine\Engine\Plugins\MovieScene\ActorSequenceEditor\Intermediate\Build\Win64\UE4Editor\Development\UE4Editor-ActorSequenceEditor.suppressed.exp
  [273/462] Link UE4Editor-Tango.dll
  [274/462] Link UE4Editor-NetcodeUnitTest.dll
  [275/462] Link UE4Editor-GoogleVRHMD.dll
    正在创建库 E:\UnrealEngine\Engine\Plugins\Runtime\GoogleVR\GoogleVRHMD\Intermediate\Build\Win64\UE4Editor\Development\UE4Editor-GoogleVRHMD.suppressed.lib 和对象 E:\UnrealEngine\Engine\Plugins\Runtime\GoogleVR\GoogleVRHMD\Intermediate\Build\Win64\UE4Editor\Development\UE4Editor-GoogleVRHMD.suppressed.exp
    正在创建库 E:\UnrealEngine\Engine\Plugins\Runtime\GoogleTango\Intermediate\Build\Win64\UE4Editor\Development\UE4Editor-Tango.suppressed.lib 和对象 E:\UnrealEngine\Engine\Plugins\Runtime\GoogleTango\Intermediate\Build\Win64\UE4Editor\Development\UE4Editor-Tango.suppressed.exp
  [276/462] Link UE4Editor-ScriptEditorPlugin.dll
  [277/462] Link UE4Editor-SoundUtilitiesEditor.dll
  [278/462] Link UE4Editor-LeapMotion.dll
    正在创建库 E:\UnrealEngine\Engine\Plugins\ScriptPlugin\Intermediate\Build\Win64\UE4Editor\Development\UE4Editor-ScriptEditorPlugin.suppressed.lib 和对象 E:\UnrealEngine\Engine\Plugins\ScriptPlugin\Intermediate\Build\Win64\UE4Editor\Development\UE4Editor-ScriptEditorPlugin.suppressed.exp
    正在创建库 E:\UnrealEngine\Engine\Plugins\Runtime\SoundUtilities\Intermediate\Build\Win64\UE4Editor\Development\UE4Editor-SoundUtilitiesEditor.suppressed.lib 和对象 E:\UnrealEngine\Engine\Plugins\Runtime\SoundUtilities\Intermediate\Build\Win64\UE4Editor\Development\UE4Editor-SoundUtilitiesEditor.suppressed.exp
  [279/462] Link UE4Editor-CodeView.dll
  [280/462] Link UE4Editor-StereoPanorama.dll
    正在创建库 E:\UnrealEngine\Engine\Plugins\Runtime\LeapMotion\Intermediate\Build\Win64\UE4Editor\Development\UE4Editor-LeapMotion.suppressed.lib 和对象 E:\UnrealEngine\Engine\Plugins\Runtime\LeapMotion\Intermediate\Build\Win64\UE4Editor\Development\UE4Editor-LeapMotion.suppressed.exp
    正在创建库 E:\UnrealEngine\Engine\Plugins\Experimental\StereoPanorama\Intermediate\Build\Win64\UE4Editor\Development\UE4Editor-StereoPanorama.suppressed.lib 和对象 E:\UnrealEngine\Engine\Plugins\Experimental\StereoPanorama\Intermediate\Build\Win64\UE4Editor\Development\UE4Editor-StereoPanorama.suppressed.exp
  [281/462] Link UE4Editor-FbxAutomationTestBuilder.dll
  [282/462] Link UE4Editor-OnlineSubsystemOculus.dll
    正在创建库 E:\UnrealEngine\Engine\Plugins\Experimental\CodeView\Intermediate\Build\Win64\UE4Editor\Development\UE4Editor-CodeView.suppressed.lib 和对象 E:\UnrealEngine\Engine\Plugins\Experimental\CodeView\Intermediate\Build\Win64\UE4Editor\Development\UE4Editor-CodeView.suppressed.exp
  [283/462] Link UE4Editor-WebBrowser.dll
    正在创建库 E:\UnrealEngine\Engine\Plugins\Tests\FbxAutomationTestBuilder\Intermediate\Build\Win64\UE4Editor\Development\UE4Editor-FbxAutomationTestBuilder.suppressed.lib 和对象 E:\UnrealEngine\Engine\Plugins\Tests\FbxAutomationTestBuilder\Intermediate\Build\Win64\UE4Editor\Development\UE4Editor-FbxAutomationTestBuilder.suppressed.exp
    正在创建库 E:\UnrealEngine\Engine\Plugins\NetcodeUnitTest\NetcodeUnitTest\Intermediate\Build\Win64\UE4Editor\Development\UE4Editor-NetcodeUnitTest.suppressed.lib 和对象 E:\UnrealEngine\Engine\Plugins\NetcodeUnitTest\NetcodeUnitTest\Intermediate\Build\Win64\UE4Editor\Development\UE4Editor-NetcodeUnitTest.suppressed.exp
  [284/462] Link UE4Editor-SoundModImporter.dll
  [285/462] Link UE4Editor-ImagePlate.dll
    正在创建库 E:\UnrealEngine\Engine\Plugins\Online\OnlineSubsystemOculus\Intermediate\Build\Win64\UE4Editor\Development\UE4Editor-OnlineSubsystemOculus.suppressed.lib 和对象 E:\UnrealEngine\Engine\Plugins\Online\OnlineSubsystemOculus\Intermediate\Build\Win64\UE4Editor\Development\UE4Editor-OnlineSubsystemOculus.suppressed.exp
  [286/462] Link UE4Editor-SoundUtilities.dll
    正在创建库 E:\UnrealEngine\Engine\Plugins\Runtime\SoundMod\Intermediate\Build\Win64\UE4Editor\Development\UE4Editor-SoundModImporter.suppressed.lib 和对象 E:\UnrealEngine\Engine\Plugins\Runtime\SoundMod\Intermediate\Build\Win64\UE4Editor\Development\UE4Editor-SoundModImporter.suppressed.exp
    正在创建库 E:\UnrealEngine\Engine\Plugins\Experimental\ImagePlate\Intermediate\Build\Win64\UE4Editor\Development\UE4Editor-ImagePlate.suppressed.lib 和对象 E:\UnrealEngine\Engine\Plugins\Experimental\ImagePlate\Intermediate\Build\Win64\UE4Editor\Development\UE4Editor-ImagePlate.suppressed.exp
  [287/462] Link UE4Editor-OnlineSubsystemSteam.dll
  [288/462] Link UE4Editor-OculusAudio.dll
    正在创建库 E:\UnrealEngine\Engine\Plugins\Runtime\SoundUtilities\Intermediate\Build\Win64\UE4Editor\Development\UE4Editor-SoundUtilities.suppressed.lib 和对象 E:\UnrealEngine\Engine\Plugins\Runtime\SoundUtilities\Intermediate\Build\Win64\UE4Editor\Development\UE4Editor-SoundUtilities.suppressed.exp
  [289/462] Link UE4Editor-Synthesis.dll
    正在创建库 E:\UnrealEngine\Engine\Plugins\Runtime\Oculus\OculusAudio\Intermediate\Build\Win64\UE4Editor\Development\UE4Editor-OculusAudio.suppressed.lib 和对象 E:\UnrealEngine\Engine\Plugins\Runtime\Oculus\OculusAudio\Intermediate\Build\Win64\UE4Editor\Development\UE4Editor-OculusAudio.suppressed.exp
    正在创建库 E:\UnrealEngine\Engine\Plugins\Online\OnlineSubsystemSteam\Intermediate\Build\Win64\UE4Editor\Development\UE4Editor-OnlineSubsystemSteam.suppressed.lib 和对象 E:\UnrealEngine\Engine\Plugins\Online\OnlineSubsystemSteam\Intermediate\Build\Win64\UE4Editor\Development\UE4Editor-OnlineSubsystemSteam.suppressed.exp
  [290/462] Link UE4Editor-HTNPlanner.dll
  [291/462] Link UE4Editor-SimpleHMD.dll
    正在创建库 E:\UnrealEngine\Engine\Plugins\Runtime\Synthesis\Intermediate\Build\Win64\UE4Editor\Development\UE4Editor-Synthesis.suppressed.lib 和对象 E:\UnrealEngine\Engine\Plugins\Runtime\Synthesis\Intermediate\Build\Win64\UE4Editor\Development\UE4Editor-Synthesis.suppressed.exp
    正在创建库 E:\UnrealEngine\Engine\Plugins\Experimental\SimpleHMD\Intermediate\Build\Win64\UE4Editor\Development\UE4Editor-SimpleHMD.suppressed.lib 和对象 E:\UnrealEngine\Engine\Plugins\Experimental\SimpleHMD\Intermediate\Build\Win64\UE4Editor\Development\UE4Editor-SimpleHMD.suppressed.exp
  [292/462] Link UE4Editor-MixedRealityFramework.dll
    正在创建库 E:\UnrealEngine\Engine\Plugins\Runtime\HTNPlanner\Intermediate\Build\Win64\UE4Editor\Development\UE4Editor-HTNPlanner.suppressed.lib 和对象 E:\UnrealEngine\Engine\Plugins\Runtime\HTNPlanner\Intermediate\Build\Win64\UE4Editor\Development\UE4Editor-HTNPlanner.suppressed.exp
  [293/462] Link UE4Editor-XMPP.dll
  [294/462] Link UE4Editor-MessagingDebugger.dll
    正在创建库 E:\UnrealEngine\Engine\Plugins\Runtime\MixedRealityFramework\Intermediate\Build\Win64\UE4Editor\Development\UE4Editor-MixedRealityFramework.suppressed.lib 和对象 E:\UnrealEngine\Engine\Plugins\Runtime\MixedRealityFramework\Intermediate\Build\Win64\UE4Editor\Development\UE4Editor-MixedRealityFramework.suppressed.exp
  [295/462] Link UE4Editor-AppleARKit.dll
    正在创建库 E:\UnrealEngine\Engine\Plugins\Experimental\AppleARKit\Intermediate\Build\Win64\UE4Editor\Development\UE4Editor-AppleARKit.suppressed.lib 和对象 E:\UnrealEngine\Engine\Plugins\Experimental\AppleARKit\Intermediate\Build\Win64\UE4Editor\Development\UE4Editor-AppleARKit.suppressed.exp
  [296/462] Link UE4Editor-TangoRenderer.dll
    正在创建库 E:\UnrealEngine\Engine\Plugins\Runtime\GoogleTango\Intermediate\Build\Win64\UE4Editor\Development\UE4Editor-TangoRenderer.suppressed.lib 和对象 E:\UnrealEngine\Engine\Plugins\Runtime\GoogleTango\Intermediate\Build\Win64\UE4Editor\Development\UE4Editor-TangoRenderer.suppressed.exp
  [297/462] Link UE4Editor-SlateRemote.dll
    正在创建库 E:\UnrealEngine\Engine\Plugins\Messaging\MessagingDebugger\Intermediate\Build\Win64\UE4Editor\Development\UE4Editor-MessagingDebugger.suppressed.lib 和对象 E:\UnrealEngine\Engine\Plugins\Messaging\MessagingDebugger\Intermediate\Build\Win64\UE4Editor\Development\UE4Editor-MessagingDebugger.suppressed.exp
    正在创建库 E:\UnrealEngine\Engine\Plugins\Slate\SlateRemote\Intermediate\Build\Win64\UE4Editor\Development\UE4Editor-SlateRemote.suppressed.lib 和对象 E:\UnrealEngine\Engine\Plugins\Slate\SlateRemote\Intermediate\Build\Win64\UE4Editor\Development\UE4Editor-SlateRemote.suppressed.exp
  [298/462] Link UE4Editor-SynthesisEditor.dll
  [299/462] Link UE4Editor-OnlineSubsystemTwitch.dll
    正在创建库 E:\UnrealEngine\Engine\Plugins\Runtime\Synthesis\Intermediate\Build\Win64\UE4Editor\Development\UE4Editor-SynthesisEditor.suppressed.lib 和对象 E:\UnrealEngine\Engine\Plugins\Runtime\Synthesis\Intermediate\Build\Win64\UE4Editor\Development\UE4Editor-SynthesisEditor.suppressed.exp
  [300/462] Link UE4Editor-AppleARKitEditor.dll
    正在创建库 E:\UnrealEngine\Engine\Plugins\Online\OnlineSubsystemTwitch\Intermediate\Build\Win64\UE4Editor\Development\UE4Editor-OnlineSubsystemTwitch.suppressed.lib 和对象 E:\UnrealEngine\Engine\Plugins\Online\OnlineSubsystemTwitch\Intermediate\Build\Win64\UE4Editor\Development\UE4Editor-OnlineSubsystemTwitch.suppressed.exp
    正在创建库 E:\UnrealEngine\Engine\Plugins\Experimental\AppleARKit\Intermediate\Build\Win64\UE4Editor\Development\UE4Editor-AppleARKitEditor.suppressed.lib 和对象 E:\UnrealEngine\Engine\Plugins\Experimental\AppleARKit\Intermediate\Build\Win64\UE4Editor\Development\UE4Editor-AppleARKitEditor.suppressed.exp
    正在创建库 E:\UnrealEngine\Engine\Intermediate\Build\Win64\UE4Editor\Development\UE4Editor-WebBrowser.suppressed.lib 和对象 E:\UnrealEngine\Engine\Intermediate\Build\Win64\UE4Editor\Development\UE4Editor-WebBrowser.suppressed.exp
  [301/462] Link UE4Editor-RawInput.dll
  [302/462] Link UE4Editor-HTNTestSuite.dll
    正在创建库 E:\UnrealEngine\Engine\Plugins\Experimental\RawInput\Intermediate\Build\Win64\UE4Editor\Development\UE4Editor-RawInput.suppressed.lib 和对象 E:\UnrealEngine\Engine\Plugins\Experimental\RawInput\Intermediate\Build\Win64\UE4Editor\Development\UE4Editor-RawInput.suppressed.exp
    正在创建库 E:\UnrealEngine\Engine\Plugins\Runtime\HTNPlanner\Intermediate\Build\Win64\UE4Editor\Development\UE4Editor-HTNTestSuite.suppressed.lib 和对象 E:\UnrealEngine\Engine\Plugins\Runtime\HTNPlanner\Intermediate\Build\Win64\UE4Editor\Development\UE4Editor-HTNTestSuite.suppressed.exp
  [303/462] Link UE4Editor-OnlineSubsystemGoogle.dll
  [304/462] Link UE4Editor-BlueprintStats.dll
  [305/462] Link UE4Editor-Composure.dll
    正在创建库 E:\UnrealEngine\Engine\Plugins\Experimental\BlueprintStats\Intermediate\Build\Win64\UE4Editor\Development\UE4Editor-BlueprintStats.suppressed.lib 和对象 E:\UnrealEngine\Engine\Plugins\Experimental\BlueprintStats\Intermediate\Build\Win64\UE4Editor\Development\UE4Editor-BlueprintStats.suppressed.exp
    正在创建库 E:\UnrealEngine\Engine\Plugins\Compositing\Composure\Intermediate\Build\Win64\UE4Editor\Development\UE4Editor-Composure.suppressed.lib 和对象 E:\UnrealEngine\Engine\Plugins\Compositing\Composure\Intermediate\Build\Win64\UE4Editor\Development\UE4Editor-Composure.suppressed.exp
    正在创建库 E:\UnrealEngine\Engine\Plugins\Online\OnlineSubsystemGoogle\Intermediate\Build\Win64\UE4Editor\Development\UE4Editor-OnlineSubsystemGoogle.suppressed.lib 和对象 E:\UnrealEngine\Engine\Plugins\Online\OnlineSubsystemGoogle\Intermediate\Build\Win64\UE4Editor\Development\UE4Editor-OnlineSubsystemGoogle.suppressed.exp
  [306/462] Link UE4Editor-GameMenuBuilder.dll
  [307/462] Link UE4Editor-GameCircleRuntimeSettings.dll
  [308/462] Link UE4Editor-Qos.dll
    正在创建库 E:\UnrealEngine\Engine\Plugins\Online\Android\OnlineSubsystemGameCircle\Intermediate\Build\Win64\UE4Editor\Development\Android\UE4Editor-GameCircleRuntimeSettings.suppressed.lib 和对象 E:\UnrealEngine\Engine\Plugins\Online\Android\OnlineSubsystemGameCircle\Intermediate\Build\Win64\UE4Editor\Development\Android\UE4Editor-GameCircleRuntimeSettings.suppressed.exp
    正在创建库 E:\UnrealEngine\Engine\Intermediate\Build\Win64\UE4Editor\Development\UE4Editor-GameMenuBuilder.suppressed.lib 和对象 E:\UnrealEngine\Engine\Intermediate\Build\Win64\UE4Editor\Development\UE4Editor-GameMenuBuilder.suppressed.exp
    正在创建库 E:\UnrealEngine\Engine\Plugins\Online\OnlineFramework\Intermediate\Build\Win64\UE4Editor\Development\UE4Editor-Qos.suppressed.lib 和对象 E:\UnrealEngine\Engine\Plugins\Online\OnlineFramework\Intermediate\Build\Win64\UE4Editor\Development\UE4Editor-Qos.suppressed.exp
  [309/462] Link UE4Editor-FlurryEditor.dll
  [310/462] Link UE4Editor-WebBrowserWidget.dll
    正在创建库 E:\UnrealEngine\Engine\Plugins\Runtime\Analytics\Flurry\Intermediate\Build\Win64\UE4Editor\Development\UE4Editor-FlurryEditor.suppressed.lib 和对象 E:\UnrealEngine\Engine\Plugins\Runtime\Analytics\Flurry\Intermediate\Build\Win64\UE4Editor\Development\UE4Editor-FlurryEditor.suppressed.exp
  [311/462] Link UE4Editor-EcefTools.dll
  [312/462] Link UE4Editor-ScriptPlugin.dll
    正在创建库 E:\UnrealEngine\Engine\Plugins\Runtime\WebBrowserWidget\Intermediate\Build\Win64\UE4Editor\Development\UE4Editor-WebBrowserWidget.suppressed.lib 和对象 E:\UnrealEngine\Engine\Plugins\Runtime\WebBrowserWidget\Intermediate\Build\Win64\UE4Editor\Development\UE4Editor-WebBrowserWidget.suppressed.exp
  [313/462] Link UE4Editor-LensDistortion.dll
    正在创建库 E:\UnrealEngine\Engine\Plugins\ScriptPlugin\Intermediate\Build\Win64\UE4Editor\Development\UE4Editor-ScriptPlugin.suppressed.lib 和对象 E:\UnrealEngine\Engine\Plugins\ScriptPlugin\Intermediate\Build\Win64\UE4Editor\Development\UE4Editor-ScriptPlugin.suppressed.exp
    正在创建库 E:\UnrealEngine\Engine\Plugins\Runtime\GoogleTango\Intermediate\Build\Win64\UE4Editor\Development\UE4Editor-EcefTools.suppressed.lib 和对象 E:\UnrealEngine\Engine\Plugins\Runtime\GoogleTango\Intermediate\Build\Win64\UE4Editor\Development\UE4Editor-EcefTools.suppressed.exp
  [314/462] Link UE4Editor-AdjustEditor.dll
  [315/462] Link UE4Editor-ApsalarEditor.dll
    正在创建库 E:\UnrealEngine\Engine\Plugins\Compositing\LensDistortion\Intermediate\Build\Win64\UE4Editor\Development\UE4Editor-LensDistortion.suppressed.lib 和对象 E:\UnrealEngine\Engine\Plugins\Compositing\LensDistortion\Intermediate\Build\Win64\UE4Editor\Development\UE4Editor-LensDistortion.suppressed.exp
    正在创建库 E:\UnrealEngine\Engine\Plugins\Runtime\Analytics\Adjust\Intermediate\Build\Win64\UE4Editor\Development\UE4Editor-AdjustEditor.suppressed.lib 和对象 E:\UnrealEngine\Engine\Plugins\Runtime\Analytics\Adjust\Intermediate\Build\Win64\UE4Editor\Development\UE4Editor-AdjustEditor.suppressed.exp
  [316/462] Link UE4Editor-AutomationDriver.dll
    正在创建库 E:\UnrealEngine\Engine\Plugins\Runtime\Analytics\Apsalar\Intermediate\Build\Win64\UE4Editor\Development\UE4Editor-ApsalarEditor.suppressed.lib 和对象 E:\UnrealEngine\Engine\Plugins\Runtime\Analytics\Apsalar\Intermediate\Build\Win64\UE4Editor\Development\UE4Editor-ApsalarEditor.suppressed.exp
  [317/462] Link UE4Editor-Lobby.dll
    正在创建库 E:\UnrealEngine\Engine\Intermediate\Build\Win64\UE4Editor\Development\UE4Editor-XMPP.suppressed.lib 和对象 E:\UnrealEngine\Engine\Intermediate\Build\Win64\UE4Editor\Development\UE4Editor-XMPP.suppressed.exp
  [318/462] Link UE4Editor-HTTPChunkInstaller.dll
  [319/462] Link UE4Editor-Hotfix.dll
    正在创建库 E:\UnrealEngine\Engine\Plugins\Online\OnlineFramework\Intermediate\Build\Win64\UE4Editor\Development\UE4Editor-Lobby.suppressed.lib 和对象 E:\UnrealEngine\Engine\Plugins\Online\OnlineFramework\Intermediate\Build\Win64\UE4Editor\Development\UE4Editor-Lobby.suppressed.exp
    正在创建库 E:\UnrealEngine\Engine\Intermediate\Build\Win64\UE4Editor\Development\UE4Editor-AutomationDriver.suppressed.lib 和对象 E:\UnrealEngine\Engine\Intermediate\Build\Win64\UE4Editor\Development\UE4Editor-AutomationDriver.suppressed.exp
    正在创建库 E:\UnrealEngine\Engine\Plugins\Online\OnlineFramework\Intermediate\Build\Win64\UE4Editor\Development\UE4Editor-Hotfix.suppressed.lib 和对象 E:\UnrealEngine\Engine\Plugins\Online\OnlineFramework\Intermediate\Build\Win64\UE4Editor\Development\UE4Editor-Hotfix.suppressed.exp
  [320/462] Link UE4Editor-WebSockets.dll
  [321/462] Link UE4Editor-OnlineSubsystemFacebook.dll
    正在创建库 E:\UnrealEngine\Engine\Plugins\Runtime\HTTPChunkInstaller\Intermediate\Build\Win64\UE4Editor\Development\UE4Editor-HTTPChunkInstaller.suppressed.lib 和对象 E:\UnrealEngine\Engine\Plugins\Runtime\HTTPChunkInstaller\Intermediate\Build\Win64\UE4Editor\Development\UE4Editor-HTTPChunkInstaller.suppressed.exp
  [322/462] Link UE4Editor-QoSReporter.dll
    正在创建库 E:\UnrealEngine\Engine\Intermediate\Build\Win64\UE4Editor\Development\UE4Editor-WebSockets.suppressed.lib 和对象 E:\UnrealEngine\Engine\Intermediate\Build\Win64\UE4Editor\Development\UE4Editor-WebSockets.suppressed.exp
  [323/462] Link UE4Editor-SoundMod.dll
  [324/462] Link UE4Editor-SoundVisualizations.dll
    正在创建库 E:\UnrealEngine\Engine\Intermediate\Build\Win64\UE4Editor\Development\UE4Editor-QoSReporter.suppressed.lib 和对象 E:\UnrealEngine\Engine\Intermediate\Build\Win64\UE4Editor\Development\UE4Editor-QoSReporter.suppressed.exp
    正在创建库 E:\UnrealEngine\Engine\Plugins\Runtime\SoundMod\Intermediate\Build\Win64\UE4Editor\Development\UE4Editor-SoundMod.suppressed.lib 和对象 E:\UnrealEngine\Engine\Plugins\Runtime\SoundMod\Intermediate\Build\Win64\UE4Editor\Development\UE4Editor-SoundMod.suppressed.exp
    正在创建库 E:\UnrealEngine\Engine\Plugins\Runtime\SoundVisualizations\Intermediate\Build\Win64\UE4Editor\Development\UE4Editor-SoundVisualizations.suppressed.lib 和对象 E:\UnrealEngine\Engine\Plugins\Runtime\SoundVisualizations\Intermediate\Build\Win64\UE4Editor\Development\UE4Editor-SoundVisualizations.suppressed.exp
  [325/462] Link UE4Editor-Party.dll
  [326/462] Link UE4Editor-GoogleVRTransition2D.dll
  [327/462] Link UE4Editor-NUTUnrealEngine4.dll
    正在创建库 E:\UnrealEngine\Engine\Plugins\NetcodeUnitTest\NUTUnrealEngine4\Intermediate\Build\Win64\UE4Editor\Development\UE4Editor-NUTUnrealEngine4.suppressed.lib 和对象 E:\UnrealEngine\Engine\Plugins\NetcodeUnitTest\NUTUnrealEngine4\Intermediate\Build\Win64\UE4Editor\Development\UE4Editor-NUTUnrealEngine4.suppressed.exp
    正在创建库 E:\UnrealEngine\Engine\Plugins\Online\OnlineSubsystemFacebook\Intermediate\Build\Win64\UE4Editor\Development\UE4Editor-OnlineSubsystemFacebook.suppressed.lib 和对象 E:\UnrealEngine\Engine\Plugins\Online\OnlineSubsystemFacebook\Intermediate\Build\Win64\UE4Editor\Development\UE4Editor-OnlineSubsystemFacebook.suppressed.exp
    正在创建库 E:\UnrealEngine\Engine\Plugins\Runtime\GoogleVR\GoogleVRTransition2D\Intermediate\Build\Win64\UE4Editor\Development\UE4Editor-GoogleVRTransition2D.suppressed.lib 和对象 E:\UnrealEngine\Engine\Plugins\Runtime\GoogleVR\GoogleVRTransition2D\Intermediate\Build\Win64\UE4Editor\Development\UE4Editor-GoogleVRTransition2D.suppressed.exp
  [328/462] Link UE4Editor-TangoAreaLearning.dll
  [329/462] Link UE4Editor-SteamController.dll
  [330/462] Link UE4Editor-ScreenshotTools.dll
    正在创建库 E:\UnrealEngine\Engine\Plugins\Tests\ScreenshotTools\Intermediate\Build\Win64\UE4Editor\Development\UE4Editor-ScreenshotTools.suppressed.lib 和对象 E:\UnrealEngine\Engine\Plugins\Tests\ScreenshotTools\Intermediate\Build\Win64\UE4Editor\Development\UE4Editor-ScreenshotTools.suppressed.exp
    正在创建库 E:\UnrealEngine\Engine\Plugins\Runtime\Steam\SteamController\Intermediate\Build\Win64\UE4Editor\Development\UE4Editor-SteamController.suppressed.lib 和对象 E:\UnrealEngine\Engine\Plugins\Runtime\Steam\SteamController\Intermediate\Build\Win64\UE4Editor\Development\UE4Editor-SteamController.suppressed.exp
    正在创建库 E:\UnrealEngine\Engine\Plugins\Runtime\GoogleTango\Intermediate\Build\Win64\UE4Editor\Development\UE4Editor-TangoAreaLearning.suppressed.lib 和对象 E:\UnrealEngine\Engine\Plugins\Runtime\GoogleTango\Intermediate\Build\Win64\UE4Editor\Development\UE4Editor-TangoAreaLearning.suppressed.exp
  [331/462] Link UE4Editor-Rejoin.dll
  [332/462] Link UE4Editor-DummyMeshReconstructor.dll
  [333/462] Link UE4Editor-OnlineSubsystemAmazon.dll
    正在创建库 E:\UnrealEngine\Engine\Plugins\Runtime\MeshReconstruction\DummyMeshReconstructor\Intermediate\Build\Win64\UE4Editor\Development\UE4Editor-DummyMeshReconstructor.suppressed.lib 和对象 E:\UnrealEngine\Engine\Plugins\Runtime\MeshReconstruction\DummyMeshReconstructor\Intermediate\Build\Win64\UE4Editor\Development\UE4Editor-DummyMeshReconstructor.suppressed.exp
    正在创建库 E:\UnrealEngine\Engine\Plugins\Online\OnlineFramework\Intermediate\Build\Win64\UE4Editor\Development\UE4Editor-Party.suppressed.lib 和对象 E:\UnrealEngine\Engine\Plugins\Online\OnlineFramework\Intermediate\Build\Win64\UE4Editor\Development\UE4Editor-Party.suppressed.exp
    正在创建库 E:\UnrealEngine\Engine\Plugins\Online\OnlineFramework\Intermediate\Build\Win64\UE4Editor\Development\UE4Editor-Rejoin.suppressed.lib 和对象 E:\UnrealEngine\Engine\Plugins\Online\OnlineFramework\Intermediate\Build\Win64\UE4Editor\Development\UE4Editor-Rejoin.suppressed.exp
    正在创建库 E:\UnrealEngine\Engine\Plugins\Online\OnlineSubsystemAmazon\Intermediate\Build\Win64\UE4Editor\Development\UE4Editor-OnlineSubsystemAmazon.suppressed.lib 和对象 E:\UnrealEngine\Engine\Plugins\Online\OnlineSubsystemAmazon\Intermediate\Build\Win64\UE4Editor\Development\UE4Editor-OnlineSubsystemAmazon.suppressed.exp
  [334/462] Link UE4Editor-PerformanceMonitor.dll
  [335/462] Link UE4Editor-LocationServicesAndroidEditor.dll
  [336/462] Link UE4Editor-AnalyticsBlueprintLibrary.dll
  [337/462] Link UE4Editor-Ansel.dll
    正在创建库 E:\UnrealEngine\Engine\Plugins\Runtime\LocationServicesAndroidImpl\Intermediate\Build\Win64\UE4Editor\Development\UE4Editor-LocationServicesAndroidEditor.suppressed.lib 和对象 E:\UnrealEngine\Engine\Plugins\Runtime\LocationServicesAndroidImpl\Intermediate\Build\Win64\UE4Editor\Development\UE4Editor-LocationServicesAndroidEditor.suppressed.exp
    正在创建库 E:\UnrealEngine\Engine\Plugins\Runtime\Analytics\AnalyticsBlueprintLibrary\Intermediate\Build\Win64\UE4Editor\Development\UE4Editor-AnalyticsBlueprintLibrary.suppressed.lib 和对象 E:\UnrealEngine\Engine\Plugins\Runtime\Analytics\AnalyticsBlueprintLibrary\Intermediate\Build\Win64\UE4Editor\Development\UE4Editor-AnalyticsBlueprintLibrary.suppressed.exp
    正在创建库 E:\UnrealEngine\Engine\Plugins\Performance\PerformanceMonitor\Intermediate\Build\Win64\UE4Editor\Development\UE4Editor-PerformanceMonitor.suppressed.lib 和对象 E:\UnrealEngine\Engine\Plugins\Performance\PerformanceMonitor\Intermediate\Build\Win64\UE4Editor\Development\UE4Editor-PerformanceMonitor.suppressed.exp
    正在创建库 E:\UnrealEngine\Engine\Plugins\Runtime\Nvidia\Ansel\Intermediate\Build\Win64\UE4Editor\Development\UE4Editor-Ansel.suppressed.lib 和对象 E:\UnrealEngine\Engine\Plugins\Runtime\Nvidia\Ansel\Intermediate\Build\Win64\UE4Editor\Development\UE4Editor-Ansel.suppressed.exp
  [338/462] Link UE4Editor-FriendsAndChat.dll
  [339/462] Link UE4Editor-LiveLinkMessageBusFramework.dll
  [340/462] Link UE4Editor-SignificanceManager.dll
  [341/462] Link UE4Editor-OodleHandlerComponent.dll
    正在创建库 E:\UnrealEngine\Engine\Plugins\Runtime\PacketHandlers\CompressionComponents\Oodle\Intermediate\Build\Win64\UE4Editor\Development\NotForLicensees\UE4Editor-OodleHandlerComponent.suppressed.lib 和对象 E:\UnrealEngine\Engine\Plugins\Runtime\PacketHandlers\CompressionComponents\Oodle\Intermediate\Build\Win64\UE4Editor\Development\NotForLicensees\UE4Editor-OodleHandlerComponent.suppressed.exp
    正在创建库 E:\UnrealEngine\Engine\Intermediate\Build\Win64\UE4Editor\Development\UE4Editor-LiveLinkMessageBusFramework.suppressed.lib 和对象 E:\UnrealEngine\Engine\Intermediate\Build\Win64\UE4Editor\Development\UE4Editor-LiveLinkMessageBusFramework.suppressed.exp
  [342/462] Link UE4Editor-RuntimeTests.dll
  [343/462] Link UE4Editor-MIDIDevice.dll
    正在创建库 E:\UnrealEngine\Engine\Plugins\Runtime\SignificanceManager\Intermediate\Build\Win64\UE4Editor\Development\UE4Editor-SignificanceManager.suppressed.lib 和对象 E:\UnrealEngine\Engine\Plugins\Runtime\SignificanceManager\Intermediate\Build\Win64\UE4Editor\Development\UE4Editor-SignificanceManager.suppressed.exp
  [344/462] Link UE4Editor-AnalyticsVisualEditing.dll
    正在创建库 E:\UnrealEngine\Engine\Intermediate\Build\Win64\UE4Editor\Development\UE4Editor-FriendsAndChat.suppressed.lib 和对象 E:\UnrealEngine\Engine\Intermediate\Build\Win64\UE4Editor\Development\UE4Editor-FriendsAndChat.suppressed.exp
  [345/462] Link UE4Editor-MfMediaEditor.dll
    正在创建库 E:\UnrealEngine\Engine\Intermediate\Build\Win64\UE4Editor\Development\UE4Editor-AnalyticsVisualEditing.suppressed.lib 和对象 E:\UnrealEngine\Engine\Intermediate\Build\Win64\UE4Editor\Development\UE4Editor-AnalyticsVisualEditing.suppressed.exp
    正在创建库 E:\UnrealEngine\Engine\Plugins\Tests\RuntimeTests\Intermediate\Build\Win64\UE4Editor\Development\UE4Editor-RuntimeTests.suppressed.lib 和对象 E:\UnrealEngine\Engine\Plugins\Tests\RuntimeTests\Intermediate\Build\Win64\UE4Editor\Development\UE4Editor-RuntimeTests.suppressed.exp
  [346/462] Link UE4Editor-SlateFileDialogs.dll
  [347/462] Link UE4Editor-InMemoryNetworkReplayStreaming.dll
    正在创建库 E:\UnrealEngine\Engine\Plugins\Runtime\MIDIDevice\Intermediate\Build\Win64\UE4Editor\Development\UE4Editor-MIDIDevice.suppressed.lib 和对象 E:\UnrealEngine\Engine\Plugins\Runtime\MIDIDevice\Intermediate\Build\Win64\UE4Editor\Development\UE4Editor-MIDIDevice.suppressed.exp
    正在创建库 E:\UnrealEngine\Engine\Plugins\Media\MfMedia\Intermediate\Build\Win64\UE4Editor\Development\UE4Editor-MfMediaEditor.suppressed.lib 和对象 E:\UnrealEngine\Engine\Plugins\Media\MfMedia\Intermediate\Build\Win64\UE4Editor\Development\UE4Editor-MfMediaEditor.suppressed.exp
  [348/462] Link UE4Editor-TextureFormatAndroid.dll
  [349/462] Link UE4Editor-ImageDownload.dll
    正在创建库 E:\UnrealEngine\Engine\Intermediate\Build\Win64\UE4Editor\Development\UE4Editor-ImageDownload.suppressed.lib 和对象 E:\UnrealEngine\Engine\Intermediate\Build\Win64\UE4Editor\Development\UE4Editor-ImageDownload.suppressed.exp
    正在创建库 E:\UnrealEngine\Engine\Intermediate\Build\Win64\UE4Editor\Development\UE4Editor-InMemoryNetworkReplayStreaming.suppressed.lib 和对象 E:\UnrealEngine\Engine\Intermediate\Build\Win64\UE4Editor\Development\UE4Editor-InMemoryNetworkReplayStreaming.suppressed.exp
  [350/462] Link UE4Editor-AnalyticsSwrve.dll
    正在创建库 E:\UnrealEngine\Engine\Intermediate\Build\Win64\UE4Editor\Development\UE4Editor-TextureFormatAndroid.suppressed.lib 和对象 E:\UnrealEngine\Engine\Intermediate\Build\Win64\UE4Editor\Development\UE4Editor-TextureFormatAndroid.suppressed.exp
  [351/462] Link UE4Editor-RuntimeAssetCache.dll
  [352/462] Link UE4Editor-LocationServicesIOSEditor.dll
    正在创建库 E:\UnrealEngine\Engine\Intermediate\Build\Win64\UE4Editor\Development\UE4Editor-AnalyticsSwrve.suppressed.lib 和对象 E:\UnrealEngine\Engine\Intermediate\Build\Win64\UE4Editor\Development\UE4Editor-AnalyticsSwrve.suppressed.exp
    正在创建库 E:\UnrealEngine\Engine\Plugins\Runtime\LocationServicesIOSImpl\Intermediate\Build\Win64\UE4Editor\Development\UE4Editor-LocationServicesIOSEditor.suppressed.lib 和对象 E:\UnrealEngine\Engine\Plugins\Runtime\LocationServicesIOSImpl\Intermediate\Build\Win64\UE4Editor\Development\UE4Editor-LocationServicesIOSEditor.suppressed.exp
  [353/462] Link UE4Editor-OptionalMobileFeaturesBPLibrary.dll
    正在创建库 E:\UnrealEngine\Engine\Intermediate\Build\Win64\UE4Editor\Development\UE4Editor-SlateFileDialogs.suppressed.lib 和对象 E:\UnrealEngine\Engine\Intermediate\Build\Win64\UE4Editor\Development\UE4Editor-SlateFileDialogs.suppressed.exp
    正在创建库 E:\UnrealEngine\Engine\Intermediate\Build\Win64\UE4Editor\Development\UE4Editor-RuntimeAssetCache.suppressed.lib 和对象 E:\UnrealEngine\Engine\Intermediate\Build\Win64\UE4Editor\Development\UE4Editor-RuntimeAssetCache.suppressed.exp
  [354/462] Link UE4Editor-AnalyticsMulticast.dll
  [355/462] Link UE4Editor-StructBox.dll
  [356/462] Link UE4Editor-FileLogging.dll
    正在创建库 E:\UnrealEngine\Engine\Plugins\Runtime\OptionalMobileFeaturesBPLibrary\Intermediate\Build\Win64\UE4Editor\Development\UE4Editor-OptionalMobileFeaturesBPLibrary.suppressed.lib 和对象 E:\UnrealEngine\Engine\Plugins\Runtime\OptionalMobileFeaturesBPLibrary\Intermediate\Build\Win64\UE4Editor\Development\UE4Editor-OptionalMobileFeaturesBPLibrary.suppressed.exp
  [357/462] Link UE4Editor-Icmp.dll
    正在创建库 E:\UnrealEngine\Engine\Plugins\Runtime\Analytics\AnalyticsMulticast\Intermediate\Build\Win64\UE4Editor\Development\UE4Editor-AnalyticsMulticast.suppressed.lib 和对象 E:\UnrealEngine\Engine\Plugins\Runtime\Analytics\AnalyticsMulticast\Intermediate\Build\Win64\UE4Editor\Development\UE4Editor-AnalyticsMulticast.suppressed.exp
    正在创建库 E:\UnrealEngine\Engine\Plugins\Experimental\StructBox\Intermediate\Build\Win64\UE4Editor\Development\UE4Editor-StructBox.suppressed.lib 和对象 E:\UnrealEngine\Engine\Plugins\Experimental\StructBox\Intermediate\Build\Win64\UE4Editor\Development\UE4Editor-StructBox.suppressed.exp
    正在创建库 E:\UnrealEngine\Engine\Plugins\Runtime\Analytics\FileLogging\Intermediate\Build\Win64\UE4Editor\Development\UE4Editor-FileLogging.suppressed.lib 和对象 E:\UnrealEngine\Engine\Plugins\Runtime\Analytics\FileLogging\Intermediate\Build\Win64\UE4Editor\Development\UE4Editor-FileLogging.suppressed.exp
  [358/462] Link UE4Editor-LiveLinkInterface.dll
  [359/462] Link UE4Editor-MfMediaFactory.dll
    正在创建库 E:\UnrealEngine\Engine\Intermediate\Build\Win64\UE4Editor\Development\UE4Editor-Icmp.suppressed.lib 和对象 E:\UnrealEngine\Engine\Intermediate\Build\Win64\UE4Editor\Development\UE4Editor-Icmp.suppressed.exp
  [360/462] Link UE4Editor-WindowsDeviceProfileSelector.dll
  [361/462] Link UE4Editor-CEF3Utils.dll
    正在创建库 E:\UnrealEngine\Engine\Plugins\Media\MfMedia\Intermediate\Build\Win64\UE4Editor\Development\UE4Editor-MfMediaFactory.suppressed.lib 和对象 E:\UnrealEngine\Engine\Plugins\Media\MfMedia\Intermediate\Build\Win64\UE4Editor\Development\UE4Editor-MfMediaFactory.suppressed.exp
    正在创建库 E:\UnrealEngine\Engine\Intermediate\Build\Win64\UE4Editor\Development\UE4Editor-CEF3Utils.suppressed.lib 和对象 E:\UnrealEngine\Engine\Intermediate\Build\Win64\UE4Editor\Development\UE4Editor-CEF3Utils.suppressed.exp
  [362/462] Link UE4Editor-LauncherCheck.dll
    正在创建库 E:\UnrealEngine\Engine\Intermediate\Build\Win64\UE4Editor\Development\UE4Editor-LiveLinkInterface.suppressed.lib 和对象 E:\UnrealEngine\Engine\Intermediate\Build\Win64\UE4Editor\Development\UE4Editor-LiveLinkInterface.suppressed.exp
    正在创建库 E:\UnrealEngine\Engine\Plugins\Runtime\WindowsDeviceProfileSelector\Intermediate\Build\Win64\UE4Editor\Development\UE4Editor-WindowsDeviceProfileSelector.suppressed.lib 和对象 E:\UnrealEngine\Engine\Plugins\Runtime\WindowsDeviceProfileSelector\Intermediate\Build\Win64\UE4Editor\Development\UE4Editor-WindowsDeviceProfileSelector.suppressed.exp
  [363/462] Link UE4Editor-Stomp.dll
    正在创建库 E:\UnrealEngine\Engine\Intermediate\Build\Win64\UE4Editor\Development\UE4Editor-LauncherCheck.suppressed.lib 和对象 E:\UnrealEngine\Engine\Intermediate\Build\Win64\UE4Editor\Development\UE4Editor-LauncherCheck.suppressed.exp
  [364/462] Link UE4Editor-CrashDebugHelper.dll
  [365/462] Link UE4Editor-SlackIntegrations.dll
  [366/462] Link UE4Editor-UE4Game.dll
    正在创建库 E:\UnrealEngine\Engine\Intermediate\Build\Win64\UE4Editor\Development\UE4Editor-SlackIntegrations.suppressed.lib 和对象 E:\UnrealEngine\Engine\Intermediate\Build\Win64\UE4Editor\Development\UE4Editor-SlackIntegrations.suppressed.exp
    正在创建库 E:\UnrealEngine\Engine\Intermediate\Build\Win64\UE4Editor\Development\UE4Editor-UE4Game.suppressed.lib 和对象 E:\UnrealEngine\Engine\Intermediate\Build\Win64\UE4Editor\Development\UE4Editor-UE4Game.suppressed.exp
  [367/462] Link UE4Editor-IPC.dll
  [368/462] Link UE4Editor-GoogleVRController.lib
    正在创建库 E:\UnrealEngine\Engine\Intermediate\Build\Win64\UE4Editor\Development\UE4Editor-IPC.suppressed.lib 和对象 E:\UnrealEngine\Engine\Intermediate\Build\Win64\UE4Editor\Development\UE4Editor-IPC.suppressed.exp
    正在创建库 E:\UnrealEngine\Engine\Intermediate\Build\Win64\UE4Editor\Development\UE4Editor-Stomp.suppressed.lib 和对象 E:\UnrealEngine\Engine\Intermediate\Build\Win64\UE4Editor\Development\UE4Editor-Stomp.suppressed.exp
  [369/462] Link UE4Editor-BlankPlugin.dll
  [370/462] Link UE4Editor-ScriptEditorPlugin.lib
    正在创建库 E:\UnrealEngine\Engine\Intermediate\Build\Win64\UE4Editor\Development\UE4Editor-CrashDebugHelper.suppressed.lib 和对象 E:\UnrealEngine\Engine\Intermediate\Build\Win64\UE4Editor\Development\UE4Editor-CrashDebugHelper.suppressed.exp
    正在创建库 E:\UnrealEngine\Engine\Plugins\Developer\BlankPlugin\Intermediate\Build\Win64\UE4Editor\Development\UE4Editor-BlankPlugin.suppressed.lib 和对象 E:\UnrealEngine\Engine\Plugins\Developer\BlankPlugin\Intermediate\Build\Win64\UE4Editor\Development\UE4Editor-BlankPlugin.suppressed.exp
  [371/462] Link UE4Editor-ApsalarEditor.lib
    正在创建库 E:\UnrealEngine\Engine\Plugins\Runtime\GoogleVR\GoogleVRController\Intermediate\Build\Win64\UE4Editor\Development\UE4Editor-GoogleVRController.lib 和对象 E:\UnrealEngine\Engine\Plugins\Runtime\GoogleVR\GoogleVRController\Intermediate\Build\Win64\UE4Editor\Development\UE4Editor-GoogleVRController.exp
  [372/462] Link UE4Editor-SlateRemote.lib
  [373/462] Link UE4Editor-RuntimeAssetCache.lib
    正在创建库 E:\UnrealEngine\Engine\Plugins\Runtime\Analytics\Apsalar\Intermediate\Build\Win64\UE4Editor\Development\UE4Editor-ApsalarEditor.lib 和对象 E:\UnrealEngine\Engine\Plugins\Runtime\Analytics\Apsalar\Intermediate\Build\Win64\UE4Editor\Development\UE4Editor-ApsalarEditor.exp
    正在创建库 E:\UnrealEngine\Engine\Plugins\ScriptPlugin\Intermediate\Build\Win64\UE4Editor\Development\UE4Editor-ScriptEditorPlugin.lib 和对象 E:\UnrealEngine\Engine\Plugins\ScriptPlugin\Intermediate\Build\Win64\UE4Editor\Development\UE4Editor-ScriptEditorPlugin.exp
  [374/462] Link UE4Editor-AnalyticsMulticastEditor.lib
  [375/462] Link UE4Editor-AdjustEditor.lib
    正在创建库 E:\UnrealEngine\Engine\Plugins\Slate\SlateRemote\Intermediate\Build\Win64\UE4Editor\Development\UE4Editor-SlateRemote.lib 和对象 E:\UnrealEngine\Engine\Plugins\Slate\SlateRemote\Intermediate\Build\Win64\UE4Editor\Development\UE4Editor-SlateRemote.exp
  [376/462] Link UE4Editor-OnlineSubsystemSteam.lib
    正在创建库 E:\UnrealEngine\Engine\Intermediate\Build\Win64\UE4Editor\Development\UE4Editor-RuntimeAssetCache.lib 和对象 E:\UnrealEngine\Engine\Intermediate\Build\Win64\UE4Editor\Development\UE4Editor-RuntimeAssetCache.exp
  [377/462] Link UE4Editor-SynthesisEditor.lib
    正在创建库 E:\UnrealEngine\Engine\Plugins\Runtime\Analytics\AnalyticsMulticast\Intermediate\Build\Win64\UE4Editor\Development\UE4Editor-AnalyticsMulticastEditor.lib 和对象 E:\UnrealEngine\Engine\Plugins\Runtime\Analytics\AnalyticsMulticast\Intermediate\Build\Win64\UE4Editor\Development\UE4Editor-AnalyticsMulticastEditor.exp
  [378/462] Link UE4Editor-OnlineSubsystemOculus.lib
    正在创建库 E:\UnrealEngine\Engine\Plugins\Runtime\Analytics\Adjust\Intermediate\Build\Win64\UE4Editor\Development\UE4Editor-AdjustEditor.lib 和对象 E:\UnrealEngine\Engine\Plugins\Runtime\Analytics\Adjust\Intermediate\Build\Win64\UE4Editor\Development\UE4Editor-AdjustEditor.exp
    正在创建库 E:\UnrealEngine\Engine\Plugins\Online\OnlineSubsystemSteam\Intermediate\Build\Win64\UE4Editor\Development\UE4Editor-OnlineSubsystemSteam.lib 和对象 E:\UnrealEngine\Engine\Plugins\Online\OnlineSubsystemSteam\Intermediate\Build\Win64\UE4Editor\Development\UE4Editor-OnlineSubsystemSteam.exp
  [379/462] Link UE4Editor-HTNTestSuite.lib
  [380/462] Link UE4Editor-SteamAudioEditor.lib
    正在创建库 E:\UnrealEngine\Engine\Plugins\Runtime\Synthesis\Intermediate\Build\Win64\UE4Editor\Development\UE4Editor-SynthesisEditor.lib 和对象 E:\UnrealEngine\Engine\Plugins\Runtime\Synthesis\Intermediate\Build\Win64\UE4Editor\Development\UE4Editor-SynthesisEditor.exp
  [381/462] Link UE4Editor-LeapMotion.lib
    正在创建库 E:\UnrealEngine\Engine\Plugins\Online\OnlineSubsystemOculus\Intermediate\Build\Win64\UE4Editor\Development\UE4Editor-OnlineSubsystemOculus.lib 和对象 E:\UnrealEngine\Engine\Plugins\Online\OnlineSubsystemOculus\Intermediate\Build\Win64\UE4Editor\Development\UE4Editor-OnlineSubsystemOculus.exp
  [382/462] Link UE4Editor-SoundVisualizations.lib
    正在创建库 E:\UnrealEngine\Engine\Plugins\Runtime\HTNPlanner\Intermediate\Build\Win64\UE4Editor\Development\UE4Editor-HTNTestSuite.lib 和对象 E:\UnrealEngine\Engine\Plugins\Runtime\HTNPlanner\Intermediate\Build\Win64\UE4Editor\Development\UE4Editor-HTNTestSuite.exp
    正在创建库 E:\UnrealEngine\Engine\Plugins\Runtime\Steam\SteamAudio\Intermediate\Build\Win64\UE4Editor\Development\UE4Editor-SteamAudioEditor.lib 和对象 E:\UnrealEngine\Engine\Plugins\Runtime\Steam\SteamAudio\Intermediate\Build\Win64\UE4Editor\Development\UE4Editor-SteamAudioEditor.exp
  [383/462] Link UE4Editor-WebBrowserWidget.lib
  [384/462] Link UE4Editor-MixedRealityFramework.lib
    正在创建库 E:\UnrealEngine\Engine\Plugins\Runtime\LeapMotion\Intermediate\Build\Win64\UE4Editor\Development\UE4Editor-LeapMotion.lib 和对象 E:\UnrealEngine\Engine\Plugins\Runtime\LeapMotion\Intermediate\Build\Win64\UE4Editor\Development\UE4Editor-LeapMotion.exp
  [385/462] Link UE4Editor-FlurryEditor.lib
    正在创建库 E:\UnrealEngine\Engine\Plugins\Runtime\SoundVisualizations\Intermediate\Build\Win64\UE4Editor\Development\UE4Editor-SoundVisualizations.lib 和对象 E:\UnrealEngine\Engine\Plugins\Runtime\SoundVisualizations\Intermediate\Build\Win64\UE4Editor\Development\UE4Editor-SoundVisualizations.exp
  [386/462] Link UE4Editor-MIDIDevice.lib
    正在创建库 E:\UnrealEngine\Engine\Plugins\Runtime\WebBrowserWidget\Intermediate\Build\Win64\UE4Editor\Development\UE4Editor-WebBrowserWidget.lib 和对象 E:\UnrealEngine\Engine\Plugins\Runtime\WebBrowserWidget\Intermediate\Build\Win64\UE4Editor\Development\UE4Editor-WebBrowserWidget.exp
  [387/462] Link UE4Editor-MeshReconstructionEditor.lib
    正在创建库 E:\UnrealEngine\Engine\Plugins\Runtime\Analytics\Flurry\Intermediate\Build\Win64\UE4Editor\Development\UE4Editor-FlurryEditor.lib 和对象 E:\UnrealEngine\Engine\Plugins\Runtime\Analytics\Flurry\Intermediate\Build\Win64\UE4Editor\Development\UE4Editor-FlurryEditor.exp
  [388/462] Link UE4Editor-OptionalMobileFeaturesBPLibrary.lib
    正在创建库 E:\UnrealEngine\Engine\Plugins\Runtime\MixedRealityFramework\Intermediate\Build\Win64\UE4Editor\Development\UE4Editor-MixedRealityFramework.lib 和对象 E:\UnrealEngine\Engine\Plugins\Runtime\MixedRealityFramework\Intermediate\Build\Win64\UE4Editor\Development\UE4Editor-MixedRealityFramework.exp
  [389/462] Link UE4Editor-TangoAreaLearning.lib
    正在创建库 E:\UnrealEngine\Engine\Plugins\Runtime\MIDIDevice\Intermediate\Build\Win64\UE4Editor\Development\UE4Editor-MIDIDevice.lib 和对象 E:\UnrealEngine\Engine\Plugins\Runtime\MIDIDevice\Intermediate\Build\Win64\UE4Editor\Development\UE4Editor-MIDIDevice.exp
  [390/462] Link UE4Editor-OodleHandlerComponent.lib
    正在创建库 E:\UnrealEngine\Engine\Plugins\Runtime\GoogleTango\Intermediate\Build\Win64\UE4Editor\Development\UE4Editor-MeshReconstructionEditor.lib 和对象 E:\UnrealEngine\Engine\Plugins\Runtime\GoogleTango\Intermediate\Build\Win64\UE4Editor\Development\UE4Editor-MeshReconstructionEditor.exp
  [391/462] Link UE4Editor-GameplayAbilitiesEditor.lib
    正在创建库 E:\UnrealEngine\Engine\Plugins\Runtime\OptionalMobileFeaturesBPLibrary\Intermediate\Build\Win64\UE4Editor\Development\UE4Editor-OptionalMobileFeaturesBPLibrary.lib 和对象 E:\UnrealEngine\Engine\Plugins\Runtime\OptionalMobileFeaturesBPLibrary\Intermediate\Build\Win64\UE4Editor\Development\UE4Editor-OptionalMobileFeaturesBPLibrary.exp
    正在创建库 E:\UnrealEngine\Engine\Plugins\Runtime\GoogleTango\Intermediate\Build\Win64\UE4Editor\Development\UE4Editor-TangoAreaLearning.lib 和对象 E:\UnrealEngine\Engine\Plugins\Runtime\GoogleTango\Intermediate\Build\Win64\UE4Editor\Development\UE4Editor-TangoAreaLearning.exp
  [392/462] Link UE4Editor-SignificanceManager.lib
  [393/462] Link UE4Editor-SoundModImporter.lib
    正在创建库 E:\UnrealEngine\Engine\Plugins\Runtime\PacketHandlers\CompressionComponents\Oodle\Intermediate\Build\Win64\UE4Editor\Development\NotForLicensees\UE4Editor-OodleHandlerComponent.lib 和对象 E:\UnrealEngine\Engine\Plugins\Runtime\PacketHandlers\CompressionComponents\Oodle\Intermediate\Build\Win64\UE4Editor\Development\NotForLicensees\UE4Editor-OodleHandlerComponent.exp
  [394/462] Link UE4Editor-FriendsAndChat.lib
    正在创建库 E:\UnrealEngine\Engine\Plugins\Runtime\GameplayAbilities\Intermediate\Build\Win64\UE4Editor\Development\UE4Editor-GameplayAbilitiesEditor.lib 和对象 E:\UnrealEngine\Engine\Plugins\Runtime\GameplayAbilities\Intermediate\Build\Win64\UE4Editor\Development\UE4Editor-GameplayAbilitiesEditor.exp
  [395/462] Link UE4Editor-DummyMeshReconstructor.lib
    正在创建库 E:\UnrealEngine\Engine\Plugins\Runtime\SignificanceManager\Intermediate\Build\Win64\UE4Editor\Development\UE4Editor-SignificanceManager.lib 和对象 E:\UnrealEngine\Engine\Plugins\Runtime\SignificanceManager\Intermediate\Build\Win64\UE4Editor\Development\UE4Editor-SignificanceManager.exp
  [396/462] Link UE4Editor-Rejoin.lib
    正在创建库 E:\UnrealEngine\Engine\Plugins\Runtime\SoundMod\Intermediate\Build\Win64\UE4Editor\Development\UE4Editor-SoundModImporter.lib 和对象 E:\UnrealEngine\Engine\Plugins\Runtime\SoundMod\Intermediate\Build\Win64\UE4Editor\Development\UE4Editor-SoundModImporter.exp
  [397/462] Link UE4Editor-LocationServicesIOSEditor.lib
    正在创建库 E:\UnrealEngine\Engine\Intermediate\Build\Win64\UE4Editor\Development\UE4Editor-FriendsAndChat.lib 和对象 E:\UnrealEngine\Engine\Intermediate\Build\Win64\UE4Editor\Development\UE4Editor-FriendsAndChat.exp
  [398/462] Link UE4Editor-LocationServicesAndroidEditor.lib
    正在创建库 E:\UnrealEngine\Engine\Plugins\Runtime\MeshReconstruction\DummyMeshReconstructor\Intermediate\Build\Win64\UE4Editor\Development\UE4Editor-DummyMeshReconstructor.lib 和对象 E:\UnrealEngine\Engine\Plugins\Runtime\MeshReconstruction\DummyMeshReconstructor\Intermediate\Build\Win64\UE4Editor\Development\UE4Editor-DummyMeshReconstructor.exp
  [399/462] Link UE4Editor-GoogleVRTransition2D.lib
    正在创建库 E:\UnrealEngine\Engine\Plugins\Online\OnlineFramework\Intermediate\Build\Win64\UE4Editor\Development\UE4Editor-Rejoin.lib 和对象 E:\UnrealEngine\Engine\Plugins\Online\OnlineFramework\Intermediate\Build\Win64\UE4Editor\Development\UE4Editor-Rejoin.exp
  [400/462] Link UE4Editor-GameMenuBuilder.lib
    正在创建库 E:\UnrealEngine\Engine\Plugins\Runtime\LocationServicesIOSImpl\Intermediate\Build\Win64\UE4Editor\Development\UE4Editor-LocationServicesIOSEditor.lib 和对象 E:\UnrealEngine\Engine\Plugins\Runtime\LocationServicesIOSImpl\Intermediate\Build\Win64\UE4Editor\Development\UE4Editor-LocationServicesIOSEditor.exp
  [401/462] Link UE4Editor-FunctionalTestingEditor.lib
    正在创建库 E:\UnrealEngine\Engine\Plugins\Runtime\LocationServicesAndroidImpl\Intermediate\Build\Win64\UE4Editor\Development\UE4Editor-LocationServicesAndroidEditor.lib 和对象 E:\UnrealEngine\Engine\Plugins\Runtime\LocationServicesAndroidImpl\Intermediate\Build\Win64\UE4Editor\Development\UE4Editor-LocationServicesAndroidEditor.exp
  [402/462] Link UE4Editor-EditorTests.lib
    正在创建库 E:\UnrealEngine\Engine\Plugins\Runtime\GoogleVR\GoogleVRTransition2D\Intermediate\Build\Win64\UE4Editor\Development\UE4Editor-GoogleVRTransition2D.lib 和对象 E:\UnrealEngine\Engine\Plugins\Runtime\GoogleVR\GoogleVRTransition2D\Intermediate\Build\Win64\UE4Editor\Development\UE4Editor-GoogleVRTransition2D.exp
  [403/462] Link UE4Editor-AnalyticsBlueprintLibrary.lib
    正在创建库 E:\UnrealEngine\Engine\Intermediate\Build\Win64\UE4Editor\Development\UE4Editor-GameMenuBuilder.lib 和对象 E:\UnrealEngine\Engine\Intermediate\Build\Win64\UE4Editor\Development\UE4Editor-GameMenuBuilder.exp
  [404/462] Link UE4Editor-SoundUtilitiesEditor.lib
    正在创建库 E:\UnrealEngine\Engine\Plugins\Tests\FunctionalTestingEditor\Intermediate\Build\Win64\UE4Editor\Development\UE4Editor-FunctionalTestingEditor.lib 和对象 E:\UnrealEngine\Engine\Plugins\Tests\FunctionalTestingEditor\Intermediate\Build\Win64\UE4Editor\Development\UE4Editor-FunctionalTestingEditor.exp
  [405/462] Link UE4Editor-ControlRigEditor.lib
    正在创建库 E:\UnrealEngine\Engine\Plugins\Tests\EditorTests\Intermediate\Build\Win64\UE4Editor\Development\UE4Editor-EditorTests.lib 和对象 E:\UnrealEngine\Engine\Plugins\Tests\EditorTests\Intermediate\Build\Win64\UE4Editor\Development\UE4Editor-EditorTests.exp
  [406/462] Link UE4Editor-ImagePlateEditor.lib
    正在创建库 E:\UnrealEngine\Engine\Plugins\Runtime\Analytics\AnalyticsBlueprintLibrary\Intermediate\Build\Win64\UE4Editor\Development\UE4Editor-AnalyticsBlueprintLibrary.lib 和对象 E:\UnrealEngine\Engine\Plugins\Runtime\Analytics\AnalyticsBlueprintLibrary\Intermediate\Build\Win64\UE4Editor\Development\UE4Editor-AnalyticsBlueprintLibrary.exp
  [407/462] Link UE4Editor-CodeEditor.lib
    正在创建库 E:\UnrealEngine\Engine\Plugins\Runtime\SoundUtilities\Intermediate\Build\Win64\UE4Editor\Development\UE4Editor-SoundUtilitiesEditor.lib 和对象 E:\UnrealEngine\Engine\Plugins\Runtime\SoundUtilities\Intermediate\Build\Win64\UE4Editor\Development\UE4Editor-SoundUtilitiesEditor.exp
  [408/462] Link UE4Editor-LiveLink.lib
    正在创建库 E:\UnrealEngine\Engine\Plugins\Experimental\ControlRig\Intermediate\Build\Win64\UE4Editor\Development\UE4Editor-ControlRigEditor.lib 和对象 E:\UnrealEngine\Engine\Plugins\Experimental\ControlRig\Intermediate\Build\Win64\UE4Editor\Development\UE4Editor-ControlRigEditor.exp
  [409/462] Link UE4Editor-RawInput.lib
    正在创建库 E:\UnrealEngine\Engine\Plugins\Experimental\ImagePlate\Intermediate\Build\Win64\UE4Editor\Development\UE4Editor-ImagePlateEditor.lib 和对象 E:\UnrealEngine\Engine\Plugins\Experimental\ImagePlate\Intermediate\Build\Win64\UE4Editor\Development\UE4Editor-ImagePlateEditor.exp
    正在创建库 E:\UnrealEngine\Engine\Plugins\Experimental\CodeEditor\Intermediate\Build\Win64\UE4Editor\Development\UE4Editor-CodeEditor.lib 和对象 E:\UnrealEngine\Engine\Plugins\Experimental\CodeEditor\Intermediate\Build\Win64\UE4Editor\Development\UE4Editor-CodeEditor.exp
  [410/462] Link UE4Editor-AppleARKitEditor.lib
  [411/462] Link UE4Editor-LensDistortion.lib
    正在创建库 E:\UnrealEngine\Engine\Plugins\Experimental\LiveLink\Intermediate\Build\Win64\UE4Editor\Development\UE4Editor-LiveLink.lib 和对象 E:\UnrealEngine\Engine\Plugins\Experimental\LiveLink\Intermediate\Build\Win64\UE4Editor\Development\UE4Editor-LiveLink.exp
  [412/462] Link UE4Editor-OneSkyLocalizationService.lib
    正在创建库 E:\UnrealEngine\Engine\Plugins\Experimental\RawInput\Intermediate\Build\Win64\UE4Editor\Development\UE4Editor-RawInput.lib 和对象 E:\UnrealEngine\Engine\Plugins\Experimental\RawInput\Intermediate\Build\Win64\UE4Editor\Development\UE4Editor-RawInput.exp
  [413/462] Link UE4Editor-Hotfix.lib
    正在创建库 E:\UnrealEngine\Engine\Plugins\Compositing\LensDistortion\Intermediate\Build\Win64\UE4Editor\Development\UE4Editor-LensDistortion.lib 和对象 E:\UnrealEngine\Engine\Plugins\Compositing\LensDistortion\Intermediate\Build\Win64\UE4Editor\Development\UE4Editor-LensDistortion.exp
  [414/462] Link UE4Editor-RenderDocPlugin.lib
    正在创建库 E:\UnrealEngine\Engine\Plugins\Experimental\AppleARKit\Intermediate\Build\Win64\UE4Editor\Development\UE4Editor-AppleARKitEditor.lib 和对象 E:\UnrealEngine\Engine\Plugins\Experimental\AppleARKit\Intermediate\Build\Win64\UE4Editor\Development\UE4Editor-AppleARKitEditor.exp
  [415/462] Link UE4Editor-USDImporter.lib
    正在创建库 E:\UnrealEngine\Engine\Plugins\Developer\OneSkyLocalizationService\Intermediate\Build\Win64\UE4Editor\Development\UE4Editor-OneSkyLocalizationService.lib 和对象 E:\UnrealEngine\Engine\Plugins\Developer\OneSkyLocalizationService\Intermediate\Build\Win64\UE4Editor\Development\UE4Editor-OneSkyLocalizationService.exp
  [416/462] Link UE4Editor-Party.lib
    正在创建库 E:\UnrealEngine\Engine\Plugins\Online\OnlineFramework\Intermediate\Build\Win64\UE4Editor\Development\UE4Editor-Hotfix.lib 和对象 E:\UnrealEngine\Engine\Plugins\Online\OnlineFramework\Intermediate\Build\Win64\UE4Editor\Development\UE4Editor-Hotfix.exp
    正在创建库 E:\UnrealEngine\Engine\Plugins\Developer\RenderDocPlugin\Intermediate\Build\Win64\UE4Editor\Development\UE4Editor-RenderDocPlugin.lib 和对象 E:\UnrealEngine\Engine\Plugins\Developer\RenderDocPlugin\Intermediate\Build\Win64\UE4Editor\Development\UE4Editor-RenderDocPlugin.exp
  [417/462] Link UE4Editor-StereoPanorama.lib
  [418/462] Link UE4Editor-GameCircleRuntimeSettings.lib
    正在创建库 E:\UnrealEngine\Engine\Plugins\Editor\USDImporter\Intermediate\Build\Win64\UE4Editor\Development\UE4Editor-USDImporter.lib 和对象 E:\UnrealEngine\Engine\Plugins\Editor\USDImporter\Intermediate\Build\Win64\UE4Editor\Development\UE4Editor-USDImporter.exp
    正在创建库 E:\UnrealEngine\Engine\Plugins\Online\OnlineFramework\Intermediate\Build\Win64\UE4Editor\Development\UE4Editor-Party.lib 和对象 E:\UnrealEngine\Engine\Plugins\Online\OnlineFramework\Intermediate\Build\Win64\UE4Editor\Development\UE4Editor-Party.exp
  [419/462] Link UE4Editor-Qos.lib
  [420/462] Link UE4Editor-NUTUnrealEngine4.lib
    正在创建库 E:\UnrealEngine\Engine\Plugins\Experimental\StereoPanorama\Intermediate\Build\Win64\UE4Editor\Development\UE4Editor-StereoPanorama.lib 和对象 E:\UnrealEngine\Engine\Plugins\Experimental\StereoPanorama\Intermediate\Build\Win64\UE4Editor\Development\UE4Editor-StereoPanorama.exp
  [421/462] Link UE4Editor-StructBox.lib
    正在创建库 E:\UnrealEngine\Engine\Plugins\Online\Android\OnlineSubsystemGameCircle\Intermediate\Build\Win64\UE4Editor\Development\Android\UE4Editor-GameCircleRuntimeSettings.lib 和对象 E:\UnrealEngine\Engine\Plugins\Online\Android\OnlineSubsystemGameCircle\Intermediate\Build\Win64\UE4Editor\Development\Android\UE4Editor-GameCircleRuntimeSettings.exp
  [422/462] Link UE4Editor-Lobby.lib
    正在创建库 E:\UnrealEngine\Engine\Plugins\Online\OnlineFramework\Intermediate\Build\Win64\UE4Editor\Development\UE4Editor-Qos.lib 和对象 E:\UnrealEngine\Engine\Plugins\Online\OnlineFramework\Intermediate\Build\Win64\UE4Editor\Development\UE4Editor-Qos.exp
  [423/462] Link UE4Editor-MfMediaEditor.lib
    正在创建库 E:\UnrealEngine\Engine\Plugins\NetcodeUnitTest\NUTUnrealEngine4\Intermediate\Build\Win64\UE4Editor\Development\UE4Editor-NUTUnrealEngine4.lib 和对象 E:\UnrealEngine\Engine\Plugins\NetcodeUnitTest\NUTUnrealEngine4\Intermediate\Build\Win64\UE4Editor\Development\UE4Editor-NUTUnrealEngine4.exp
  [424/462] Link UE4Editor-XMPP.lib
    正在创建库 E:\UnrealEngine\Engine\Plugins\Experimental\StructBox\Intermediate\Build\Win64\UE4Editor\Development\UE4Editor-StructBox.lib 和对象 E:\UnrealEngine\Engine\Plugins\Experimental\StructBox\Intermediate\Build\Win64\UE4Editor\Development\UE4Editor-StructBox.exp
    正在创建库 E:\UnrealEngine\Engine\Plugins\Online\OnlineFramework\Intermediate\Build\Win64\UE4Editor\Development\UE4Editor-Lobby.lib 和对象 E:\UnrealEngine\Engine\Plugins\Online\OnlineFramework\Intermediate\Build\Win64\UE4Editor\Development\UE4Editor-Lobby.exp
  [425/462] Link UE4Editor-SteamController.lib
  [426/462] Link UE4Editor-LauncherCheck.lib
    正在创建库 E:\UnrealEngine\Engine\Plugins\Media\MfMedia\Intermediate\Build\Win64\UE4Editor\Development\UE4Editor-MfMediaEditor.lib 和对象 E:\UnrealEngine\Engine\Plugins\Media\MfMedia\Intermediate\Build\Win64\UE4Editor\Development\UE4Editor-MfMediaEditor.exp
  [427/462] Link UE4Editor-HTTPChunkInstaller.lib
    正在创建库 E:\UnrealEngine\Engine\Intermediate\Build\Win64\UE4Editor\Development\UE4Editor-XMPP.lib 和对象 E:\UnrealEngine\Engine\Intermediate\Build\Win64\UE4Editor\Development\UE4Editor-XMPP.exp
  [428/462] Link UE4Editor-UE4Game.lib
    正在创建库 E:\UnrealEngine\Engine\Plugins\Runtime\Steam\SteamController\Intermediate\Build\Win64\UE4Editor\Development\UE4Editor-SteamController.lib 和对象 E:\UnrealEngine\Engine\Plugins\Runtime\Steam\SteamController\Intermediate\Build\Win64\UE4Editor\Development\UE4Editor-SteamController.exp
  [429/462] Link UE4Editor-AutomationDriver.lib
    正在创建库 E:\UnrealEngine\Engine\Intermediate\Build\Win64\UE4Editor\Development\UE4Editor-LauncherCheck.lib 和对象 E:\UnrealEngine\Engine\Intermediate\Build\Win64\UE4Editor\Development\UE4Editor-LauncherCheck.exp
    正在创建库 E:\UnrealEngine\Engine\Plugins\Runtime\HTTPChunkInstaller\Intermediate\Build\Win64\UE4Editor\Development\UE4Editor-HTTPChunkInstaller.lib 和对象 E:\UnrealEngine\Engine\Plugins\Runtime\HTTPChunkInstaller\Intermediate\Build\Win64\UE4Editor\Development\UE4Editor-HTTPChunkInstaller.exp
  [430/462] Link UE4Editor-ScreenshotTools.lib
  [431/462] Link UE4Editor-IPC.lib
    正在创建库 E:\UnrealEngine\Engine\Intermediate\Build\Win64\UE4Editor\Development\UE4Editor-UE4Game.lib 和对象 E:\UnrealEngine\Engine\Intermediate\Build\Win64\UE4Editor\Development\UE4Editor-UE4Game.exp
  [432/462] Link UE4Editor-QoSReporter.lib
    正在创建库 E:\UnrealEngine\Engine\Intermediate\Build\Win64\UE4Editor\Development\UE4Editor-AutomationDriver.lib 和对象 E:\UnrealEngine\Engine\Intermediate\Build\Win64\UE4Editor\Development\UE4Editor-AutomationDriver.exp
    正在创建库 E:\UnrealEngine\Engine\Plugins\Tests\ScreenshotTools\Intermediate\Build\Win64\UE4Editor\Development\UE4Editor-ScreenshotTools.lib 和对象 E:\UnrealEngine\Engine\Plugins\Tests\ScreenshotTools\Intermediate\Build\Win64\UE4Editor\Development\UE4Editor-ScreenshotTools.exp
  [433/462] Link UE4Editor-RuntimeTests.lib
  [434/462] Link UE4Editor-InMemoryNetworkReplayStreaming.lib
    正在创建库 E:\UnrealEngine\Engine\Intermediate\Build\Win64\UE4Editor\Development\UE4Editor-IPC.lib 和对象 E:\UnrealEngine\Engine\Intermediate\Build\Win64\UE4Editor\Development\UE4Editor-IPC.exp
  [435/462] Link UE4Editor-OculusAudio.lib
    正在创建库 E:\UnrealEngine\Engine\Intermediate\Build\Win64\UE4Editor\Development\UE4Editor-QoSReporter.lib 和对象 E:\UnrealEngine\Engine\Intermediate\Build\Win64\UE4Editor\Development\UE4Editor-QoSReporter.exp
  [436/462] Link UE4Editor-TextureFormatAndroid.lib
    正在创建库 E:\UnrealEngine\Engine\Plugins\Tests\RuntimeTests\Intermediate\Build\Win64\UE4Editor\Development\UE4Editor-RuntimeTests.lib 和对象 E:\UnrealEngine\Engine\Plugins\Tests\RuntimeTests\Intermediate\Build\Win64\UE4Editor\Development\UE4Editor-RuntimeTests.exp
  [437/462] Link UE4Editor-Ansel.lib
    正在创建库 E:\UnrealEngine\Engine\Intermediate\Build\Win64\UE4Editor\Development\UE4Editor-InMemoryNetworkReplayStreaming.lib 和对象 E:\UnrealEngine\Engine\Intermediate\Build\Win64\UE4Editor\Development\UE4Editor-InMemoryNetworkReplayStreaming.exp
    正在创建库 E:\UnrealEngine\Engine\Plugins\Runtime\Oculus\OculusAudio\Intermediate\Build\Win64\UE4Editor\Development\UE4Editor-OculusAudio.lib 和对象 E:\UnrealEngine\Engine\Plugins\Runtime\Oculus\OculusAudio\Intermediate\Build\Win64\UE4Editor\Development\UE4Editor-OculusAudio.exp
  [438/462] Link UE4Editor-SlateFileDialogs.lib
  [439/462] Link UE4Editor-FbxAutomationTestBuilder.lib
    正在创建库 E:\UnrealEngine\Engine\Intermediate\Build\Win64\UE4Editor\Development\UE4Editor-TextureFormatAndroid.lib 和对象 E:\UnrealEngine\Engine\Intermediate\Build\Win64\UE4Editor\Development\UE4Editor-TextureFormatAndroid.exp
  [440/462] Link UE4Editor-ImageDownload.lib
    正在创建库 E:\UnrealEngine\Engine\Plugins\Runtime\Nvidia\Ansel\Intermediate\Build\Win64\UE4Editor\Development\UE4Editor-Ansel.lib 和对象 E:\UnrealEngine\Engine\Plugins\Runtime\Nvidia\Ansel\Intermediate\Build\Win64\UE4Editor\Development\UE4Editor-Ansel.exp
  [441/462] Link UE4Editor-SlackIntegrations.lib
    正在创建库 E:\UnrealEngine\Engine\Intermediate\Build\Win64\UE4Editor\Development\UE4Editor-SlateFileDialogs.lib 和对象 E:\UnrealEngine\Engine\Intermediate\Build\Win64\UE4Editor\Development\UE4Editor-SlateFileDialogs.exp
  [442/462] Link UE4Editor-Stomp.lib
    正在创建库 E:\UnrealEngine\Engine\Plugins\Tests\FbxAutomationTestBuilder\Intermediate\Build\Win64\UE4Editor\Development\UE4Editor-FbxAutomationTestBuilder.lib 和对象 E:\UnrealEngine\Engine\Plugins\Tests\FbxAutomationTestBuilder\Intermediate\Build\Win64\UE4Editor\Development\UE4Editor-FbxAutomationTestBuilder.exp
  [443/462] Link UE4Editor-CrashDebugHelper.lib
    正在创建库 E:\UnrealEngine\Engine\Intermediate\Build\Win64\UE4Editor\Development\UE4Editor-ImageDownload.lib 和对象 E:\UnrealEngine\Engine\Intermediate\Build\Win64\UE4Editor\Development\UE4Editor-ImageDownload.exp
  [444/462] Link UE4Editor-WindowsDeviceProfileSelector.lib
    正在创建库 E:\UnrealEngine\Engine\Intermediate\Build\Win64\UE4Editor\Development\UE4Editor-SlackIntegrations.lib 和对象 E:\UnrealEngine\Engine\Intermediate\Build\Win64\UE4Editor\Development\UE4Editor-SlackIntegrations.exp
  [445/462] Link UE4Editor-AnalyticsSwrve.lib
    正在创建库 E:\UnrealEngine\Engine\Intermediate\Build\Win64\UE4Editor\Development\UE4Editor-Stomp.lib 和对象 E:\UnrealEngine\Engine\Intermediate\Build\Win64\UE4Editor\Development\UE4Editor-Stomp.exp
  [446/462] Link UE4Editor-FileLogging.lib
    正在创建库 E:\UnrealEngine\Engine\Intermediate\Build\Win64\UE4Editor\Development\UE4Editor-CrashDebugHelper.lib 和对象 E:\UnrealEngine\Engine\Intermediate\Build\Win64\UE4Editor\Development\UE4Editor-CrashDebugHelper.exp
  [447/462] Link UE4Editor-SimpleHMD.lib
    正在创建库 E:\UnrealEngine\Engine\Plugins\Runtime\WindowsDeviceProfileSelector\Intermediate\Build\Win64\UE4Editor\Development\UE4Editor-WindowsDeviceProfileSelector.lib 和对象 E:\UnrealEngine\Engine\Plugins\Runtime\WindowsDeviceProfileSelector\Intermediate\Build\Win64\UE4Editor\Development\UE4Editor-WindowsDeviceProfileSelector.exp
  [448/462] Link UE4Editor-MfMediaFactory.lib
    正在创建库 E:\UnrealEngine\Engine\Intermediate\Build\Win64\UE4Editor\Development\UE4Editor-AnalyticsSwrve.lib 和对象 E:\UnrealEngine\Engine\Intermediate\Build\Win64\UE4Editor\Development\UE4Editor-AnalyticsSwrve.exp
  [449/462] Link UE4Editor-MessagingDebugger.lib
    正在创建库 E:\UnrealEngine\Engine\Plugins\Runtime\Analytics\FileLogging\Intermediate\Build\Win64\UE4Editor\Development\UE4Editor-FileLogging.lib 和对象 E:\UnrealEngine\Engine\Plugins\Runtime\Analytics\FileLogging\Intermediate\Build\Win64\UE4Editor\Development\UE4Editor-FileLogging.exp
  [450/462] Link UE4Editor-OnlineSubsystemAmazon.lib
    正在创建库 E:\UnrealEngine\Engine\Plugins\Experimental\SimpleHMD\Intermediate\Build\Win64\UE4Editor\Development\UE4Editor-SimpleHMD.lib 和对象 E:\UnrealEngine\Engine\Plugins\Experimental\SimpleHMD\Intermediate\Build\Win64\UE4Editor\Development\UE4Editor-SimpleHMD.exp
  [451/462] Link UE4Editor-OnlineSubsystemFacebook.lib
    正在创建库 E:\UnrealEngine\Engine\Plugins\Media\MfMedia\Intermediate\Build\Win64\UE4Editor\Development\UE4Editor-MfMediaFactory.lib 和对象 E:\UnrealEngine\Engine\Plugins\Media\MfMedia\Intermediate\Build\Win64\UE4Editor\Development\UE4Editor-MfMediaFactory.exp
  [452/462] Link UE4Editor-OnlineSubsystemGoogle.lib
    正在创建库 E:\UnrealEngine\Engine\Plugins\Messaging\MessagingDebugger\Intermediate\Build\Win64\UE4Editor\Development\UE4Editor-MessagingDebugger.lib 和对象 E:\UnrealEngine\Engine\Plugins\Messaging\MessagingDebugger\Intermediate\Build\Win64\UE4Editor\Development\UE4Editor-MessagingDebugger.exp
  [453/462] Link UE4Editor-OnlineSubsystemTwitch.lib
    正在创建库 E:\UnrealEngine\Engine\Plugins\Online\OnlineSubsystemAmazon\Intermediate\Build\Win64\UE4Editor\Development\UE4Editor-OnlineSubsystemAmazon.lib 和对象 E:\UnrealEngine\Engine\Plugins\Online\OnlineSubsystemAmazon\Intermediate\Build\Win64\UE4Editor\Development\UE4Editor-OnlineSubsystemAmazon.exp
  [454/462] Link UE4Editor-PerformanceMonitor.lib
    正在创建库 E:\UnrealEngine\Engine\Plugins\Online\OnlineSubsystemFacebook\Intermediate\Build\Win64\UE4Editor\Development\UE4Editor-OnlineSubsystemFacebook.lib 和对象 E:\UnrealEngine\Engine\Plugins\Online\OnlineSubsystemFacebook\Intermediate\Build\Win64\UE4Editor\Development\UE4Editor-OnlineSubsystemFacebook.exp
    正在创建库 E:\UnrealEngine\Engine\Plugins\Online\OnlineSubsystemGoogle\Intermediate\Build\Win64\UE4Editor\Development\UE4Editor-OnlineSubsystemGoogle.lib 和对象 E:\UnrealEngine\Engine\Plugins\Online\OnlineSubsystemGoogle\Intermediate\Build\Win64\UE4Editor\Development\UE4Editor-OnlineSubsystemGoogle.exp
  [455/462] Link UE4Editor-OSVRInput.lib
  [456/462] Link UE4Editor-ActorSequenceEditor.lib
    正在创建库 E:\UnrealEngine\Engine\Plugins\Online\OnlineSubsystemTwitch\Intermediate\Build\Win64\UE4Editor\Development\UE4Editor-OnlineSubsystemTwitch.lib 和对象 E:\UnrealEngine\Engine\Plugins\Online\OnlineSubsystemTwitch\Intermediate\Build\Win64\UE4Editor\Development\UE4Editor-OnlineSubsystemTwitch.exp
  [457/462] Link UE4Editor-AnalyticsMulticast.lib
    正在创建库 E:\UnrealEngine\Engine\Plugins\Performance\PerformanceMonitor\Intermediate\Build\Win64\UE4Editor\Development\UE4Editor-PerformanceMonitor.lib 和对象 E:\UnrealEngine\Engine\Plugins\Performance\PerformanceMonitor\Intermediate\Build\Win64\UE4Editor\Development\UE4Editor-PerformanceMonitor.exp
  [458/462] Link UE4Editor-EpicSurvey.lib
    正在创建库 E:\UnrealEngine\Engine\Plugins\Experimental\OSVR\Intermediate\Build\Win64\UE4Editor\Development\UE4Editor-OSVRInput.lib 和对象 E:\UnrealEngine\Engine\Plugins\Experimental\OSVR\Intermediate\Build\Win64\UE4Editor\Development\UE4Editor-OSVRInput.exp
  [459/462] Link UE4Editor-BlankPlugin.lib
    正在创建库 E:\UnrealEngine\Engine\Plugins\MovieScene\ActorSequenceEditor\Intermediate\Build\Win64\UE4Editor\Development\UE4Editor-ActorSequenceEditor.lib 和对象 E:\UnrealEngine\Engine\Plugins\MovieScene\ActorSequenceEditor\Intermediate\Build\Win64\UE4Editor\Development\UE4Editor-ActorSequenceEditor.exp
  [460/462] Link UE4Editor-ComposureEditor.lib
    正在创建库 E:\UnrealEngine\Engine\Plugins\Runtime\Analytics\AnalyticsMulticast\Intermediate\Build\Win64\UE4Editor\Development\UE4Editor-AnalyticsMulticast.lib 和对象 E:\UnrealEngine\Engine\Plugins\Runtime\Analytics\AnalyticsMulticast\Intermediate\Build\Win64\UE4Editor\Development\UE4Editor-AnalyticsMulticast.exp
  [461/462] Link UE4Editor-CodeView.lib
    正在创建库 E:\UnrealEngine\Engine\Plugins\Editor\EpicSurvey\Intermediate\Build\Win64\UE4Editor\Development\UE4Editor-EpicSurvey.lib 和对象 E:\UnrealEngine\Engine\Plugins\Editor\EpicSurvey\Intermediate\Build\Win64\UE4Editor\Development\UE4Editor-EpicSurvey.exp
  [462/462] Link UE4Editor-BlueprintStats.lib
    正在创建库 E:\UnrealEngine\Engine\Plugins\Developer\BlankPlugin\Intermediate\Build\Win64\UE4Editor\Development\UE4Editor-BlankPlugin.lib 和对象 E:\UnrealEngine\Engine\Plugins\Developer\BlankPlugin\Intermediate\Build\Win64\UE4Editor\Development\UE4Editor-BlankPlugin.exp
    正在创建库 E:\UnrealEngine\Engine\Plugins\Compositing\Composure\Intermediate\Build\Win64\UE4Editor\Development\UE4Editor-ComposureEditor.lib 和对象 E:\UnrealEngine\Engine\Plugins\Compositing\Composure\Intermediate\Build\Win64\UE4Editor\Development\UE4Editor-ComposureEditor.exp
    正在创建库 E:\UnrealEngine\Engine\Plugins\Experimental\CodeView\Intermediate\Build\Win64\UE4Editor\Development\UE4Editor-CodeView.lib 和对象 E:\UnrealEngine\Engine\Plugins\Experimental\CodeView\Intermediate\Build\Win64\UE4Editor\Development\UE4Editor-CodeView.exp
    正在创建库 E:\UnrealEngine\Engine\Plugins\Experimental\BlueprintStats\Intermediate\Build\Win64\UE4Editor\Development\UE4Editor-BlueprintStats.lib 和对象 E:\UnrealEngine\Engine\Plugins\Experimental\BlueprintStats\Intermediate\Build\Win64\UE4Editor\Development\UE4Editor-BlueprintStats.exp
  Deploying UE4Editor Win64 Development...
  Total build time: 2237.93 seconds (Local executor: 1947.30 seconds)
