  Creating makefile for UnrealPak (no existing makefile)
  Performing full C++ include scan (no include cache file)
  Building UnrealHeaderTool...
  Target is up to date
  Total build time: 0.19 seconds (NoActionsToExecute executor: 0.01 seconds)
  Parsing headers for UnrealPak
    Running UnrealHeaderTool UnrealPak "E:\UnrealEngine\Engine\Intermediate\Build\Win64\UnrealPak\Development\UnrealPak.uhtmanifest" -LogCmds="loginit warning, logexit warning, logdatabase error" -Unattended -WarningsAsErrors -NoEnginePlugins
  Reflection code generated for UnrealPak in 1.05172 seconds
  Performing 28 actions (4 in parallel)
  PCH.Core.cpp
  PCH.CoreUObject.cpp
  SharedPCH.Core.cpp
  SharedPCH.CoreUObject.cpp
  Module.Core.1_of_9.cpp
  Module.PakFile.cpp
  Module.AssetRegistry.cpp
  Module.UnrealPak.cpp
  Module.CoreUObject.gen.cpp
  Module.CoreUObject.6_of_6.cpp
  Module.CoreUObject.5_of_6.cpp
  Module.CoreUObject.4_of_6.cpp
  Module.CoreUObject.3_of_6.cpp
  Module.CoreUObject.2_of_6.cpp
  Module.CoreUObject.1_of_6.cpp
  Module.Projects.cpp
  Module.Json.cpp
  Module.AssetRegistry.gen.cpp
  Module.Core.9_of_9.cpp
  Module.Core.8_of_9.cpp
  Module.Core.7_of_9.cpp
  Module.Core.6_of_9.cpp
  Module.Core.5_of_9.cpp
  Module.Core.4_of_9.cpp
  Module.Core.3_of_9.cpp
  Module.Core.2_of_9.cpp
  [27/28] Resource PCLaunch.rc
  [28/28] Link UnrealPak.exe
  Deploying UnrealPak Win64 Development...
  Total build time: 165.03 seconds (Local executor: 158.03 seconds)
