  Creating makefile for UnrealWatchdog (no existing makefile)
  Performing full C++ include scan (no include cache file)
  Performing 20 actions (4 in parallel)
  [3/20] Resource PCLaunch.rc
  PCH.Core.cpp
  SharedPCH.Core.cpp
  Module.Projects.cpp
  Module.HTTP.cpp
  Module.AnalyticsET.cpp
  Module.Json.cpp
  Module.SSL.cpp
  Module.Analytics.cpp
  Module.Core.9_of_9.cpp
  Module.Core.8_of_9.cpp
  Module.Core.7_of_9.cpp
  Module.Core.6_of_9.cpp
  Module.Core.5_of_9.cpp
  Module.Core.4_of_9.cpp
  Module.Core.3_of_9.cpp
  Module.Core.2_of_9.cpp
  Module.Core.1_of_9.cpp
  Module.UnrealWatchdog.cpp
  [20/20] Link UnrealWatchdog-Win64-Development.exe
  Deploying UnrealWatchdog Win64 Development...
  Total build time: 113.75 seconds (Local executor: 109.45 seconds)
