  Creating makefile for UnrealFileServer (no existing makefile)
  Performing full C++ include scan (no include cache file)
  Building UnrealHeaderTool...
  Target is up to date
  Total build time: 0.36 seconds (NoActionsToExecute executor: 0.00 seconds)
  Parsing headers for UnrealFileServer
    Running UnrealHeaderTool UnrealFileServer "E:\UnrealEngine\Engine\Intermediate\Build\Win64\UnrealFileServer\Development\UnrealFileServer.uhtmanifest" -LogCmds="loginit warning, logexit warning, logdatabase error" -Unattended -WarningsAsErrors -NoEnginePlugins
  Reflection code generated for UnrealFileServer in 1.3597993 seconds
  Performing 99 actions (4 in parallel)
  [2/99] Resource ModuleVersionResource.rc.inl
  [3/99] Resource PCLaunch.rc
  SharedPCH.Core.cpp
  PCH.Core.cpp
  PCH.CoreUObject.cpp
  PCH.ImageWrapper.cpp
  Module.ShaderCore.cpp
  Module.ShaderPreprocessor.cpp
  Module.Core.8_of_9.cpp
  Module.Core.7_of_9.cpp
  Module.Core.6_of_9.cpp
  Module.Core.5_of_9.cpp
  Module.Core.4_of_9.cpp
  Module.Core.9_of_9.cpp
  Module.Core.2_of_9.cpp
  Module.Core.1_of_9.cpp
  Module.Core.3_of_9.cpp
  [18/99] Link UnrealFileServer-ShaderCore.lib
    正在创建库 E:\UnrealEngine\Engine\Intermediate\Build\Win64\UnrealFileServer\Development\UnrealFileServer-ShaderCore.lib 和对象 E:\UnrealEngine\Engine\Intermediate\Build\Win64\UnrealFileServer\Development\UnrealFileServer-ShaderCore.exp
  Module.ShaderCompilerCommon.cpp
  Module.ImageWrapper.cpp
  Module.Projects.cpp
  Module.ImageCore.cpp
  Module.SandboxFile.cpp
  [24/99] Link UnrealFileServer-ShaderCompilerCommon.lib
    正在创建库 E:\UnrealEngine\Engine\Intermediate\Build\Win64\UnrealFileServer\Development\UnrealFileServer-ShaderCompilerCommon.lib 和对象 E:\UnrealEngine\Engine\Intermediate\Build\Win64\UnrealFileServer\Development\UnrealFileServer-ShaderCompilerCommon.exp
  [25/99] Link UnrealFileServer-ShaderPreprocessor.lib
  Module.Json.cpp
    正在创建库 E:\UnrealEngine\Engine\Intermediate\Build\Win64\UnrealFileServer\Development\UnrealFileServer-ShaderPreprocessor.lib 和对象 E:\UnrealEngine\Engine\Intermediate\Build\Win64\UnrealFileServer\Development\UnrealFileServer-ShaderPreprocessor.exp
  Module.Sockets.cpp
  Module.RHI.cpp
  [30/99] Link UnrealFileServer-Core.lib
  SharedPCH.CoreUObject.cpp
    正在创建库 E:\UnrealEngine\Engine\Intermediate\Build\Win64\UnrealFileServer\Development\UnrealFileServer-Core.lib 和对象 E:\UnrealEngine\Engine\Intermediate\Build\Win64\UnrealFileServer\Development\UnrealFileServer-Core.exp
  [31/99] Link UnrealFileServer-ImageWrapper.lib
    正在创建库 E:\UnrealEngine\Engine\Intermediate\Build\Win64\UnrealFileServer\Development\UnrealFileServer-ImageWrapper.lib 和对象 E:\UnrealEngine\Engine\Intermediate\Build\Win64\UnrealFileServer\Development\UnrealFileServer-ImageWrapper.exp
  [32/99] Link UnrealFileServer-ImageCore.lib
  [33/99] Link UnrealFileServer-Projects.lib
    正在创建库 E:\UnrealEngine\Engine\Intermediate\Build\Win64\UnrealFileServer\Development\UnrealFileServer-ImageCore.lib 和对象 E:\UnrealEngine\Engine\Intermediate\Build\Win64\UnrealFileServer\Development\UnrealFileServer-ImageCore.exp
    正在创建库 E:\UnrealEngine\Engine\Intermediate\Build\Win64\UnrealFileServer\Development\UnrealFileServer-Projects.lib 和对象 E:\UnrealEngine\Engine\Intermediate\Build\Win64\UnrealFileServer\Development\UnrealFileServer-Projects.exp
  [34/99] Link UnrealFileServer-SandboxFile.lib
  Module.TextureFormatIntelISPCTexComp.cpp
    正在创建库 E:\UnrealEngine\Engine\Intermediate\Build\Win64\UnrealFileServer\Development\UnrealFileServer-SandboxFile.lib 和对象 E:\UnrealEngine\Engine\Intermediate\Build\Win64\UnrealFileServer\Development\UnrealFileServer-SandboxFile.exp
  Module.LauncherPlatform.cpp
  Module.TargetPlatform.cpp
  Module.DesktopPlatform.cpp
  Module.NetworkFileSystem.cpp
  Module.RenderCore.cpp
  Module.DirectoryWatcher.cpp
  Module.CoreUObject.gen.cpp
  Module.CoreUObject.1_of_6.cpp
  Module.CoreUObject.2_of_6.cpp
  Module.CoreUObject.6_of_6.cpp
  Module.CoreUObject.5_of_6.cpp
  Module.CoreUObject.3_of_6.cpp
  Module.CoreUObject.4_of_6.cpp
  [49/99] Link UnrealFileServer-Json.lib
    正在创建库 E:\UnrealEngine\Engine\Intermediate\Build\Win64\UnrealFileServer\Development\UnrealFileServer-Json.lib 和对象 E:\UnrealEngine\Engine\Intermediate\Build\Win64\UnrealFileServer\Development\UnrealFileServer-Json.exp
  [50/99] Link UnrealFileServer-Sockets.lib
  [51/99] Link UnrealFileServer-RHI.lib
    正在创建库 E:\UnrealEngine\Engine\Intermediate\Build\Win64\UnrealFileServer\Development\UnrealFileServer-Sockets.lib 和对象 E:\UnrealEngine\Engine\Intermediate\Build\Win64\UnrealFileServer\Development\UnrealFileServer-Sockets.exp
    正在创建库 E:\UnrealEngine\Engine\Intermediate\Build\Win64\UnrealFileServer\Development\UnrealFileServer-RHI.lib 和对象 E:\UnrealEngine\Engine\Intermediate\Build\Win64\UnrealFileServer\Development\UnrealFileServer-RHI.exp
  Module.VulkanShaderFormat.cpp
  Module.TextureFormatPVR.cpp
  Module.ShaderFormatOpenGL.cpp
  Module.ShaderFormatD3D.cpp
  Module.TextureFormatASTC.cpp
  Module.MetalShaderFormat.cpp
  Module.UnrealFileServer.cpp
  [59/99] Link UnrealFileServer-RenderCore.lib
    正在创建库 E:\UnrealEngine\Engine\Intermediate\Build\Win64\UnrealFileServer\Development\UnrealFileServer-RenderCore.lib 和对象 E:\UnrealEngine\Engine\Intermediate\Build\Win64\UnrealFileServer\Development\UnrealFileServer-RenderCore.exp
  [60/99] Link UnrealFileServer-NetworkFileSystem.lib
    正在创建库 E:\UnrealEngine\Engine\Intermediate\Build\Win64\UnrealFileServer\Development\UnrealFileServer-NetworkFileSystem.lib 和对象 E:\UnrealEngine\Engine\Intermediate\Build\Win64\UnrealFileServer\Development\UnrealFileServer-NetworkFileSystem.exp
  [61/99] Link UnrealFileServer-TextureFormatIntelISPCTexComp.lib
    正在创建库 E:\UnrealEngine\Engine\Intermediate\Build\Win64\UnrealFileServer\Development\UnrealFileServer-TextureFormatIntelISPCTexComp.lib 和对象 E:\UnrealEngine\Engine\Intermediate\Build\Win64\UnrealFileServer\Development\UnrealFileServer-TextureFormatIntelISPCTexComp.exp
  [62/99] Link UnrealFileServer-TargetPlatform.lib
    正在创建库 E:\UnrealEngine\Engine\Intermediate\Build\Win64\UnrealFileServer\Development\UnrealFileServer-TargetPlatform.lib 和对象 E:\UnrealEngine\Engine\Intermediate\Build\Win64\UnrealFileServer\Development\UnrealFileServer-TargetPlatform.exp
  [63/99] Link UnrealFileServer-CoreUObject.lib
  [64/99] Link UnrealFileServer-LauncherPlatform.lib
  [65/99] Link UnrealFileServer-DesktopPlatform.lib
    正在创建库 E:\UnrealEngine\Engine\Intermediate\Build\Win64\UnrealFileServer\Development\UnrealFileServer-LauncherPlatform.lib 和对象 E:\UnrealEngine\Engine\Intermediate\Build\Win64\UnrealFileServer\Development\UnrealFileServer-LauncherPlatform.exp
    正在创建库 E:\UnrealEngine\Engine\Intermediate\Build\Win64\UnrealFileServer\Development\UnrealFileServer-CoreUObject.lib 和对象 E:\UnrealEngine\Engine\Intermediate\Build\Win64\UnrealFileServer\Development\UnrealFileServer-CoreUObject.exp
    正在创建库 E:\UnrealEngine\Engine\Intermediate\Build\Win64\UnrealFileServer\Development\UnrealFileServer-DesktopPlatform.lib 和对象 E:\UnrealEngine\Engine\Intermediate\Build\Win64\UnrealFileServer\Development\UnrealFileServer-DesktopPlatform.exp
  [66/99] Link UnrealFileServer-DirectoryWatcher.lib
  [67/99] Link UnrealFileServer-Core.dll
  [68/99] Link UnrealFileServer-ShaderFormatD3D.dll
    正在创建库 E:\UnrealEngine\Engine\Intermediate\Build\Win64\UnrealFileServer\Development\UnrealFileServer-DirectoryWatcher.lib 和对象 E:\UnrealEngine\Engine\Intermediate\Build\Win64\UnrealFileServer\Development\UnrealFileServer-DirectoryWatcher.exp
  [69/99] Link UnrealFileServer-NetworkFileSystem.dll
    正在创建库 E:\UnrealEngine\Engine\Intermediate\Build\Win64\UnrealFileServer\Development\UnrealFileServer-ShaderFormatD3D.suppressed.lib 和对象 E:\UnrealEngine\Engine\Intermediate\Build\Win64\UnrealFileServer\Development\UnrealFileServer-ShaderFormatD3D.suppressed.exp
    正在创建库 E:\UnrealEngine\Engine\Intermediate\Build\Win64\UnrealFileServer\Development\UnrealFileServer-Core.suppressed.lib 和对象 E:\UnrealEngine\Engine\Intermediate\Build\Win64\UnrealFileServer\Development\UnrealFileServer-Core.suppressed.exp
  [70/99] Link UnrealFileServer-ImageWrapper.dll
    正在创建库 E:\UnrealEngine\Engine\Intermediate\Build\Win64\UnrealFileServer\Development\UnrealFileServer-NetworkFileSystem.suppressed.lib 和对象 E:\UnrealEngine\Engine\Intermediate\Build\Win64\UnrealFileServer\Development\UnrealFileServer-NetworkFileSystem.suppressed.exp
    正在创建库 E:\UnrealEngine\Engine\Intermediate\Build\Win64\UnrealFileServer\Development\UnrealFileServer-ImageWrapper.suppressed.lib 和对象 E:\UnrealEngine\Engine\Intermediate\Build\Win64\UnrealFileServer\Development\UnrealFileServer-ImageWrapper.suppressed.exp
  [71/99] Link UnrealFileServer-VulkanShaderFormat.dll
  [72/99] Link UnrealFileServer-CoreUObject.dll
  [73/99] Link UnrealFileServer-ShaderFormatOpenGL.dll
    正在创建库 E:\UnrealEngine\Engine\Intermediate\Build\Win64\UnrealFileServer\Development\UnrealFileServer-CoreUObject.suppressed.lib 和对象 E:\UnrealEngine\Engine\Intermediate\Build\Win64\UnrealFileServer\Development\UnrealFileServer-CoreUObject.suppressed.exp
    正在创建库 E:\UnrealEngine\Engine\Intermediate\Build\Win64\UnrealFileServer\Development\UnrealFileServer-ShaderFormatOpenGL.suppressed.lib 和对象 E:\UnrealEngine\Engine\Intermediate\Build\Win64\UnrealFileServer\Development\UnrealFileServer-ShaderFormatOpenGL.suppressed.exp
  [74/99] Link UnrealFileServer.exe
  [75/99] Link UnrealFileServer-MetalShaderFormat.dll
  [76/99] Link UnrealFileServer-TextureFormatIntelISPCTexComp.dll
    正在创建库 E:\UnrealEngine\Engine\Intermediate\Build\Win64\UnrealFileServer\Development\UnrealFileServer-MetalShaderFormat.suppressed.lib 和对象 E:\UnrealEngine\Engine\Intermediate\Build\Win64\UnrealFileServer\Development\UnrealFileServer-MetalShaderFormat.suppressed.exp
  [77/99] Link UnrealFileServer-TextureFormatASTC.dll
    正在创建库 E:\UnrealEngine\Engine\Intermediate\Build\Win64\UnrealFileServer\Development\UnrealFileServer-TextureFormatIntelISPCTexComp.suppressed.lib 和对象 E:\UnrealEngine\Engine\Intermediate\Build\Win64\UnrealFileServer\Development\UnrealFileServer-TextureFormatIntelISPCTexComp.suppressed.exp
    正在创建库 E:\UnrealEngine\Engine\Intermediate\Build\Win64\UnrealFileServer\Development\UnrealFileServer-TextureFormatASTC.suppressed.lib 和对象 E:\UnrealEngine\Engine\Intermediate\Build\Win64\UnrealFileServer\Development\UnrealFileServer-TextureFormatASTC.suppressed.exp
  [78/99] Link UnrealFileServer-TargetPlatform.dll
  [79/99] Link UnrealFileServer-ShaderCore.dll
    正在创建库 E:\UnrealEngine\Engine\Intermediate\Build\Win64\UnrealFileServer\Development\UnrealFileServer-TargetPlatform.suppressed.lib 和对象 E:\UnrealEngine\Engine\Intermediate\Build\Win64\UnrealFileServer\Development\UnrealFileServer-TargetPlatform.suppressed.exp
  [80/99] Link UnrealFileServer-ShaderPreprocessor.dll
    正在创建库 E:\UnrealEngine\Engine\Intermediate\Build\Win64\UnrealFileServer\Development\UnrealFileServer-ShaderCore.suppressed.lib 和对象 E:\UnrealEngine\Engine\Intermediate\Build\Win64\UnrealFileServer\Development\UnrealFileServer-ShaderCore.suppressed.exp
  [81/99] Link UnrealFileServer-TextureFormatPVR.dll
    正在创建库 E:\UnrealEngine\Engine\Intermediate\Build\Win64\UnrealFileServer\Development\UnrealFileServer-ShaderPreprocessor.suppressed.lib 和对象 E:\UnrealEngine\Engine\Intermediate\Build\Win64\UnrealFileServer\Development\UnrealFileServer-ShaderPreprocessor.suppressed.exp
    正在创建库 E:\UnrealEngine\Engine\Intermediate\Build\Win64\UnrealFileServer\Development\UnrealFileServer-TextureFormatPVR.suppressed.lib 和对象 E:\UnrealEngine\Engine\Intermediate\Build\Win64\UnrealFileServer\Development\UnrealFileServer-TextureFormatPVR.suppressed.exp
  [82/99] Link UnrealFileServer-Sockets.dll
  [83/99] Link UnrealFileServer-DesktopPlatform.dll
    正在创建库 E:\UnrealEngine\Engine\Intermediate\Build\Win64\UnrealFileServer\Development\UnrealFileServer-Sockets.suppressed.lib 和对象 E:\UnrealEngine\Engine\Intermediate\Build\Win64\UnrealFileServer\Development\UnrealFileServer-Sockets.suppressed.exp
  [84/99] Link UnrealFileServer-RenderCore.dll
    正在创建库 E:\UnrealEngine\Engine\Intermediate\Build\Win64\UnrealFileServer\Development\UnrealFileServer-DesktopPlatform.suppressed.lib 和对象 E:\UnrealEngine\Engine\Intermediate\Build\Win64\UnrealFileServer\Development\UnrealFileServer-DesktopPlatform.suppressed.exp
    正在创建库 E:\UnrealEngine\Engine\Intermediate\Build\Win64\UnrealFileServer\Development\UnrealFileServer-RenderCore.suppressed.lib 和对象 E:\UnrealEngine\Engine\Intermediate\Build\Win64\UnrealFileServer\Development\UnrealFileServer-RenderCore.suppressed.exp
  [85/99] Link UnrealFileServer-ShaderCompilerCommon.dll
  [86/99] Link UnrealFileServer-Projects.dll
  [87/99] Link UnrealFileServer-RHI.dll
    正在创建库 E:\UnrealEngine\Engine\Intermediate\Build\Win64\UnrealFileServer\Development\UnrealFileServer-ShaderCompilerCommon.suppressed.lib 和对象 E:\UnrealEngine\Engine\Intermediate\Build\Win64\UnrealFileServer\Development\UnrealFileServer-ShaderCompilerCommon.suppressed.exp
    正在创建库 E:\UnrealEngine\Engine\Intermediate\Build\Win64\UnrealFileServer\Development\UnrealFileServer-Projects.suppressed.lib 和对象 E:\UnrealEngine\Engine\Intermediate\Build\Win64\UnrealFileServer\Development\UnrealFileServer-Projects.suppressed.exp
    正在创建库 E:\UnrealEngine\Engine\Intermediate\Build\Win64\UnrealFileServer\Development\UnrealFileServer-RHI.suppressed.lib 和对象 E:\UnrealEngine\Engine\Intermediate\Build\Win64\UnrealFileServer\Development\UnrealFileServer-RHI.suppressed.exp
  [88/99] Link UnrealFileServer-LauncherPlatform.dll
  [89/99] Link UnrealFileServer-Json.dll
  [90/99] Link UnrealFileServer-DirectoryWatcher.dll
    正在创建库 E:\UnrealEngine\Engine\Intermediate\Build\Win64\UnrealFileServer\Development\UnrealFileServer-LauncherPlatform.suppressed.lib 和对象 E:\UnrealEngine\Engine\Intermediate\Build\Win64\UnrealFileServer\Development\UnrealFileServer-LauncherPlatform.suppressed.exp
    正在创建库 E:\UnrealEngine\Engine\Intermediate\Build\Win64\UnrealFileServer\Development\UnrealFileServer-Json.suppressed.lib 和对象 E:\UnrealEngine\Engine\Intermediate\Build\Win64\UnrealFileServer\Development\UnrealFileServer-Json.suppressed.exp
    正在创建库 E:\UnrealEngine\Engine\Intermediate\Build\Win64\UnrealFileServer\Development\UnrealFileServer-DirectoryWatcher.suppressed.lib 和对象 E:\UnrealEngine\Engine\Intermediate\Build\Win64\UnrealFileServer\Development\UnrealFileServer-DirectoryWatcher.suppressed.exp
  [91/99] Link UnrealFileServer-SandboxFile.dll
  [92/99] Link UnrealFileServer-ImageCore.dll
    正在创建库 E:\UnrealEngine\Engine\Intermediate\Build\Win64\UnrealFileServer\Development\UnrealFileServer-SandboxFile.suppressed.lib 和对象 E:\UnrealEngine\Engine\Intermediate\Build\Win64\UnrealFileServer\Development\UnrealFileServer-SandboxFile.suppressed.exp
  [93/99] Link UnrealFileServer-ShaderFormatD3D.lib
    正在创建库 E:\UnrealEngine\Engine\Intermediate\Build\Win64\UnrealFileServer\Development\UnrealFileServer-ImageCore.suppressed.lib 和对象 E:\UnrealEngine\Engine\Intermediate\Build\Win64\UnrealFileServer\Development\UnrealFileServer-ImageCore.suppressed.exp
  [94/99] Link UnrealFileServer-TextureFormatPVR.lib
  [95/99] Link UnrealFileServer-ShaderFormatOpenGL.lib
    正在创建库 E:\UnrealEngine\Engine\Intermediate\Build\Win64\UnrealFileServer\Development\UnrealFileServer-ShaderFormatD3D.lib 和对象 E:\UnrealEngine\Engine\Intermediate\Build\Win64\UnrealFileServer\Development\UnrealFileServer-ShaderFormatD3D.exp
  [96/99] Link UnrealFileServer-VulkanShaderFormat.lib
    正在创建库 E:\UnrealEngine\Engine\Intermediate\Build\Win64\UnrealFileServer\Development\UnrealFileServer-VulkanShaderFormat.suppressed.lib 和对象 E:\UnrealEngine\Engine\Intermediate\Build\Win64\UnrealFileServer\Development\UnrealFileServer-VulkanShaderFormat.suppressed.exp
    正在创建库 E:\UnrealEngine\Engine\Intermediate\Build\Win64\UnrealFileServer\Development\UnrealFileServer-TextureFormatPVR.lib 和对象 E:\UnrealEngine\Engine\Intermediate\Build\Win64\UnrealFileServer\Development\UnrealFileServer-TextureFormatPVR.exp
  [97/99] Link UnrealFileServer-MetalShaderFormat.lib
    正在创建库 E:\UnrealEngine\Engine\Intermediate\Build\Win64\UnrealFileServer\Development\UnrealFileServer-ShaderFormatOpenGL.lib 和对象 E:\UnrealEngine\Engine\Intermediate\Build\Win64\UnrealFileServer\Development\UnrealFileServer-ShaderFormatOpenGL.exp
    正在创建库 E:\UnrealEngine\Engine\Intermediate\Build\Win64\UnrealFileServer\Development\UnrealFileServer-VulkanShaderFormat.lib 和对象 E:\UnrealEngine\Engine\Intermediate\Build\Win64\UnrealFileServer\Development\UnrealFileServer-VulkanShaderFormat.exp
  [98/99] Link UnrealFileServer-TextureFormatASTC.lib
  [99/99] Link UnrealFileServer.lib
    正在创建库 E:\UnrealEngine\Engine\Intermediate\Build\Win64\UnrealFileServer\Development\UnrealFileServer-MetalShaderFormat.lib 和对象 E:\UnrealEngine\Engine\Intermediate\Build\Win64\UnrealFileServer\Development\UnrealFileServer-MetalShaderFormat.exp
    正在创建库 E:\UnrealEngine\Engine\Intermediate\Build\Win64\UnrealFileServer\Development\UnrealFileServer-TextureFormatASTC.lib 和对象 E:\UnrealEngine\Engine\Intermediate\Build\Win64\UnrealFileServer\Development\UnrealFileServer-TextureFormatASTC.exp
    正在创建库 E:\UnrealEngine\Engine\Intermediate\Build\Win64\UnrealFileServer\Development\UnrealFileServer.lib 和对象 E:\UnrealEngine\Engine\Intermediate\Build\Win64\UnrealFileServer\Development\UnrealFileServer.exp
  Deploying UnrealFileServer Win64 Development...
  Total build time: 181.55 seconds (Local executor: 170.84 seconds)
