  Creating makefile for UnrealFrontend (no existing makefile)
  Performing full C++ include scan (no include cache file)
  Building UnrealHeaderTool...
  Creating makefile for UnrealHeaderTool (no existing makefile)
  Target is up to date
  Total build time: 3.53 seconds (NoActionsToExecute executor: 0.00 seconds)
  Parsing headers for UnrealFrontend
    Running UnrealHeaderTool UnrealFrontend "E:\UnrealEngine\Engine\Intermediate\Build\Win64\UnrealFrontend\Development\UnrealFrontend.uhtmanifest" -LogCmds="loginit warning, logexit warning, logdatabase error" -Unattended -WarningsAsErrors -NoEnginePlugins
  Reflection code generated for UnrealFrontend in 4.8532798 seconds
  Performing 316 actions (4 in parallel)
  [1/316] Resource ModuleVersionResource.rc.inl
  [2/316] Resource PCLaunch.rc
  SharedPCH.Core.cpp
  SharedPCH.CoreUObject.cpp
  PCH.Core.cpp
  PCH.CoreUObject.cpp
  SharedPCH.Slate.cpp
  Module.Core.9_of_9.cpp
  Module.Core.7_of_9.cpp
  Module.Core.6_of_9.cpp
  Module.Core.5_of_9.cpp
  Module.Core.4_of_9.cpp
  Module.Core.3_of_9.cpp
  Module.Core.2_of_9.cpp
  Module.Core.1_of_9.cpp
  Module.Core.8_of_9.cpp
  Module.CoreUObject.2_of_6.cpp
  Module.CoreUObject.3_of_6.cpp
  Module.CoreUObject.4_of_6.cpp
  [20/316] Link UnrealFrontend-Core.lib
    正在创建库 E:\UnrealEngine\Engine\Intermediate\Build\Win64\UnrealFrontend\Development\UnrealFrontend-Core.lib 和对象 E:\UnrealEngine\Engine\Intermediate\Build\Win64\UnrealFrontend\Development\UnrealFrontend-Core.exp
  Module.CoreUObject.1_of_6.cpp
  Module.CoreUObject.6_of_6.cpp
  Module.CoreUObject.gen.cpp
  Module.CoreUObject.5_of_6.cpp
  Module.DesktopPlatform.cpp
  Module.TargetPlatform.cpp
  Module.Json.cpp
  [28/316] Link UnrealFrontend-TargetPlatform.lib
    正在创建库 E:\UnrealEngine\Engine\Intermediate\Build\Win64\UnrealFrontend\Development\UnrealFrontend-TargetPlatform.lib 和对象 E:\UnrealEngine\Engine\Intermediate\Build\Win64\UnrealFrontend\Development\UnrealFrontend-TargetPlatform.exp
  Module.SlateCore.gen.cpp
  Module.SlateCore.cpp
  [31/316] Link UnrealFrontend-DesktopPlatform.lib
    正在创建库 E:\UnrealEngine\Engine\Intermediate\Build\Win64\UnrealFrontend\Development\UnrealFrontend-DesktopPlatform.lib 和对象 E:\UnrealEngine\Engine\Intermediate\Build\Win64\UnrealFrontend\Development\UnrealFrontend-DesktopPlatform.exp
  Module.Slate.gen.cpp
  Module.Slate.5_of_5.cpp
  Module.Slate.4_of_5.cpp
  [35/316] Link UnrealFrontend-CoreUObject.lib
    正在创建库 E:\UnrealEngine\Engine\Intermediate\Build\Win64\UnrealFrontend\Development\UnrealFrontend-CoreUObject.lib 和对象 E:\UnrealEngine\Engine\Intermediate\Build\Win64\UnrealFrontend\Development\UnrealFrontend-CoreUObject.exp
  Module.Slate.3_of_5.cpp
  Module.Slate.2_of_5.cpp
  Module.Slate.1_of_5.cpp
  [39/316] Link UnrealFrontend-SlateCore.lib
    正在创建库 E:\UnrealEngine\Engine\Intermediate\Build\Win64\UnrealFrontend\Development\UnrealFrontend-SlateCore.lib 和对象 E:\UnrealEngine\Engine\Intermediate\Build\Win64\UnrealFrontend\Development\UnrealFrontend-SlateCore.exp
  [40/316] Link UnrealFrontend-Json.lib
    正在创建库 E:\UnrealEngine\Engine\Intermediate\Build\Win64\UnrealFrontend\Development\UnrealFrontend-Json.lib 和对象 E:\UnrealEngine\Engine\Intermediate\Build\Win64\UnrealFrontend\Development\UnrealFrontend-Json.exp
  Module.InputCore.cpp
  Module.InputCore.gen.cpp
  SharedPCH.Slate.NonOptimized.cpp
  [44/316] Link UnrealFrontend-InputCore.lib
    正在创建库 E:\UnrealEngine\Engine\Intermediate\Build\Win64\UnrealFrontend\Development\UnrealFrontend-InputCore.lib 和对象 E:\UnrealEngine\Engine\Intermediate\Build\Win64\UnrealFrontend\Development\UnrealFrontend-InputCore.exp
  PCH.ImageWrapper.cpp
  [46/316] Link UnrealFrontend-Slate.lib
  Module.AndroidDeviceDetection.cpp
    正在创建库 E:\UnrealEngine\Engine\Intermediate\Build\Win64\UnrealFrontend\Development\UnrealFrontend-Slate.lib 和对象 E:\UnrealEngine\Engine\Intermediate\Build\Win64\UnrealFrontend\Development\UnrealFrontend-Slate.exp
  [49/316] Link UnrealFrontend-AndroidDeviceDetection.lib
  Module.ShaderCore.cpp
    正在创建库 E:\UnrealEngine\Engine\Intermediate\Build\Win64\UnrealFrontend\Development\Android\UnrealFrontend-AndroidDeviceDetection.lib 和对象 E:\UnrealEngine\Engine\Intermediate\Build\Win64\UnrealFrontend\Development\Android\UnrealFrontend-AndroidDeviceDetection.exp
  Module.Projects.cpp
  Module.ImageWrapper.cpp
  Module.ImageCore.cpp
  [53/316] Link UnrealFrontend-ImageWrapper.lib
  Module.Sockets.cpp
    正在创建库 E:\UnrealEngine\Engine\Intermediate\Build\Win64\UnrealFrontend\Development\UnrealFrontend-ImageWrapper.lib 和对象 E:\UnrealEngine\Engine\Intermediate\Build\Win64\UnrealFrontend\Development\UnrealFrontend-ImageWrapper.exp
  [55/316] Link UnrealFrontend-Projects.lib
    正在创建库 E:\UnrealEngine\Engine\Intermediate\Build\Win64\UnrealFrontend\Development\UnrealFrontend-Projects.lib 和对象 E:\UnrealEngine\Engine\Intermediate\Build\Win64\UnrealFrontend\Development\UnrealFrontend-Projects.exp
  Module.JsonUtilities.gen.cpp
  Module.JsonUtilities.cpp
  Module.ShaderPreprocessor.cpp
  Module.EditorStyle.gen.cpp
  Module.EditorStyle.cpp
  Module.ShaderCompilerCommon.cpp
  [62/316] Link UnrealFrontend-ImageCore.lib
    正在创建库 E:\UnrealEngine\Engine\Intermediate\Build\Win64\UnrealFrontend\Development\UnrealFrontend-ImageCore.lib 和对象 E:\UnrealEngine\Engine\Intermediate\Build\Win64\UnrealFrontend\Development\UnrealFrontend-ImageCore.exp
  [63/316] Link UnrealFrontend-ShaderCore.lib
  [64/316] Link UnrealFrontend-Sockets.lib
    正在创建库 E:\UnrealEngine\Engine\Intermediate\Build\Win64\UnrealFrontend\Development\UnrealFrontend-ShaderCore.lib 和对象 E:\UnrealEngine\Engine\Intermediate\Build\Win64\UnrealFrontend\Development\UnrealFrontend-ShaderCore.exp
    正在创建库 E:\UnrealEngine\Engine\Intermediate\Build\Win64\UnrealFrontend\Development\UnrealFrontend-Sockets.lib 和对象 E:\UnrealEngine\Engine\Intermediate\Build\Win64\UnrealFrontend\Development\UnrealFrontend-Sockets.exp
  Module.Networking.cpp
  Module.RHI.cpp
  Module.ScreenShotComparisonTools.cpp
  Module.ScreenShotComparisonTools.gen.cpp
  [69/316] Link UnrealFrontend-EditorStyle.lib
    正在创建库 E:\UnrealEngine\Engine\Intermediate\Build\Win64\UnrealFrontend\Development\UnrealFrontend-EditorStyle.lib 和对象 E:\UnrealEngine\Engine\Intermediate\Build\Win64\UnrealFrontend\Development\UnrealFrontend-EditorStyle.exp
  Module.LaunchDaemonMessages.cpp
  Module.LaunchDaemonMessages.gen.cpp
  Module.WorkspaceMenuStructure.cpp
  Module.UnrealEdMessages.gen.cpp
  Module.SourceCodeAccess.gen.cpp
  Module.UnrealEdMessages.cpp
  Module.AutomationMessages.gen.cpp
  Module.SourceCodeAccess.cpp
  [79/316] Link UnrealFrontend-JsonUtilities.lib
  Module.AutomationMessages.cpp
  [80/316] Link UnrealFrontend-ShaderCompilerCommon.lib
    正在创建库 E:\UnrealEngine\Engine\Intermediate\Build\Win64\UnrealFrontend\Development\UnrealFrontend-JsonUtilities.lib 和对象 E:\UnrealEngine\Engine\Intermediate\Build\Win64\UnrealFrontend\Development\UnrealFrontend-JsonUtilities.exp
  [81/316] Link UnrealFrontend-ShaderPreprocessor.lib
    正在创建库 E:\UnrealEngine\Engine\Intermediate\Build\Win64\UnrealFrontend\Development\UnrealFrontend-ShaderCompilerCommon.lib 和对象 E:\UnrealEngine\Engine\Intermediate\Build\Win64\UnrealFrontend\Development\UnrealFrontend-ShaderCompilerCommon.exp
  Module.Serialization.cpp
    正在创建库 E:\UnrealEngine\Engine\Intermediate\Build\Win64\UnrealFrontend\Development\UnrealFrontend-ShaderPreprocessor.lib 和对象 E:\UnrealEngine\Engine\Intermediate\Build\Win64\UnrealFrontend\Development\UnrealFrontend-ShaderPreprocessor.exp
  Module.AutomationController.gen.cpp
  Module.Serialization.gen.cpp
  Module.MessageLog.cpp
  Module.RenderCore.cpp
  Module.Profiler.cpp
  Module.AssetRegistry.gen.cpp
  Module.AssetRegistry.cpp
  Module.AutomationController.cpp
  Module.SessionMessages.cpp
  Module.SessionServices.cpp
  Module.ProfilerClient.cpp
  Module.SessionMessages.gen.cpp
  [95/316] Link UnrealFrontend-ScreenShotComparisonTools.lib
  [96/316] Link UnrealFrontend-LaunchDaemonMessages.lib
    正在创建库 E:\UnrealEngine\Engine\Intermediate\Build\Win64\UnrealFrontend\Development\UnrealFrontend-ScreenShotComparisonTools.lib 和对象 E:\UnrealEngine\Engine\Intermediate\Build\Win64\UnrealFrontend\Development\UnrealFrontend-ScreenShotComparisonTools.exp
  [97/316] Link UnrealFrontend-SourceCodeAccess.lib
    正在创建库 E:\UnrealEngine\Engine\Intermediate\Build\Win64\UnrealFrontend\Development\UnrealFrontend-LaunchDaemonMessages.lib 和对象 E:\UnrealEngine\Engine\Intermediate\Build\Win64\UnrealFrontend\Development\UnrealFrontend-LaunchDaemonMessages.exp
  [98/316] Link UnrealFrontend-AutomationMessages.lib
    正在创建库 E:\UnrealEngine\Engine\Intermediate\Build\Win64\UnrealFrontend\Development\UnrealFrontend-SourceCodeAccess.lib 和对象 E:\UnrealEngine\Engine\Intermediate\Build\Win64\UnrealFrontend\Development\UnrealFrontend-SourceCodeAccess.exp
  [99/316] Link UnrealFrontend-UnrealEdMessages.lib
    正在创建库 E:\UnrealEngine\Engine\Intermediate\Build\Win64\UnrealFrontend\Development\UnrealFrontend-AutomationMessages.lib 和对象 E:\UnrealEngine\Engine\Intermediate\Build\Win64\UnrealFrontend\Development\UnrealFrontend-AutomationMessages.exp
  [100/316] Link UnrealFrontend-WorkspaceMenuStructure.lib
    正在创建库 E:\UnrealEngine\Engine\Intermediate\Build\Win64\UnrealFrontend\Development\UnrealFrontend-UnrealEdMessages.lib 和对象 E:\UnrealEngine\Engine\Intermediate\Build\Win64\UnrealFrontend\Development\UnrealFrontend-UnrealEdMessages.exp
  [101/316] Link UnrealFrontend-RHI.lib
  [102/316] Link UnrealFrontend-Networking.lib
    正在创建库 E:\UnrealEngine\Engine\Intermediate\Build\Win64\UnrealFrontend\Development\UnrealFrontend-WorkspaceMenuStructure.lib 和对象 E:\UnrealEngine\Engine\Intermediate\Build\Win64\UnrealFrontend\Development\UnrealFrontend-WorkspaceMenuStructure.exp
  Module.HTTP.cpp
    正在创建库 E:\UnrealEngine\Engine\Intermediate\Build\Win64\UnrealFrontend\Development\UnrealFrontend-RHI.lib 和对象 E:\UnrealEngine\Engine\Intermediate\Build\Win64\UnrealFrontend\Development\UnrealFrontend-RHI.exp
    正在创建库 E:\UnrealEngine\Engine\Intermediate\Build\Win64\UnrealFrontend\Development\UnrealFrontend-Networking.lib 和对象 E:\UnrealEngine\Engine\Intermediate\Build\Win64\UnrealFrontend\Development\UnrealFrontend-Networking.exp
  Module.IOSTargetPlatform.cpp
  Module.AutomationWindow.gen.cpp
  Module.AutomationWindow.cpp
  Module.UdpMessaging.cpp
  Module.DirectoryWatcher.cpp
  Module.TextureFormatIntelISPCTexComp.cpp
  Module.StandaloneRenderer.cpp
  Module.Settings.cpp
  Module.VisualStudioSourceCodeAccess.cpp
  Module.EngineMessages.gen.cpp
  Module.TargetDeviceServices.cpp
  Module.ProjectLauncher.cpp
  Module.Messaging.cpp
  Module.LauncherServices.cpp
  Module.TargetDeviceServices.gen.cpp
  Module.SandboxFile.cpp
  Module.ProfilerMessages.gen.cpp
  Module.ProfilerMessages.cpp
  Module.EngineMessages.cpp
  Module.DeviceManager.cpp
  Module.LauncherPlatform.cpp
  Module.TcpMessaging.gen.cpp
  Module.ScreenShotComparison.cpp
  Module.SessionFrontend.cpp
  Module.SourceControl.gen.cpp
  Module.SourceControl.cpp
  Module.SSL.cpp
  Module.TcpMessaging.cpp
  Module.DesktopWidgets.cpp
  Module.UdpMessaging.gen.cpp
  [134/316] Link UnrealFrontend-AutomationController.lib
    正在创建库 E:\UnrealEngine\Engine\Intermediate\Build\Win64\UnrealFrontend\Development\UnrealFrontend-AutomationController.lib 和对象 E:\UnrealEngine\Engine\Intermediate\Build\Win64\UnrealFrontend\Development\UnrealFrontend-AutomationController.exp
  [135/316] Link UnrealFrontend-AssetRegistry.lib
  [136/316] Link UnrealFrontend-Serialization.lib
    正在创建库 E:\UnrealEngine\Engine\Intermediate\Build\Win64\UnrealFrontend\Development\UnrealFrontend-AssetRegistry.lib 和对象 E:\UnrealEngine\Engine\Intermediate\Build\Win64\UnrealFrontend\Development\UnrealFrontend-AssetRegistry.exp
    正在创建库 E:\UnrealEngine\Engine\Intermediate\Build\Win64\UnrealFrontend\Development\UnrealFrontend-Serialization.lib 和对象 E:\UnrealEngine\Engine\Intermediate\Build\Win64\UnrealFrontend\Development\UnrealFrontend-Serialization.exp
  [137/316] Link UnrealFrontend-SessionMessages.lib
  [138/316] Link UnrealFrontend-MessageLog.lib
    正在创建库 E:\UnrealEngine\Engine\Intermediate\Build\Win64\UnrealFrontend\Development\UnrealFrontend-SessionMessages.lib 和对象 E:\UnrealEngine\Engine\Intermediate\Build\Win64\UnrealFrontend\Development\UnrealFrontend-SessionMessages.exp
    正在创建库 E:\UnrealEngine\Engine\Intermediate\Build\Win64\UnrealFrontend\Development\UnrealFrontend-MessageLog.lib 和对象 E:\UnrealEngine\Engine\Intermediate\Build\Win64\UnrealFrontend\Development\UnrealFrontend-MessageLog.exp
  [139/316] Link UnrealFrontend-ProfilerClient.lib
  [140/316] Link UnrealFrontend-Profiler.lib
  [141/316] Link UnrealFrontend-SessionServices.lib
    正在创建库 E:\UnrealEngine\Engine\Intermediate\Build\Win64\UnrealFrontend\Development\UnrealFrontend-ProfilerClient.lib 和对象 E:\UnrealEngine\Engine\Intermediate\Build\Win64\UnrealFrontend\Development\UnrealFrontend-ProfilerClient.exp
  [142/316] Link UnrealFrontend-RenderCore.lib
    正在创建库 E:\UnrealEngine\Engine\Intermediate\Build\Win64\UnrealFrontend\Development\UnrealFrontend-Profiler.lib 和对象 E:\UnrealEngine\Engine\Intermediate\Build\Win64\UnrealFrontend\Development\UnrealFrontend-Profiler.exp
    正在创建库 E:\UnrealEngine\Engine\Intermediate\Build\Win64\UnrealFrontend\Development\UnrealFrontend-SessionServices.lib 和对象 E:\UnrealEngine\Engine\Intermediate\Build\Win64\UnrealFrontend\Development\UnrealFrontend-SessionServices.exp
  Module.HTML5TargetPlatform.cpp
  Module.MacServerTargetPlatform.cpp
    正在创建库 E:\UnrealEngine\Engine\Intermediate\Build\Win64\UnrealFrontend\Development\UnrealFrontend-RenderCore.lib 和对象 E:\UnrealEngine\Engine\Intermediate\Build\Win64\UnrealFrontend\Development\UnrealFrontend-RenderCore.exp
  Module.MacNoEditorTargetPlatform.cpp
  Module.MacClientTargetPlatform.cpp
  Module.Android_ETC2TargetPlatform.cpp
  Module.VulkanShaderFormat.cpp
  Module.Android_ASTCTargetPlatform.cpp
  Module.AndroidTargetPlatform.cpp
  Module.Android_ETC1TargetPlatform.cpp
  Module.Android_MultiTargetPlatform.cpp
  Module.WindowsTargetPlatform.cpp
  Module.Android_PVRTCTargetPlatform.cpp
  Module.TVOSTargetPlatform.cpp
  Module.Android_ATCTargetPlatform.cpp
  Module.WindowsClientTargetPlatform.cpp
  Module.WindowsServerTargetPlatform.cpp
  Module.Android_DXTTargetPlatform.cpp
  Module.WindowsNoEditorTargetPlatform.cpp
  Module.AllDesktopTargetPlatform.cpp
  Module.WindowsTargetPlatform.gen.cpp
  Module.MacTargetPlatform.gen.cpp
  Module.MacTargetPlatform.cpp
  Module.TextureFormatUncompressed.cpp
  Module.SlateReflector.gen.cpp
  Module.TextureFormatASTC.cpp
  Module.SlateReflector.cpp
  Module.ShaderFormatOpenGL.cpp
  Module.TextureFormatPVR.cpp
  Module.ShaderFormatD3D.cpp
  Module.TextureFormatDXT.cpp
  Module.MetalShaderFormat.cpp
  Module.UnrealFrontend.cpp
  [175/316] Resource UnrealFrontend.rc
  [176/316] Link UnrealFrontend-AutomationWindow.lib
    正在创建库 E:\UnrealEngine\Engine\Intermediate\Build\Win64\UnrealFrontend\Development\UnrealFrontend-AutomationWindow.lib 和对象 E:\UnrealEngine\Engine\Intermediate\Build\Win64\UnrealFrontend\Development\UnrealFrontend-AutomationWindow.exp
  [177/316] Link UnrealFrontend-UdpMessaging.lib
    正在创建库 E:\UnrealEngine\Engine\Plugins\Messaging\UdpMessaging\Intermediate\Build\Win64\UnrealFrontend\Development\UnrealFrontend-UdpMessaging.lib 和对象 E:\UnrealEngine\Engine\Plugins\Messaging\UdpMessaging\Intermediate\Build\Win64\UnrealFrontend\Development\UnrealFrontend-UdpMessaging.exp
  [178/316] Link UnrealFrontend-TargetDeviceServices.lib
    正在创建库 E:\UnrealEngine\Engine\Intermediate\Build\Win64\UnrealFrontend\Development\UnrealFrontend-TargetDeviceServices.lib 和对象 E:\UnrealEngine\Engine\Intermediate\Build\Win64\UnrealFrontend\Development\UnrealFrontend-TargetDeviceServices.exp
  [179/316] Link UnrealFrontend-TcpMessaging.lib
    正在创建库 E:\UnrealEngine\Engine\Plugins\Messaging\TcpMessaging\Intermediate\Build\Win64\UnrealFrontend\Development\UnrealFrontend-TcpMessaging.lib 和对象 E:\UnrealEngine\Engine\Plugins\Messaging\TcpMessaging\Intermediate\Build\Win64\UnrealFrontend\Development\UnrealFrontend-TcpMessaging.exp
  [180/316] Link UnrealFrontend-ProfilerMessages.lib
  [181/316] Link UnrealFrontend-SourceControl.lib
    正在创建库 E:\UnrealEngine\Engine\Intermediate\Build\Win64\UnrealFrontend\Development\UnrealFrontend-ProfilerMessages.lib 和对象 E:\UnrealEngine\Engine\Intermediate\Build\Win64\UnrealFrontend\Development\UnrealFrontend-ProfilerMessages.exp
  [182/316] Link UnrealFrontend-EngineMessages.lib
    正在创建库 E:\UnrealEngine\Engine\Intermediate\Build\Win64\UnrealFrontend\Development\UnrealFrontend-SourceControl.lib 和对象 E:\UnrealEngine\Engine\Intermediate\Build\Win64\UnrealFrontend\Development\UnrealFrontend-SourceControl.exp
  [183/316] Link UnrealFrontend-DeviceManager.lib
    正在创建库 E:\UnrealEngine\Engine\Intermediate\Build\Win64\UnrealFrontend\Development\UnrealFrontend-EngineMessages.lib 和对象 E:\UnrealEngine\Engine\Intermediate\Build\Win64\UnrealFrontend\Development\UnrealFrontend-EngineMessages.exp
    正在创建库 E:\UnrealEngine\Engine\Intermediate\Build\Win64\UnrealFrontend\Development\UnrealFrontend-DeviceManager.lib 和对象 E:\UnrealEngine\Engine\Intermediate\Build\Win64\UnrealFrontend\Development\UnrealFrontend-DeviceManager.exp
  [184/316] Link UnrealFrontend-SandboxFile.lib
  [185/316] Link UnrealFrontend-Messaging.lib
  [186/316] Link UnrealFrontend-StandaloneRenderer.lib
    正在创建库 E:\UnrealEngine\Engine\Intermediate\Build\Win64\UnrealFrontend\Development\UnrealFrontend-SandboxFile.lib 和对象 E:\UnrealEngine\Engine\Intermediate\Build\Win64\UnrealFrontend\Development\UnrealFrontend-SandboxFile.exp
    正在创建库 E:\UnrealEngine\Engine\Intermediate\Build\Win64\UnrealFrontend\Development\UnrealFrontend-Messaging.lib 和对象 E:\UnrealEngine\Engine\Intermediate\Build\Win64\UnrealFrontend\Development\UnrealFrontend-Messaging.exp
    正在创建库 E:\UnrealEngine\Engine\Intermediate\Build\Win64\UnrealFrontend\Development\UnrealFrontend-StandaloneRenderer.lib 和对象 E:\UnrealEngine\Engine\Intermediate\Build\Win64\UnrealFrontend\Development\UnrealFrontend-StandaloneRenderer.exp
  [187/316] Link UnrealFrontend-IOSTargetPlatform.lib
  [188/316] Link UnrealFrontend-VisualStudioSourceCodeAccess.lib
  [189/316] Link UnrealFrontend-SessionFrontend.lib
    正在创建库 E:\UnrealEngine\Engine\Intermediate\Build\Win64\UnrealFrontend\Development\IOS\UnrealFrontend-IOSTargetPlatform.lib 和对象 E:\UnrealEngine\Engine\Intermediate\Build\Win64\UnrealFrontend\Development\IOS\UnrealFrontend-IOSTargetPlatform.exp
    正在创建库 E:\UnrealEngine\Engine\Plugins\Developer\VisualStudioSourceCodeAccess\Intermediate\Build\Win64\UnrealFrontend\Development\UnrealFrontend-VisualStudioSourceCodeAccess.lib 和对象 E:\UnrealEngine\Engine\Plugins\Developer\VisualStudioSourceCodeAccess\Intermediate\Build\Win64\UnrealFrontend\Development\UnrealFrontend-VisualStudioSourceCodeAccess.exp
    正在创建库 E:\UnrealEngine\Engine\Intermediate\Build\Win64\UnrealFrontend\Development\UnrealFrontend-SessionFrontend.lib 和对象 E:\UnrealEngine\Engine\Intermediate\Build\Win64\UnrealFrontend\Development\UnrealFrontend-SessionFrontend.exp
  [190/316] Link UnrealFrontend-ScreenShotComparison.lib
  [191/316] Link UnrealFrontend-ProjectLauncher.lib
  [192/316] Link UnrealFrontend-DirectoryWatcher.lib
    正在创建库 E:\UnrealEngine\Engine\Intermediate\Build\Win64\UnrealFrontend\Development\UnrealFrontend-ScreenShotComparison.lib 和对象 E:\UnrealEngine\Engine\Intermediate\Build\Win64\UnrealFrontend\Development\UnrealFrontend-ScreenShotComparison.exp
    正在创建库 E:\UnrealEngine\Engine\Intermediate\Build\Win64\UnrealFrontend\Development\UnrealFrontend-DirectoryWatcher.lib 和对象 E:\UnrealEngine\Engine\Intermediate\Build\Win64\UnrealFrontend\Development\UnrealFrontend-DirectoryWatcher.exp
  [193/316] Link UnrealFrontend-TextureFormatIntelISPCTexComp.lib
    正在创建库 E:\UnrealEngine\Engine\Intermediate\Build\Win64\UnrealFrontend\Development\UnrealFrontend-ProjectLauncher.lib 和对象 E:\UnrealEngine\Engine\Intermediate\Build\Win64\UnrealFrontend\Development\UnrealFrontend-ProjectLauncher.exp
  [194/316] Link UnrealFrontend-SSL.lib
  [195/316] Link UnrealFrontend-DesktopWidgets.lib
    正在创建库 E:\UnrealEngine\Engine\Intermediate\Build\Win64\UnrealFrontend\Development\UnrealFrontend-TextureFormatIntelISPCTexComp.lib 和对象 E:\UnrealEngine\Engine\Intermediate\Build\Win64\UnrealFrontend\Development\UnrealFrontend-TextureFormatIntelISPCTexComp.exp
  [196/316] Link UnrealFrontend-LauncherServices.lib
    正在创建库 E:\UnrealEngine\Engine\Intermediate\Build\Win64\UnrealFrontend\Development\UnrealFrontend-SSL.lib 和对象 E:\UnrealEngine\Engine\Intermediate\Build\Win64\UnrealFrontend\Development\UnrealFrontend-SSL.exp
    正在创建库 E:\UnrealEngine\Engine\Intermediate\Build\Win64\UnrealFrontend\Development\UnrealFrontend-DesktopWidgets.lib 和对象 E:\UnrealEngine\Engine\Intermediate\Build\Win64\UnrealFrontend\Development\UnrealFrontend-DesktopWidgets.exp
  [197/316] Link UnrealFrontend-LauncherPlatform.lib
  [198/316] Link UnrealFrontend-Settings.lib
    正在创建库 E:\UnrealEngine\Engine\Intermediate\Build\Win64\UnrealFrontend\Development\UnrealFrontend-LauncherServices.lib 和对象 E:\UnrealEngine\Engine\Intermediate\Build\Win64\UnrealFrontend\Development\UnrealFrontend-LauncherServices.exp
  [199/316] Link UnrealFrontend-HTTP.lib
    正在创建库 E:\UnrealEngine\Engine\Intermediate\Build\Win64\UnrealFrontend\Development\UnrealFrontend-LauncherPlatform.lib 和对象 E:\UnrealEngine\Engine\Intermediate\Build\Win64\UnrealFrontend\Development\UnrealFrontend-LauncherPlatform.exp
  [200/316] Link UnrealFrontend.exe
    正在创建库 E:\UnrealEngine\Engine\Intermediate\Build\Win64\UnrealFrontend\Development\UnrealFrontend-Settings.lib 和对象 E:\UnrealEngine\Engine\Intermediate\Build\Win64\UnrealFrontend\Development\UnrealFrontend-Settings.exp
  [201/316] Link UnrealFrontend-Core.dll
    正在创建库 E:\UnrealEngine\Engine\Intermediate\Build\Win64\UnrealFrontend\Development\UnrealFrontend-HTTP.lib 和对象 E:\UnrealEngine\Engine\Intermediate\Build\Win64\UnrealFrontend\Development\UnrealFrontend-HTTP.exp
  [202/316] Link UnrealFrontend-StandaloneRenderer.dll
  [203/316] Link UnrealFrontend-SessionFrontend.dll
    正在创建库 E:\UnrealEngine\Engine\Intermediate\Build\Win64\UnrealFrontend\Development\UnrealFrontend-StandaloneRenderer.suppressed.lib 和对象 E:\UnrealEngine\Engine\Intermediate\Build\Win64\UnrealFrontend\Development\UnrealFrontend-StandaloneRenderer.suppressed.exp
    正在创建库 E:\UnrealEngine\Engine\Intermediate\Build\Win64\UnrealFrontend\Development\UnrealFrontend-SessionFrontend.suppressed.lib 和对象 E:\UnrealEngine\Engine\Intermediate\Build\Win64\UnrealFrontend\Development\UnrealFrontend-SessionFrontend.suppressed.exp
  [204/316] Link UnrealFrontend-SlateCore.dll
  [205/316] Link UnrealFrontend-ShaderFormatD3D.dll
  [206/316] Link UnrealFrontend-ScreenShotComparison.dll
    正在创建库 E:\UnrealEngine\Engine\Intermediate\Build\Win64\UnrealFrontend\Development\UnrealFrontend-ScreenShotComparison.suppressed.lib 和对象 E:\UnrealEngine\Engine\Intermediate\Build\Win64\UnrealFrontend\Development\UnrealFrontend-ScreenShotComparison.suppressed.exp
    正在创建库 E:\UnrealEngine\Engine\Intermediate\Build\Win64\UnrealFrontend\Development\UnrealFrontend-ShaderFormatD3D.suppressed.lib 和对象 E:\UnrealEngine\Engine\Intermediate\Build\Win64\UnrealFrontend\Development\UnrealFrontend-ShaderFormatD3D.suppressed.exp
  [207/316] Link UnrealFrontend-Slate.dll
  [208/316] Link UnrealFrontend-AutomationController.dll
    正在创建库 E:\UnrealEngine\Engine\Intermediate\Build\Win64\UnrealFrontend\Development\UnrealFrontend-AutomationController.suppressed.lib 和对象 E:\UnrealEngine\Engine\Intermediate\Build\Win64\UnrealFrontend\Development\UnrealFrontend-AutomationController.suppressed.exp
  [209/316] Link UnrealFrontend-AutomationWindow.dll
    正在创建库 E:\UnrealEngine\Engine\Intermediate\Build\Win64\UnrealFrontend\Development\UnrealFrontend-AutomationWindow.suppressed.lib 和对象 E:\UnrealEngine\Engine\Intermediate\Build\Win64\UnrealFrontend\Development\UnrealFrontend-AutomationWindow.suppressed.exp
    正在创建库 E:\UnrealEngine\Engine\Intermediate\Build\Win64\UnrealFrontend\Development\UnrealFrontend-Slate.suppressed.lib 和对象 E:\UnrealEngine\Engine\Intermediate\Build\Win64\UnrealFrontend\Development\UnrealFrontend-Slate.suppressed.exp
  [210/316] Link UnrealFrontend-ScreenShotComparisonTools.dll
    正在创建库 E:\UnrealEngine\Engine\Intermediate\Build\Win64\UnrealFrontend\Development\UnrealFrontend-ScreenShotComparisonTools.suppressed.lib 和对象 E:\UnrealEngine\Engine\Intermediate\Build\Win64\UnrealFrontend\Development\UnrealFrontend-ScreenShotComparisonTools.suppressed.exp
  [211/316] Link UnrealFrontend-ProjectLauncher.dll
  [212/316] Link UnrealFrontend-Profiler.dll
    正在创建库 E:\UnrealEngine\Engine\Intermediate\Build\Win64\UnrealFrontend\Development\UnrealFrontend-ProjectLauncher.suppressed.lib 和对象 E:\UnrealEngine\Engine\Intermediate\Build\Win64\UnrealFrontend\Development\UnrealFrontend-ProjectLauncher.suppressed.exp
    正在创建库 E:\UnrealEngine\Engine\Intermediate\Build\Win64\UnrealFrontend\Development\UnrealFrontend-Profiler.suppressed.lib 和对象 E:\UnrealEngine\Engine\Intermediate\Build\Win64\UnrealFrontend\Development\UnrealFrontend-Profiler.suppressed.exp
  [213/316] Link UnrealFrontend-SlateReflector.dll
  [214/316] Link UnrealFrontend-LauncherServices.dll
    正在创建库 E:\UnrealEngine\Engine\Intermediate\Build\Win64\UnrealFrontend\Development\UnrealFrontend-SlateReflector.suppressed.lib 和对象 E:\UnrealEngine\Engine\Intermediate\Build\Win64\UnrealFrontend\Development\UnrealFrontend-SlateReflector.suppressed.exp
    正在创建库 E:\UnrealEngine\Engine\Intermediate\Build\Win64\UnrealFrontend\Development\UnrealFrontend-LauncherServices.suppressed.lib 和对象 E:\UnrealEngine\Engine\Intermediate\Build\Win64\UnrealFrontend\Development\UnrealFrontend-LauncherServices.suppressed.exp
  [215/316] Link UnrealFrontend-DeviceManager.dll
  [216/316] Link UnrealFrontend-VulkanShaderFormat.dll
    正在创建库 E:\UnrealEngine\Engine\Intermediate\Build\Win64\UnrealFrontend\Development\UnrealFrontend-DeviceManager.suppressed.lib 和对象 E:\UnrealEngine\Engine\Intermediate\Build\Win64\UnrealFrontend\Development\UnrealFrontend-DeviceManager.suppressed.exp
  [217/316] Link UnrealFrontend-SourceControl.dll
    正在创建库 E:\UnrealEngine\Engine\Intermediate\Build\Win64\UnrealFrontend\Development\UnrealFrontend-SourceControl.suppressed.lib 和对象 E:\UnrealEngine\Engine\Intermediate\Build\Win64\UnrealFrontend\Development\UnrealFrontend-SourceControl.suppressed.exp
  [218/316] Link UnrealFrontend-ImageWrapper.dll
    正在创建库 E:\UnrealEngine\Engine\Intermediate\Build\Win64\UnrealFrontend\Development\UnrealFrontend-SlateCore.suppressed.lib 和对象 E:\UnrealEngine\Engine\Intermediate\Build\Win64\UnrealFrontend\Development\UnrealFrontend-SlateCore.suppressed.exp
  [219/316] Link UnrealFrontend-CoreUObject.dll
    正在创建库 E:\UnrealEngine\Engine\Intermediate\Build\Win64\UnrealFrontend\Development\UnrealFrontend-ImageWrapper.suppressed.lib 和对象 E:\UnrealEngine\Engine\Intermediate\Build\Win64\UnrealFrontend\Development\UnrealFrontend-ImageWrapper.suppressed.exp
  [220/316] Link UnrealFrontend-TcpMessaging.dll
    正在创建库 E:\UnrealEngine\Engine\Plugins\Messaging\TcpMessaging\Intermediate\Build\Win64\UnrealFrontend\Development\UnrealFrontend-TcpMessaging.suppressed.lib 和对象 E:\UnrealEngine\Engine\Plugins\Messaging\TcpMessaging\Intermediate\Build\Win64\UnrealFrontend\Development\UnrealFrontend-TcpMessaging.suppressed.exp
  [221/316] Link UnrealFrontend-UdpMessaging.dll
    正在创建库 E:\UnrealEngine\Engine\Plugins\Messaging\UdpMessaging\Intermediate\Build\Win64\UnrealFrontend\Development\UnrealFrontend-UdpMessaging.suppressed.lib 和对象 E:\UnrealEngine\Engine\Plugins\Messaging\UdpMessaging\Intermediate\Build\Win64\UnrealFrontend\Development\UnrealFrontend-UdpMessaging.suppressed.exp
  [222/316] Link UnrealFrontend-TVOSTargetPlatform.dll
    正在创建库 E:\UnrealEngine\Engine\Intermediate\Build\Win64\UnrealFrontend\Development\IOS\UnrealFrontend-TVOSTargetPlatform.suppressed.lib 和对象 E:\UnrealEngine\Engine\Intermediate\Build\Win64\UnrealFrontend\Development\IOS\UnrealFrontend-TVOSTargetPlatform.suppressed.exp
  [223/316] Link UnrealFrontend-EditorStyle.dll
    正在创建库 E:\UnrealEngine\Engine\Intermediate\Build\Win64\UnrealFrontend\Development\UnrealFrontend-EditorStyle.suppressed.lib 和对象 E:\UnrealEngine\Engine\Intermediate\Build\Win64\UnrealFrontend\Development\UnrealFrontend-EditorStyle.suppressed.exp
  [224/316] Link UnrealFrontend-MessageLog.dll
    正在创建库 E:\UnrealEngine\Engine\Intermediate\Build\Win64\UnrealFrontend\Development\UnrealFrontend-MessageLog.suppressed.lib 和对象 E:\UnrealEngine\Engine\Intermediate\Build\Win64\UnrealFrontend\Development\UnrealFrontend-MessageLog.suppressed.exp
  [225/316] Link UnrealFrontend-IOSTargetPlatform.dll
    正在创建库 E:\UnrealEngine\Engine\Intermediate\Build\Win64\UnrealFrontend\Development\IOS\UnrealFrontend-IOSTargetPlatform.suppressed.lib 和对象 E:\UnrealEngine\Engine\Intermediate\Build\Win64\UnrealFrontend\Development\IOS\UnrealFrontend-IOSTargetPlatform.suppressed.exp
  [226/316] Link UnrealFrontend-ShaderFormatOpenGL.dll
    正在创建库 E:\UnrealEngine\Engine\Intermediate\Build\Win64\UnrealFrontend\Development\UnrealFrontend-ShaderFormatOpenGL.suppressed.lib 和对象 E:\UnrealEngine\Engine\Intermediate\Build\Win64\UnrealFrontend\Development\UnrealFrontend-ShaderFormatOpenGL.suppressed.exp
    正在创建库 E:\UnrealEngine\Engine\Intermediate\Build\Win64\UnrealFrontend\Development\UnrealFrontend-Core.suppressed.lib 和对象 E:\UnrealEngine\Engine\Intermediate\Build\Win64\UnrealFrontend\Development\UnrealFrontend-Core.suppressed.exp
  [227/316] Link UnrealFrontend-AllDesktopTargetPlatform.dll
    正在创建库 E:\UnrealEngine\Engine\Intermediate\Build\Win64\UnrealFrontend\Development\UnrealFrontend-AllDesktopTargetPlatform.suppressed.lib 和对象 E:\UnrealEngine\Engine\Intermediate\Build\Win64\UnrealFrontend\Development\UnrealFrontend-AllDesktopTargetPlatform.suppressed.exp
    正在创建库 E:\UnrealEngine\Engine\Intermediate\Build\Win64\UnrealFrontend\Development\UnrealFrontend-VulkanShaderFormat.suppressed.lib 和对象 E:\UnrealEngine\Engine\Intermediate\Build\Win64\UnrealFrontend\Development\UnrealFrontend-VulkanShaderFormat.suppressed.exp
  [228/316] Link UnrealFrontend-HTTP.dll
  [229/316] Link UnrealFrontend-DesktopWidgets.dll
  [230/316] Link UnrealFrontend-MetalShaderFormat.dll
    正在创建库 E:\UnrealEngine\Engine\Intermediate\Build\Win64\UnrealFrontend\Development\UnrealFrontend-DesktopWidgets.suppressed.lib 和对象 E:\UnrealEngine\Engine\Intermediate\Build\Win64\UnrealFrontend\Development\UnrealFrontend-DesktopWidgets.suppressed.exp
  [231/316] Link UnrealFrontend-SourceCodeAccess.dll
    正在创建库 E:\UnrealEngine\Engine\Intermediate\Build\Win64\UnrealFrontend\Development\UnrealFrontend-CoreUObject.suppressed.lib 和对象 E:\UnrealEngine\Engine\Intermediate\Build\Win64\UnrealFrontend\Development\UnrealFrontend-CoreUObject.suppressed.exp
    正在创建库 E:\UnrealEngine\Engine\Intermediate\Build\Win64\UnrealFrontend\Development\UnrealFrontend-SourceCodeAccess.suppressed.lib 和对象 E:\UnrealEngine\Engine\Intermediate\Build\Win64\UnrealFrontend\Development\UnrealFrontend-SourceCodeAccess.suppressed.exp
    正在创建库 E:\UnrealEngine\Engine\Intermediate\Build\Win64\UnrealFrontend\Development\UnrealFrontend-MetalShaderFormat.suppressed.lib 和对象 E:\UnrealEngine\Engine\Intermediate\Build\Win64\UnrealFrontend\Development\UnrealFrontend-MetalShaderFormat.suppressed.exp
  [232/316] Link UnrealFrontend-AndroidTargetPlatform.dll
  [233/316] Link UnrealFrontend-TargetDeviceServices.dll
    正在创建库 E:\UnrealEngine\Engine\Intermediate\Build\Win64\UnrealFrontend\Development\Android\UnrealFrontend-AndroidTargetPlatform.suppressed.lib 和对象 E:\UnrealEngine\Engine\Intermediate\Build\Win64\UnrealFrontend\Development\Android\UnrealFrontend-AndroidTargetPlatform.suppressed.exp
    正在创建库 E:\UnrealEngine\Engine\Intermediate\Build\Win64\UnrealFrontend\Development\UnrealFrontend-TargetDeviceServices.suppressed.lib 和对象 E:\UnrealEngine\Engine\Intermediate\Build\Win64\UnrealFrontend\Development\UnrealFrontend-TargetDeviceServices.suppressed.exp
  [234/316] Link UnrealFrontend-MacTargetPlatform.dll
  [235/316] Link UnrealFrontend-WindowsTargetPlatform.dll
    正在创建库 E:\UnrealEngine\Engine\Intermediate\Build\Win64\UnrealFrontend\Development\UnrealFrontend-WindowsTargetPlatform.suppressed.lib 和对象 E:\UnrealEngine\Engine\Intermediate\Build\Win64\UnrealFrontend\Development\UnrealFrontend-WindowsTargetPlatform.suppressed.exp
    正在创建库 E:\UnrealEngine\Engine\Intermediate\Build\Win64\UnrealFrontend\Development\UnrealFrontend-MacTargetPlatform.suppressed.lib 和对象 E:\UnrealEngine\Engine\Intermediate\Build\Win64\UnrealFrontend\Development\UnrealFrontend-MacTargetPlatform.suppressed.exp
  [236/316] Link UnrealFrontend-HTML5TargetPlatform.dll
  [237/316] Link UnrealFrontend-TextureFormatASTC.dll
    正在创建库 E:\UnrealEngine\Engine\Intermediate\Build\Win64\UnrealFrontend\Development\HTML5\UnrealFrontend-HTML5TargetPlatform.suppressed.lib 和对象 E:\UnrealEngine\Engine\Intermediate\Build\Win64\UnrealFrontend\Development\HTML5\UnrealFrontend-HTML5TargetPlatform.suppressed.exp
    正在创建库 E:\UnrealEngine\Engine\Intermediate\Build\Win64\UnrealFrontend\Development\UnrealFrontend-TextureFormatASTC.suppressed.lib 和对象 E:\UnrealEngine\Engine\Intermediate\Build\Win64\UnrealFrontend\Development\UnrealFrontend-TextureFormatASTC.suppressed.exp
  [238/316] Link UnrealFrontend-SessionServices.dll
  [239/316] Link UnrealFrontend-Android_PVRTCTargetPlatform.dll
    正在创建库 E:\UnrealEngine\Engine\Intermediate\Build\Win64\UnrealFrontend\Development\UnrealFrontend-SessionServices.suppressed.lib 和对象 E:\UnrealEngine\Engine\Intermediate\Build\Win64\UnrealFrontend\Development\UnrealFrontend-SessionServices.suppressed.exp
  [240/316] Link UnrealFrontend-Serialization.dll
    正在创建库 E:\UnrealEngine\Engine\Intermediate\Build\Win64\UnrealFrontend\Development\Android\UnrealFrontend-Android_PVRTCTargetPlatform.suppressed.lib 和对象 E:\UnrealEngine\Engine\Intermediate\Build\Win64\UnrealFrontend\Development\Android\UnrealFrontend-Android_PVRTCTargetPlatform.suppressed.exp
    正在创建库 E:\UnrealEngine\Engine\Intermediate\Build\Win64\UnrealFrontend\Development\UnrealFrontend-Serialization.suppressed.lib 和对象 E:\UnrealEngine\Engine\Intermediate\Build\Win64\UnrealFrontend\Development\UnrealFrontend-Serialization.suppressed.exp
  [241/316] Link UnrealFrontend-Android_MultiTargetPlatform.dll
  [242/316] Link UnrealFrontend-Android_ATCTargetPlatform.dll
    正在创建库 E:\UnrealEngine\Engine\Intermediate\Build\Win64\UnrealFrontend\Development\Android\UnrealFrontend-Android_MultiTargetPlatform.suppressed.lib 和对象 E:\UnrealEngine\Engine\Intermediate\Build\Win64\UnrealFrontend\Development\Android\UnrealFrontend-Android_MultiTargetPlatform.suppressed.exp
  [243/316] Link UnrealFrontend-TextureFormatIntelISPCTexComp.dll
    正在创建库 E:\UnrealEngine\Engine\Intermediate\Build\Win64\UnrealFrontend\Development\Android\UnrealFrontend-Android_ATCTargetPlatform.suppressed.lib 和对象 E:\UnrealEngine\Engine\Intermediate\Build\Win64\UnrealFrontend\Development\Android\UnrealFrontend-Android_ATCTargetPlatform.suppressed.exp
  [244/316] Link UnrealFrontend-Android_DXTTargetPlatform.dll
    正在创建库 E:\UnrealEngine\Engine\Intermediate\Build\Win64\UnrealFrontend\Development\UnrealFrontend-TextureFormatIntelISPCTexComp.suppressed.lib 和对象 E:\UnrealEngine\Engine\Intermediate\Build\Win64\UnrealFrontend\Development\UnrealFrontend-TextureFormatIntelISPCTexComp.suppressed.exp
  [245/316] Link UnrealFrontend-Android_ETC1TargetPlatform.dll
    正在创建库 E:\UnrealEngine\Engine\Intermediate\Build\Win64\UnrealFrontend\Development\Android\UnrealFrontend-Android_DXTTargetPlatform.suppressed.lib 和对象 E:\UnrealEngine\Engine\Intermediate\Build\Win64\UnrealFrontend\Development\Android\UnrealFrontend-Android_DXTTargetPlatform.suppressed.exp
    正在创建库 E:\UnrealEngine\Engine\Intermediate\Build\Win64\UnrealFrontend\Development\Android\UnrealFrontend-Android_ETC1TargetPlatform.suppressed.lib 和对象 E:\UnrealEngine\Engine\Intermediate\Build\Win64\UnrealFrontend\Development\Android\UnrealFrontend-Android_ETC1TargetPlatform.suppressed.exp
  [246/316] Link UnrealFrontend-AssetRegistry.dll
  [247/316] Link UnrealFrontend-Android_ETC2TargetPlatform.dll
    正在创建库 E:\UnrealEngine\Engine\Intermediate\Build\Win64\UnrealFrontend\Development\UnrealFrontend-AssetRegistry.suppressed.lib 和对象 E:\UnrealEngine\Engine\Intermediate\Build\Win64\UnrealFrontend\Development\UnrealFrontend-AssetRegistry.suppressed.exp
  [248/316] Link UnrealFrontend-JsonUtilities.dll
    正在创建库 E:\UnrealEngine\Engine\Intermediate\Build\Win64\UnrealFrontend\Development\Android\UnrealFrontend-Android_ETC2TargetPlatform.suppressed.lib 和对象 E:\UnrealEngine\Engine\Intermediate\Build\Win64\UnrealFrontend\Development\Android\UnrealFrontend-Android_ETC2TargetPlatform.suppressed.exp
    正在创建库 E:\UnrealEngine\Engine\Intermediate\Build\Win64\UnrealFrontend\Development\UnrealFrontend-JsonUtilities.suppressed.lib 和对象 E:\UnrealEngine\Engine\Intermediate\Build\Win64\UnrealFrontend\Development\UnrealFrontend-JsonUtilities.suppressed.exp
  [249/316] Link UnrealFrontend-TextureFormatDXT.dll
  [250/316] Link UnrealFrontend-Android_ASTCTargetPlatform.dll
  [251/316] Link UnrealFrontend-VisualStudioSourceCodeAccess.dll
    正在创建库 E:\UnrealEngine\Engine\Intermediate\Build\Win64\UnrealFrontend\Development\UnrealFrontend-TextureFormatDXT.suppressed.lib 和对象 E:\UnrealEngine\Engine\Intermediate\Build\Win64\UnrealFrontend\Development\UnrealFrontend-TextureFormatDXT.suppressed.exp
    正在创建库 E:\UnrealEngine\Engine\Intermediate\Build\Win64\UnrealFrontend\Development\Android\UnrealFrontend-Android_ASTCTargetPlatform.suppressed.lib 和对象 E:\UnrealEngine\Engine\Intermediate\Build\Win64\UnrealFrontend\Development\Android\UnrealFrontend-Android_ASTCTargetPlatform.suppressed.exp
  [252/316] Link UnrealFrontend-EngineMessages.dll
  [253/316] Link UnrealFrontend-LaunchDaemonMessages.dll
    正在创建库 E:\UnrealEngine\Engine\Plugins\Developer\VisualStudioSourceCodeAccess\Intermediate\Build\Win64\UnrealFrontend\Development\UnrealFrontend-VisualStudioSourceCodeAccess.suppressed.lib 和对象 E:\UnrealEngine\Engine\Plugins\Developer\VisualStudioSourceCodeAccess\Intermediate\Build\Win64\UnrealFrontend\Development\UnrealFrontend-VisualStudioSourceCodeAccess.suppressed.exp
    正在创建库 E:\UnrealEngine\Engine\Intermediate\Build\Win64\UnrealFrontend\Development\UnrealFrontend-EngineMessages.suppressed.lib 和对象 E:\UnrealEngine\Engine\Intermediate\Build\Win64\UnrealFrontend\Development\UnrealFrontend-EngineMessages.suppressed.exp
    正在创建库 E:\UnrealEngine\Engine\Intermediate\Build\Win64\UnrealFrontend\Development\UnrealFrontend-LaunchDaemonMessages.suppressed.lib 和对象 E:\UnrealEngine\Engine\Intermediate\Build\Win64\UnrealFrontend\Development\UnrealFrontend-LaunchDaemonMessages.suppressed.exp
  [254/316] Link UnrealFrontend-ProfilerMessages.dll
  [255/316] Link UnrealFrontend-MacServerTargetPlatform.dll
    正在创建库 E:\UnrealEngine\Engine\Intermediate\Build\Win64\UnrealFrontend\Development\UnrealFrontend-ProfilerMessages.suppressed.lib 和对象 E:\UnrealEngine\Engine\Intermediate\Build\Win64\UnrealFrontend\Development\UnrealFrontend-ProfilerMessages.suppressed.exp
    正在创建库 E:\UnrealEngine\Engine\Intermediate\Build\Win64\UnrealFrontend\Development\UnrealFrontend-MacServerTargetPlatform.suppressed.lib 和对象 E:\UnrealEngine\Engine\Intermediate\Build\Win64\UnrealFrontend\Development\UnrealFrontend-MacServerTargetPlatform.suppressed.exp
  [256/316] Link UnrealFrontend-SSL.dll
  [257/316] Link UnrealFrontend-MacClientTargetPlatform.dll
  [258/316] Link UnrealFrontend-ShaderCore.dll
    正在创建库 E:\UnrealEngine\Engine\Intermediate\Build\Win64\UnrealFrontend\Development\UnrealFrontend-MacClientTargetPlatform.suppressed.lib 和对象 E:\UnrealEngine\Engine\Intermediate\Build\Win64\UnrealFrontend\Development\UnrealFrontend-MacClientTargetPlatform.suppressed.exp
    正在创建库 E:\UnrealEngine\Engine\Intermediate\Build\Win64\UnrealFrontend\Development\UnrealFrontend-ShaderCore.suppressed.lib 和对象 E:\UnrealEngine\Engine\Intermediate\Build\Win64\UnrealFrontend\Development\UnrealFrontend-ShaderCore.suppressed.exp
  [259/316] Link UnrealFrontend-ShaderPreprocessor.dll
  [260/316] Link UnrealFrontend-WindowsNoEditorTargetPlatform.dll
    正在创建库 E:\UnrealEngine\Engine\Intermediate\Build\Win64\UnrealFrontend\Development\UnrealFrontend-WindowsNoEditorTargetPlatform.suppressed.lib 和对象 E:\UnrealEngine\Engine\Intermediate\Build\Win64\UnrealFrontend\Development\UnrealFrontend-WindowsNoEditorTargetPlatform.suppressed.exp
    正在创建库 E:\UnrealEngine\Engine\Intermediate\Build\Win64\UnrealFrontend\Development\UnrealFrontend-ShaderPreprocessor.suppressed.lib 和对象 E:\UnrealEngine\Engine\Intermediate\Build\Win64\UnrealFrontend\Development\UnrealFrontend-ShaderPreprocessor.suppressed.exp
  [261/316] Link UnrealFrontend-SessionMessages.dll
  [262/316] Link UnrealFrontend-ProfilerClient.dll
    正在创建库 E:\UnrealEngine\Engine\Intermediate\Build\Win64\UnrealFrontend\Development\UnrealFrontend-SessionMessages.suppressed.lib 和对象 E:\UnrealEngine\Engine\Intermediate\Build\Win64\UnrealFrontend\Development\UnrealFrontend-SessionMessages.suppressed.exp
    正在创建库 E:\UnrealEngine\Engine\Intermediate\Build\Win64\UnrealFrontend\Development\UnrealFrontend-ProfilerClient.suppressed.lib 和对象 E:\UnrealEngine\Engine\Intermediate\Build\Win64\UnrealFrontend\Development\UnrealFrontend-ProfilerClient.suppressed.exp
  [263/316] Link UnrealFrontend-MacNoEditorTargetPlatform.dll
  [264/316] Link UnrealFrontend-WorkspaceMenuStructure.dll
    正在创建库 E:\UnrealEngine\Engine\Intermediate\Build\Win64\UnrealFrontend\Development\UnrealFrontend-MacNoEditorTargetPlatform.suppressed.lib 和对象 E:\UnrealEngine\Engine\Intermediate\Build\Win64\UnrealFrontend\Development\UnrealFrontend-MacNoEditorTargetPlatform.suppressed.exp
    正在创建库 E:\UnrealEngine\Engine\Intermediate\Build\Win64\UnrealFrontend\Development\UnrealFrontend-WorkspaceMenuStructure.suppressed.lib 和对象 E:\UnrealEngine\Engine\Intermediate\Build\Win64\UnrealFrontend\Development\UnrealFrontend-WorkspaceMenuStructure.suppressed.exp
  [265/316] Link UnrealFrontend-TargetPlatform.dll
  [266/316] Link UnrealFrontend-InputCore.dll
    正在创建库 E:\UnrealEngine\Engine\Intermediate\Build\Win64\UnrealFrontend\Development\UnrealFrontend-TargetPlatform.suppressed.lib 和对象 E:\UnrealEngine\Engine\Intermediate\Build\Win64\UnrealFrontend\Development\UnrealFrontend-TargetPlatform.suppressed.exp
  [267/316] Link UnrealFrontend-AutomationMessages.dll
    正在创建库 E:\UnrealEngine\Engine\Intermediate\Build\Win64\UnrealFrontend\Development\UnrealFrontend-InputCore.suppressed.lib 和对象 E:\UnrealEngine\Engine\Intermediate\Build\Win64\UnrealFrontend\Development\UnrealFrontend-InputCore.suppressed.exp
    正在创建库 E:\UnrealEngine\Engine\Intermediate\Build\Win64\UnrealFrontend\Development\UnrealFrontend-AutomationMessages.suppressed.lib 和对象 E:\UnrealEngine\Engine\Intermediate\Build\Win64\UnrealFrontend\Development\UnrealFrontend-AutomationMessages.suppressed.exp
  [268/316] Link UnrealFrontend-WindowsServerTargetPlatform.dll
  [269/316] Link UnrealFrontend-UnrealEdMessages.dll
    正在创建库 E:\UnrealEngine\Engine\Intermediate\Build\Win64\UnrealFrontend\Development\UnrealFrontend-WindowsServerTargetPlatform.suppressed.lib 和对象 E:\UnrealEngine\Engine\Intermediate\Build\Win64\UnrealFrontend\Development\UnrealFrontend-WindowsServerTargetPlatform.suppressed.exp
    正在创建库 E:\UnrealEngine\Engine\Intermediate\Build\Win64\UnrealFrontend\Development\UnrealFrontend-UnrealEdMessages.suppressed.lib 和对象 E:\UnrealEngine\Engine\Intermediate\Build\Win64\UnrealFrontend\Development\UnrealFrontend-UnrealEdMessages.suppressed.exp
  [270/316] Link UnrealFrontend-WindowsClientTargetPlatform.dll
  [271/316] Link UnrealFrontend-TextureFormatPVR.dll
    正在创建库 E:\UnrealEngine\Engine\Intermediate\Build\Win64\UnrealFrontend\Development\UnrealFrontend-WindowsClientTargetPlatform.suppressed.lib 和对象 E:\UnrealEngine\Engine\Intermediate\Build\Win64\UnrealFrontend\Development\UnrealFrontend-WindowsClientTargetPlatform.suppressed.exp
    正在创建库 E:\UnrealEngine\Engine\Intermediate\Build\Win64\UnrealFrontend\Development\UnrealFrontend-TextureFormatPVR.suppressed.lib 和对象 E:\UnrealEngine\Engine\Intermediate\Build\Win64\UnrealFrontend\Development\UnrealFrontend-TextureFormatPVR.suppressed.exp
  [272/316] Link UnrealFrontend-RenderCore.dll
  [273/316] Link UnrealFrontend-ShaderCompilerCommon.dll
    正在创建库 E:\UnrealEngine\Engine\Intermediate\Build\Win64\UnrealFrontend\Development\UnrealFrontend-RenderCore.suppressed.lib 和对象 E:\UnrealEngine\Engine\Intermediate\Build\Win64\UnrealFrontend\Development\UnrealFrontend-RenderCore.suppressed.exp
    正在创建库 E:\UnrealEngine\Engine\Intermediate\Build\Win64\UnrealFrontend\Development\UnrealFrontend-ShaderCompilerCommon.suppressed.lib 和对象 E:\UnrealEngine\Engine\Intermediate\Build\Win64\UnrealFrontend\Development\UnrealFrontend-ShaderCompilerCommon.suppressed.exp
  [274/316] Link UnrealFrontend-Networking.dll
    正在创建库 E:\UnrealEngine\Engine\Intermediate\Build\Win64\UnrealFrontend\Development\UnrealFrontend-Networking.suppressed.lib 和对象 E:\UnrealEngine\Engine\Intermediate\Build\Win64\UnrealFrontend\Development\UnrealFrontend-Networking.suppressed.exp
  [275/316] Link UnrealFrontend-DesktopPlatform.dll
  [276/316] Link UnrealFrontend-Projects.dll
    正在创建库 E:\UnrealEngine\Engine\Intermediate\Build\Win64\UnrealFrontend\Development\UnrealFrontend-DesktopPlatform.suppressed.lib 和对象 E:\UnrealEngine\Engine\Intermediate\Build\Win64\UnrealFrontend\Development\UnrealFrontend-DesktopPlatform.suppressed.exp
  [277/316] Link UnrealFrontend-TextureFormatUncompressed.dll
    正在创建库 E:\UnrealEngine\Engine\Intermediate\Build\Win64\UnrealFrontend\Development\UnrealFrontend-TextureFormatUncompressed.suppressed.lib 和对象 E:\UnrealEngine\Engine\Intermediate\Build\Win64\UnrealFrontend\Development\UnrealFrontend-TextureFormatUncompressed.suppressed.exp
    正在创建库 E:\UnrealEngine\Engine\Intermediate\Build\Win64\UnrealFrontend\Development\UnrealFrontend-Projects.suppressed.lib 和对象 E:\UnrealEngine\Engine\Intermediate\Build\Win64\UnrealFrontend\Development\UnrealFrontend-Projects.suppressed.exp
  [278/316] Link UnrealFrontend-Settings.dll
  [279/316] Link UnrealFrontend-Sockets.dll
    正在创建库 E:\UnrealEngine\Engine\Intermediate\Build\Win64\UnrealFrontend\Development\UnrealFrontend-Settings.suppressed.lib 和对象 E:\UnrealEngine\Engine\Intermediate\Build\Win64\UnrealFrontend\Development\UnrealFrontend-Settings.suppressed.exp
    正在创建库 E:\UnrealEngine\Engine\Intermediate\Build\Win64\UnrealFrontend\Development\UnrealFrontend-Sockets.suppressed.lib 和对象 E:\UnrealEngine\Engine\Intermediate\Build\Win64\UnrealFrontend\Development\UnrealFrontend-Sockets.suppressed.exp
  [280/316] Link UnrealFrontend-Messaging.dll
  [281/316] Link UnrealFrontend-Json.dll
    正在创建库 E:\UnrealEngine\Engine\Intermediate\Build\Win64\UnrealFrontend\Development\UnrealFrontend-HTTP.suppressed.lib 和对象 E:\UnrealEngine\Engine\Intermediate\Build\Win64\UnrealFrontend\Development\UnrealFrontend-HTTP.suppressed.exp
    正在创建库 E:\UnrealEngine\Engine\Intermediate\Build\Win64\UnrealFrontend\Development\UnrealFrontend-Messaging.suppressed.lib 和对象 E:\UnrealEngine\Engine\Intermediate\Build\Win64\UnrealFrontend\Development\UnrealFrontend-Messaging.suppressed.exp
    正在创建库 E:\UnrealEngine\Engine\Intermediate\Build\Win64\UnrealFrontend\Development\UnrealFrontend-SSL.suppressed.lib 和对象 E:\UnrealEngine\Engine\Intermediate\Build\Win64\UnrealFrontend\Development\UnrealFrontend-SSL.suppressed.exp
  [282/316] Link UnrealFrontend-AndroidDeviceDetection.dll
  [283/316] Link UnrealFrontend-ImageCore.dll
  [284/316] Link UnrealFrontend-SandboxFile.dll
    正在创建库 E:\UnrealEngine\Engine\Intermediate\Build\Win64\UnrealFrontend\Development\UnrealFrontend-Json.suppressed.lib 和对象 E:\UnrealEngine\Engine\Intermediate\Build\Win64\UnrealFrontend\Development\UnrealFrontend-Json.suppressed.exp
    正在创建库 E:\UnrealEngine\Engine\Intermediate\Build\Win64\UnrealFrontend\Development\Android\UnrealFrontend-AndroidDeviceDetection.suppressed.lib 和对象 E:\UnrealEngine\Engine\Intermediate\Build\Win64\UnrealFrontend\Development\Android\UnrealFrontend-AndroidDeviceDetection.suppressed.exp
    正在创建库 E:\UnrealEngine\Engine\Intermediate\Build\Win64\UnrealFrontend\Development\UnrealFrontend-SandboxFile.suppressed.lib 和对象 E:\UnrealEngine\Engine\Intermediate\Build\Win64\UnrealFrontend\Development\UnrealFrontend-SandboxFile.suppressed.exp
    正在创建库 E:\UnrealEngine\Engine\Intermediate\Build\Win64\UnrealFrontend\Development\UnrealFrontend-ImageCore.suppressed.lib 和对象 E:\UnrealEngine\Engine\Intermediate\Build\Win64\UnrealFrontend\Development\UnrealFrontend-ImageCore.suppressed.exp
  [285/316] Link UnrealFrontend-DirectoryWatcher.dll
  [286/316] Link UnrealFrontend-RHI.dll
  [287/316] Link UnrealFrontend-LauncherPlatform.dll
    正在创建库 E:\UnrealEngine\Engine\Intermediate\Build\Win64\UnrealFrontend\Development\UnrealFrontend-DirectoryWatcher.suppressed.lib 和对象 E:\UnrealEngine\Engine\Intermediate\Build\Win64\UnrealFrontend\Development\UnrealFrontend-DirectoryWatcher.suppressed.exp
  [288/316] Link UnrealFrontend-MacTargetPlatform.lib
    正在创建库 E:\UnrealEngine\Engine\Intermediate\Build\Win64\UnrealFrontend\Development\UnrealFrontend-RHI.suppressed.lib 和对象 E:\UnrealEngine\Engine\Intermediate\Build\Win64\UnrealFrontend\Development\UnrealFrontend-RHI.suppressed.exp
    正在创建库 E:\UnrealEngine\Engine\Intermediate\Build\Win64\UnrealFrontend\Development\UnrealFrontend-LauncherPlatform.suppressed.lib 和对象 E:\UnrealEngine\Engine\Intermediate\Build\Win64\UnrealFrontend\Development\UnrealFrontend-LauncherPlatform.suppressed.exp
  [289/316] Link UnrealFrontend-SlateReflector.lib
  [290/316] Link UnrealFrontend-WindowsTargetPlatform.lib
  [291/316] Link UnrealFrontend-MacServerTargetPlatform.lib
    正在创建库 E:\UnrealEngine\Engine\Intermediate\Build\Win64\UnrealFrontend\Development\UnrealFrontend-MacTargetPlatform.lib 和对象 E:\UnrealEngine\Engine\Intermediate\Build\Win64\UnrealFrontend\Development\UnrealFrontend-MacTargetPlatform.exp
  [292/316] Link UnrealFrontend-HTML5TargetPlatform.lib
    正在创建库 E:\UnrealEngine\Engine\Intermediate\Build\Win64\UnrealFrontend\Development\UnrealFrontend-SlateReflector.lib 和对象 E:\UnrealEngine\Engine\Intermediate\Build\Win64\UnrealFrontend\Development\UnrealFrontend-SlateReflector.exp
  [293/316] Link UnrealFrontend-MacClientTargetPlatform.lib
    正在创建库 E:\UnrealEngine\Engine\Intermediate\Build\Win64\UnrealFrontend\Development\UnrealFrontend-WindowsTargetPlatform.lib 和对象 E:\UnrealEngine\Engine\Intermediate\Build\Win64\UnrealFrontend\Development\UnrealFrontend-WindowsTargetPlatform.exp
    正在创建库 E:\UnrealEngine\Engine\Intermediate\Build\Win64\UnrealFrontend\Development\UnrealFrontend-MacServerTargetPlatform.lib 和对象 E:\UnrealEngine\Engine\Intermediate\Build\Win64\UnrealFrontend\Development\UnrealFrontend-MacServerTargetPlatform.exp
  [294/316] Link UnrealFrontend-MacNoEditorTargetPlatform.lib
  [295/316] Link UnrealFrontend-WindowsClientTargetPlatform.lib
    正在创建库 E:\UnrealEngine\Engine\Intermediate\Build\Win64\UnrealFrontend\Development\HTML5\UnrealFrontend-HTML5TargetPlatform.lib 和对象 E:\UnrealEngine\Engine\Intermediate\Build\Win64\UnrealFrontend\Development\HTML5\UnrealFrontend-HTML5TargetPlatform.exp
  [296/316] Link UnrealFrontend-ShaderFormatOpenGL.lib
    正在创建库 E:\UnrealEngine\Engine\Intermediate\Build\Win64\UnrealFrontend\Development\UnrealFrontend-MacClientTargetPlatform.lib 和对象 E:\UnrealEngine\Engine\Intermediate\Build\Win64\UnrealFrontend\Development\UnrealFrontend-MacClientTargetPlatform.exp
  [297/316] Link UnrealFrontend-AllDesktopTargetPlatform.lib
    正在创建库 E:\UnrealEngine\Engine\Intermediate\Build\Win64\UnrealFrontend\Development\UnrealFrontend-MacNoEditorTargetPlatform.lib 和对象 E:\UnrealEngine\Engine\Intermediate\Build\Win64\UnrealFrontend\Development\UnrealFrontend-MacNoEditorTargetPlatform.exp
  [298/316] Link UnrealFrontend-Android_ASTCTargetPlatform.lib
    正在创建库 E:\UnrealEngine\Engine\Intermediate\Build\Win64\UnrealFrontend\Development\UnrealFrontend-WindowsClientTargetPlatform.lib 和对象 E:\UnrealEngine\Engine\Intermediate\Build\Win64\UnrealFrontend\Development\UnrealFrontend-WindowsClientTargetPlatform.exp
  [299/316] Link UnrealFrontend-VulkanShaderFormat.lib
    正在创建库 E:\UnrealEngine\Engine\Intermediate\Build\Win64\UnrealFrontend\Development\UnrealFrontend-ShaderFormatOpenGL.lib 和对象 E:\UnrealEngine\Engine\Intermediate\Build\Win64\UnrealFrontend\Development\UnrealFrontend-ShaderFormatOpenGL.exp
  [300/316] Link UnrealFrontend-WindowsServerTargetPlatform.lib
    正在创建库 E:\UnrealEngine\Engine\Intermediate\Build\Win64\UnrealFrontend\Development\UnrealFrontend-AllDesktopTargetPlatform.lib 和对象 E:\UnrealEngine\Engine\Intermediate\Build\Win64\UnrealFrontend\Development\UnrealFrontend-AllDesktopTargetPlatform.exp
  [301/316] Link UnrealFrontend-Android_ETC2TargetPlatform.lib
    正在创建库 E:\UnrealEngine\Engine\Intermediate\Build\Win64\UnrealFrontend\Development\Android\UnrealFrontend-Android_ASTCTargetPlatform.lib 和对象 E:\UnrealEngine\Engine\Intermediate\Build\Win64\UnrealFrontend\Development\Android\UnrealFrontend-Android_ASTCTargetPlatform.exp
  [302/316] Link UnrealFrontend-Android_DXTTargetPlatform.lib
    正在创建库 E:\UnrealEngine\Engine\Intermediate\Build\Win64\UnrealFrontend\Development\UnrealFrontend-VulkanShaderFormat.lib 和对象 E:\UnrealEngine\Engine\Intermediate\Build\Win64\UnrealFrontend\Development\UnrealFrontend-VulkanShaderFormat.exp
  [303/316] Link UnrealFrontend-Android_ATCTargetPlatform.lib
    正在创建库 E:\UnrealEngine\Engine\Intermediate\Build\Win64\UnrealFrontend\Development\UnrealFrontend-WindowsServerTargetPlatform.lib 和对象 E:\UnrealEngine\Engine\Intermediate\Build\Win64\UnrealFrontend\Development\UnrealFrontend-WindowsServerTargetPlatform.exp
  [304/316] Link UnrealFrontend-Android_PVRTCTargetPlatform.lib
    正在创建库 E:\UnrealEngine\Engine\Intermediate\Build\Win64\UnrealFrontend\Development\Android\UnrealFrontend-Android_ETC2TargetPlatform.lib 和对象 E:\UnrealEngine\Engine\Intermediate\Build\Win64\UnrealFrontend\Development\Android\UnrealFrontend-Android_ETC2TargetPlatform.exp
  [305/316] Link UnrealFrontend-TVOSTargetPlatform.lib
    正在创建库 E:\UnrealEngine\Engine\Intermediate\Build\Win64\UnrealFrontend\Development\Android\UnrealFrontend-Android_DXTTargetPlatform.lib 和对象 E:\UnrealEngine\Engine\Intermediate\Build\Win64\UnrealFrontend\Development\Android\UnrealFrontend-Android_DXTTargetPlatform.exp
  [306/316] Link UnrealFrontend-AndroidTargetPlatform.lib
    正在创建库 E:\UnrealEngine\Engine\Intermediate\Build\Win64\UnrealFrontend\Development\Android\UnrealFrontend-Android_ATCTargetPlatform.lib 和对象 E:\UnrealEngine\Engine\Intermediate\Build\Win64\UnrealFrontend\Development\Android\UnrealFrontend-Android_ATCTargetPlatform.exp
  [307/316] Link UnrealFrontend-WindowsNoEditorTargetPlatform.lib
    正在创建库 E:\UnrealEngine\Engine\Intermediate\Build\Win64\UnrealFrontend\Development\Android\UnrealFrontend-Android_PVRTCTargetPlatform.lib 和对象 E:\UnrealEngine\Engine\Intermediate\Build\Win64\UnrealFrontend\Development\Android\UnrealFrontend-Android_PVRTCTargetPlatform.exp
  [308/316] Link UnrealFrontend-TextureFormatUncompressed.lib
    正在创建库 E:\UnrealEngine\Engine\Intermediate\Build\Win64\UnrealFrontend\Development\IOS\UnrealFrontend-TVOSTargetPlatform.lib 和对象 E:\UnrealEngine\Engine\Intermediate\Build\Win64\UnrealFrontend\Development\IOS\UnrealFrontend-TVOSTargetPlatform.exp
  [309/316] Link UnrealFrontend-TextureFormatASTC.lib
    正在创建库 E:\UnrealEngine\Engine\Intermediate\Build\Win64\UnrealFrontend\Development\Android\UnrealFrontend-AndroidTargetPlatform.lib 和对象 E:\UnrealEngine\Engine\Intermediate\Build\Win64\UnrealFrontend\Development\Android\UnrealFrontend-AndroidTargetPlatform.exp
  [310/316] Link UnrealFrontend-Android_MultiTargetPlatform.lib
    正在创建库 E:\UnrealEngine\Engine\Intermediate\Build\Win64\UnrealFrontend\Development\UnrealFrontend-WindowsNoEditorTargetPlatform.lib 和对象 E:\UnrealEngine\Engine\Intermediate\Build\Win64\UnrealFrontend\Development\UnrealFrontend-WindowsNoEditorTargetPlatform.exp
  [311/316] Link UnrealFrontend-TextureFormatPVR.lib
    正在创建库 E:\UnrealEngine\Engine\Intermediate\Build\Win64\UnrealFrontend\Development\UnrealFrontend-TextureFormatUncompressed.lib 和对象 E:\UnrealEngine\Engine\Intermediate\Build\Win64\UnrealFrontend\Development\UnrealFrontend-TextureFormatUncompressed.exp
    正在创建库 E:\UnrealEngine\Engine\Intermediate\Build\Win64\UnrealFrontend\Development\UnrealFrontend-TextureFormatASTC.lib 和对象 E:\UnrealEngine\Engine\Intermediate\Build\Win64\UnrealFrontend\Development\UnrealFrontend-TextureFormatASTC.exp
  [312/316] Link UnrealFrontend-TextureFormatDXT.lib
    正在创建库 E:\UnrealEngine\Engine\Intermediate\Build\Win64\UnrealFrontend\Development\Android\UnrealFrontend-Android_MultiTargetPlatform.lib 和对象 E:\UnrealEngine\Engine\Intermediate\Build\Win64\UnrealFrontend\Development\Android\UnrealFrontend-Android_MultiTargetPlatform.exp
  [313/316] Link UnrealFrontend-MetalShaderFormat.lib
  [314/316] Link UnrealFrontend-ShaderFormatD3D.lib
    正在创建库 E:\UnrealEngine\Engine\Intermediate\Build\Win64\UnrealFrontend\Development\UnrealFrontend-TextureFormatPVR.lib 和对象 E:\UnrealEngine\Engine\Intermediate\Build\Win64\UnrealFrontend\Development\UnrealFrontend-TextureFormatPVR.exp
  [315/316] Link UnrealFrontend-Android_ETC1TargetPlatform.lib
    正在创建库 E:\UnrealEngine\Engine\Intermediate\Build\Win64\UnrealFrontend\Development\UnrealFrontend-TextureFormatDXT.lib 和对象 E:\UnrealEngine\Engine\Intermediate\Build\Win64\UnrealFrontend\Development\UnrealFrontend-TextureFormatDXT.exp
    正在创建库 E:\UnrealEngine\Engine\Intermediate\Build\Win64\UnrealFrontend\Development\UnrealFrontend-MetalShaderFormat.lib 和对象 E:\UnrealEngine\Engine\Intermediate\Build\Win64\UnrealFrontend\Development\UnrealFrontend-MetalShaderFormat.exp
  [316/316] Link UnrealFrontend.lib
    正在创建库 E:\UnrealEngine\Engine\Intermediate\Build\Win64\UnrealFrontend\Development\UnrealFrontend-ShaderFormatD3D.lib 和对象 E:\UnrealEngine\Engine\Intermediate\Build\Win64\UnrealFrontend\Development\UnrealFrontend-ShaderFormatD3D.exp
    正在创建库 E:\UnrealEngine\Engine\Intermediate\Build\Win64\UnrealFrontend\Development\Android\UnrealFrontend-Android_ETC1TargetPlatform.lib 和对象 E:\UnrealEngine\Engine\Intermediate\Build\Win64\UnrealFrontend\Development\Android\UnrealFrontend-Android_ETC1TargetPlatform.exp
    正在创建库 E:\UnrealEngine\Engine\Intermediate\Build\Win64\UnrealFrontend\Development\UnrealFrontend.lib 和对象 E:\UnrealEngine\Engine\Intermediate\Build\Win64\UnrealFrontend\Development\UnrealFrontend.exp
  Deploying UnrealFrontend Win64 Development...
  Total build time: 655.21 seconds (Local executor: 619.28 seconds)
